<?xml version="1.0" encoding="UTF-8"?>
<coverage generated="1707135175237" clover="3.2.0">
  <project timestamp="1707135175237" name="All files">
    <metrics statements="659" coveredstatements="659" conditionals="187" coveredconditionals="187" methods="131" coveredmethods="131" elements="977" coveredelements="977" complexity="0" loc="659" ncloc="659" packages="1" files="1" classes="1"/>
    <file name="main.js" path="C:\Users\Gabriele\Desktop\coding_shit\uni projects\iSpesa\Codice_iSpesa\main.js">
      <metrics statements="659" coveredstatements="659" conditionals="187" coveredconditionals="187" methods="131" coveredmethods="131"/>
      <line num="1" count="9" type="stmt"/>
      <line num="2" count="9" type="stmt"/>
      <line num="3" count="9" type="stmt"/>
      <line num="4" count="9" type="stmt"/>
      <line num="5" count="9" type="stmt"/>
      <line num="6" count="9" type="stmt"/>
      <line num="7" count="9" type="stmt"/>
      <line num="8" count="9" type="stmt"/>
      <line num="9" count="9" type="stmt"/>
      <line num="18" count="9" type="stmt"/>
      <line num="19" count="9" type="stmt"/>
      <line num="21" count="9" type="stmt"/>
      <line num="22" count="9" type="stmt"/>
      <line num="23" count="9" type="stmt"/>
      <line num="24" count="9" type="stmt"/>
      <line num="25" count="9" type="stmt"/>
      <line num="26" count="9" type="stmt"/>
      <line num="27" count="9" type="stmt"/>
      <line num="28" count="9" type="stmt"/>
      <line num="30" count="9" type="stmt"/>
      <line num="37" count="9" type="stmt"/>
      <line num="41" count="9" type="stmt"/>
      <line num="47" count="9" type="stmt"/>
      <line num="48" count="187" type="stmt"/>
      <line num="49" count="187" type="stmt"/>
      <line num="51" count="187" type="stmt"/>
      <line num="52" count="187" type="stmt"/>
      <line num="55" count="9" type="stmt"/>
      <line num="56" count="3" type="cond" truecount="2" falsecount="0"/>
      <line num="57" count="2" type="stmt"/>
      <line num="60" count="1" type="stmt"/>
      <line num="64" count="9" type="stmt"/>
      <line num="65" count="3" type="cond" truecount="2" falsecount="0"/>
      <line num="66" count="2" type="stmt"/>
      <line num="69" count="1" type="stmt"/>
      <line num="73" count="9" type="stmt"/>
      <line num="74" count="6" type="cond" truecount="2" falsecount="0"/>
      <line num="75" count="3" type="stmt"/>
      <line num="76" count="3" type="stmt"/>
      <line num="79" count="3" type="cond" truecount="2" falsecount="0"/>
      <line num="80" count="2" type="stmt"/>
      <line num="83" count="1" type="stmt"/>
      <line num="88" count="9" type="stmt"/>
      <line num="89" count="3" type="cond" truecount="2" falsecount="0"/>
      <line num="90" count="2" type="stmt"/>
      <line num="93" count="1" type="stmt"/>
      <line num="97" count="9" type="stmt"/>
      <line num="98" count="3" type="cond" truecount="2" falsecount="0"/>
      <line num="99" count="2" type="stmt"/>
      <line num="102" count="1" type="stmt"/>
      <line num="106" count="9" type="stmt"/>
      <line num="107" count="3" type="stmt"/>
      <line num="110" count="9" type="stmt"/>
      <line num="111" count="3" type="cond" truecount="2" falsecount="0"/>
      <line num="112" count="2" type="stmt"/>
      <line num="114" count="3" type="stmt"/>
      <line num="117" count="9" type="stmt"/>
      <line num="118" count="3" type="cond" truecount="2" falsecount="0"/>
      <line num="119" count="2" type="stmt"/>
      <line num="122" count="1" type="stmt"/>
      <line num="126" count="9" type="stmt"/>
      <line num="127" count="3" type="cond" truecount="2" falsecount="0"/>
      <line num="128" count="2" type="cond" truecount="2" falsecount="0"/>
      <line num="129" count="1" type="stmt"/>
      <line num="132" count="1" type="stmt"/>
      <line num="136" count="1" type="stmt"/>
      <line num="140" count="9" type="stmt"/>
      <line num="141" count="3" type="cond" truecount="2" falsecount="0"/>
      <line num="142" count="1" type="stmt"/>
      <line num="145" count="2" type="stmt"/>
      <line num="149" count="9" type="stmt"/>
      <line num="150" count="3" type="cond" truecount="2" falsecount="0"/>
      <line num="151" count="1" type="stmt"/>
      <line num="154" count="2" type="stmt"/>
      <line num="158" count="9" type="stmt"/>
      <line num="159" count="3" type="stmt"/>
      <line num="162" count="9" type="stmt"/>
      <line num="163" count="3" type="stmt"/>
      <line num="166" count="9" type="stmt"/>
      <line num="167" count="6" type="cond" truecount="2" falsecount="0"/>
      <line num="168" count="3" type="stmt"/>
      <line num="171" count="3" type="cond" truecount="2" falsecount="0"/>
      <line num="172" count="2" type="stmt"/>
      <line num="175" count="1" type="stmt"/>
      <line num="203" count="9" type="stmt"/>
      <line num="204" count="10" type="stmt"/>
      <line num="205" count="10" type="stmt"/>
      <line num="206" count="10" type="stmt"/>
      <line num="207" count="10" type="stmt"/>
      <line num="214" count="10" type="cond" truecount="2" falsecount="0"/>
      <line num="215" count="9" type="stmt"/>
      <line num="216" count="9" type="stmt"/>
      <line num="217" count="9" type="cond" truecount="2" falsecount="0"/>
      <line num="218" count="7" type="stmt"/>
      <line num="221" count="2" type="stmt"/>
      <line num="223" count="9" type="stmt"/>
      <line num="224" count="9" type="stmt"/>
      <line num="228" count="1" type="stmt"/>
      <line num="229" count="1" type="stmt"/>
      <line num="271" count="9" type="stmt"/>
      <line num="272" count="8" type="stmt"/>
      <line num="273" count="8" type="stmt"/>
      <line num="274" count="8" type="stmt"/>
      <line num="275" count="8" type="stmt"/>
      <line num="276" count="8" type="stmt"/>
      <line num="277" count="8" type="stmt"/>
      <line num="284" count="8" type="cond" truecount="2" falsecount="0"/>
      <line num="290" count="1" type="stmt"/>
      <line num="291" count="1" type="stmt"/>
      <line num="293" count="7" type="cond" truecount="2" falsecount="0"/>
      <line num="299" count="1" type="stmt"/>
      <line num="300" count="1" type="stmt"/>
      <line num="302" count="6" type="stmt"/>
      <line num="303" count="6" type="cond" truecount="2" falsecount="0"/>
      <line num="309" count="1" type="stmt"/>
      <line num="310" count="1" type="stmt"/>
      <line num="312" count="5" type="cond" truecount="4" falsecount="0"/>
      <line num="318" count="2" type="stmt"/>
      <line num="319" count="2" type="stmt"/>
      <line num="321" count="3" type="stmt"/>
      <line num="322" count="3" type="cond" truecount="2" falsecount="0"/>
      <line num="328" count="1" type="stmt"/>
      <line num="329" count="1" type="stmt"/>
      <line num="332" count="2" type="stmt"/>
      <line num="333" count="2" type="stmt"/>
      <line num="340" count="2" type="stmt"/>
      <line num="341" count="2" type="stmt"/>
      <line num="386" count="9" type="stmt"/>
      <line num="387" count="3" type="stmt"/>
      <line num="388" count="3" type="stmt"/>
      <line num="389" count="3" type="stmt"/>
      <line num="390" count="3" type="cond" truecount="2" falsecount="0"/>
      <line num="391" count="2" type="cond" truecount="5" falsecount="0"/>
      <line num="392" count="1" type="stmt"/>
      <line num="393" count="1" type="stmt"/>
      <line num="395" count="1" type="stmt"/>
      <line num="396" count="1" type="stmt"/>
      <line num="403" count="1" type="stmt"/>
      <line num="404" count="1" type="stmt"/>
      <line num="405" count="1" type="stmt"/>
      <line num="409" count="1" type="stmt"/>
      <line num="410" count="1" type="stmt"/>
      <line num="432" count="9" type="stmt"/>
      <line num="433" count="3" type="stmt"/>
      <line num="434" count="3" type="stmt"/>
      <line num="435" count="3" type="cond" truecount="2" falsecount="0"/>
      <line num="436" count="2" type="cond" truecount="2" falsecount="0"/>
      <line num="437" count="1" type="stmt"/>
      <line num="438" count="1" type="stmt"/>
      <line num="440" count="1" type="stmt"/>
      <line num="447" count="1" type="stmt"/>
      <line num="448" count="1" type="stmt"/>
      <line num="452" count="1" type="stmt"/>
      <line num="453" count="1" type="stmt"/>
      <line num="471" count="9" type="stmt"/>
      <line num="472" count="1" type="stmt"/>
      <line num="473" count="1" type="stmt"/>
      <line num="480" count="1" type="stmt"/>
      <line num="481" count="1" type="stmt"/>
      <line num="482" count="1" type="stmt"/>
      <line num="502" count="9" type="stmt"/>
      <line num="503" count="1" type="stmt"/>
      <line num="504" count="1" type="stmt"/>
      <line num="505" count="1" type="stmt"/>
      <line num="512" count="1" type="stmt"/>
      <line num="513" count="1" type="stmt"/>
      <line num="514" count="1" type="stmt"/>
      <line num="562" count="9" type="stmt"/>
      <line num="563" count="3" type="stmt"/>
      <line num="564" count="3" type="stmt"/>
      <line num="565" count="3" type="stmt"/>
      <line num="566" count="3" type="stmt"/>
      <line num="567" count="3" type="cond" truecount="2" falsecount="0"/>
      <line num="568" count="2" type="cond" truecount="6" falsecount="0"/>
      <line num="569" count="1" type="stmt"/>
      <line num="570" count="1" type="stmt"/>
      <line num="572" count="1" type="stmt"/>
      <line num="573" count="1" type="stmt"/>
      <line num="580" count="1" type="stmt"/>
      <line num="581" count="1" type="stmt"/>
      <line num="582" count="1" type="stmt"/>
      <line num="586" count="1" type="stmt"/>
      <line num="609" count="9" type="stmt"/>
      <line num="610" count="3" type="stmt"/>
      <line num="611" count="3" type="cond" truecount="2" falsecount="0"/>
      <line num="612" count="2" type="cond" truecount="2" falsecount="0"/>
      <line num="613" count="1" type="stmt"/>
      <line num="614" count="1" type="stmt"/>
      <line num="616" count="1" type="stmt"/>
      <line num="617" count="1" type="stmt"/>
      <line num="624" count="1" type="stmt"/>
      <line num="625" count="1" type="stmt"/>
      <line num="629" count="1" type="stmt"/>
      <line num="633" count="9" type="stmt"/>
      <line num="634" count="3" type="stmt"/>
      <line num="635" count="3" type="stmt"/>
      <line num="636" count="3" type="cond" truecount="2" falsecount="0"/>
      <line num="637" count="2" type="cond" truecount="4" falsecount="0"/>
      <line num="638" count="1" type="stmt"/>
      <line num="639" count="1" type="stmt"/>
      <line num="641" count="1" type="stmt"/>
      <line num="642" count="1" type="stmt"/>
      <line num="649" count="1" type="stmt"/>
      <line num="650" count="1" type="stmt"/>
      <line num="654" count="1" type="stmt"/>
      <line num="655" count="1" type="stmt"/>
      <line num="659" count="9" type="stmt"/>
      <line num="660" count="3" type="stmt"/>
      <line num="661" count="3" type="stmt"/>
      <line num="662" count="3" type="cond" truecount="2" falsecount="0"/>
      <line num="663" count="2" type="cond" truecount="4" falsecount="0"/>
      <line num="664" count="1" type="stmt"/>
      <line num="665" count="1" type="stmt"/>
      <line num="667" count="1" type="stmt"/>
      <line num="668" count="1" type="stmt"/>
      <line num="675" count="1" type="stmt"/>
      <line num="676" count="1" type="stmt"/>
      <line num="680" count="1" type="stmt"/>
      <line num="681" count="1" type="stmt"/>
      <line num="697" count="9" type="stmt"/>
      <line num="698" count="1" type="stmt"/>
      <line num="699" count="1" type="stmt"/>
      <line num="706" count="1" type="stmt"/>
      <line num="707" count="1" type="stmt"/>
      <line num="708" count="1" type="stmt"/>
      <line num="724" count="9" type="stmt"/>
      <line num="725" count="1" type="stmt"/>
      <line num="726" count="1" type="stmt"/>
      <line num="733" count="1" type="stmt"/>
      <line num="734" count="1" type="stmt"/>
      <line num="735" count="1" type="stmt"/>
      <line num="756" count="9" type="stmt"/>
      <line num="757" count="1" type="stmt"/>
      <line num="758" count="1" type="stmt"/>
      <line num="759" count="1" type="stmt"/>
      <line num="766" count="1" type="stmt"/>
      <line num="767" count="1" type="stmt"/>
      <line num="768" count="1" type="stmt"/>
      <line num="784" count="9" type="stmt"/>
      <line num="785" count="1" type="stmt"/>
      <line num="786" count="1" type="stmt"/>
      <line num="793" count="1" type="stmt"/>
      <line num="794" count="1" type="stmt"/>
      <line num="795" count="1" type="stmt"/>
      <line num="816" count="9" type="stmt"/>
      <line num="817" count="2" type="stmt"/>
      <line num="818" count="2" type="stmt"/>
      <line num="819" count="2" type="stmt"/>
      <line num="826" count="2" type="stmt"/>
      <line num="827" count="2" type="stmt"/>
      <line num="828" count="2" type="stmt"/>
      <line num="873" count="9" type="stmt"/>
      <line num="874" count="3" type="stmt"/>
      <line num="875" count="3" type="stmt"/>
      <line num="876" count="3" type="stmt"/>
      <line num="877" count="3" type="stmt"/>
      <line num="878" count="3" type="cond" truecount="2" falsecount="0"/>
      <line num="879" count="2" type="cond" truecount="6" falsecount="0"/>
      <line num="880" count="1" type="stmt"/>
      <line num="881" count="1" type="stmt"/>
      <line num="883" count="1" type="stmt"/>
      <line num="884" count="1" type="stmt"/>
      <line num="891" count="1" type="stmt"/>
      <line num="892" count="1" type="stmt"/>
      <line num="893" count="1" type="stmt"/>
      <line num="897" count="1" type="stmt"/>
      <line num="922" count="9" type="stmt"/>
      <line num="923" count="3" type="stmt"/>
      <line num="924" count="3" type="cond" truecount="2" falsecount="0"/>
      <line num="925" count="2" type="cond" truecount="2" falsecount="0"/>
      <line num="926" count="1" type="stmt"/>
      <line num="927" count="1" type="stmt"/>
      <line num="929" count="1" type="stmt"/>
      <line num="930" count="1" type="stmt"/>
      <line num="937" count="1" type="stmt"/>
      <line num="938" count="1" type="stmt"/>
      <line num="942" count="1" type="stmt"/>
      <line num="971" count="9" type="stmt"/>
      <line num="972" count="3" type="stmt"/>
      <line num="973" count="3" type="stmt"/>
      <line num="974" count="3" type="cond" truecount="2" falsecount="0"/>
      <line num="975" count="2" type="cond" truecount="4" falsecount="0"/>
      <line num="976" count="1" type="stmt"/>
      <line num="977" count="1" type="stmt"/>
      <line num="979" count="1" type="stmt"/>
      <line num="980" count="1" type="stmt"/>
      <line num="987" count="1" type="stmt"/>
      <line num="988" count="1" type="stmt"/>
      <line num="992" count="1" type="stmt"/>
      <line num="1021" count="9" type="stmt"/>
      <line num="1022" count="3" type="stmt"/>
      <line num="1023" count="3" type="stmt"/>
      <line num="1024" count="3" type="cond" truecount="2" falsecount="0"/>
      <line num="1025" count="2" type="cond" truecount="4" falsecount="0"/>
      <line num="1026" count="1" type="stmt"/>
      <line num="1027" count="1" type="stmt"/>
      <line num="1029" count="1" type="stmt"/>
      <line num="1030" count="1" type="stmt"/>
      <line num="1037" count="1" type="stmt"/>
      <line num="1038" count="1" type="stmt"/>
      <line num="1042" count="1" type="stmt"/>
      <line num="1058" count="9" type="stmt"/>
      <line num="1059" count="1" type="stmt"/>
      <line num="1060" count="1" type="stmt"/>
      <line num="1067" count="1" type="stmt"/>
      <line num="1068" count="1" type="stmt"/>
      <line num="1069" count="1" type="stmt"/>
      <line num="1090" count="9" type="stmt"/>
      <line num="1091" count="1" type="stmt"/>
      <line num="1092" count="1" type="stmt"/>
      <line num="1093" count="1" type="stmt"/>
      <line num="1100" count="1" type="stmt"/>
      <line num="1101" count="1" type="stmt"/>
      <line num="1102" count="1" type="stmt"/>
      <line num="1123" count="9" type="stmt"/>
      <line num="1124" count="1" type="stmt"/>
      <line num="1125" count="1" type="stmt"/>
      <line num="1126" count="1" type="stmt"/>
      <line num="1133" count="1" type="stmt"/>
      <line num="1134" count="1" type="stmt"/>
      <line num="1135" count="1" type="stmt"/>
      <line num="1156" count="9" type="stmt"/>
      <line num="1157" count="2" type="stmt"/>
      <line num="1158" count="2" type="stmt"/>
      <line num="1159" count="2" type="stmt"/>
      <line num="1166" count="2" type="stmt"/>
      <line num="1167" count="2" type="stmt"/>
      <line num="1168" count="2" type="stmt"/>
      <line num="1213" count="9" type="stmt"/>
      <line num="1214" count="3" type="stmt"/>
      <line num="1215" count="3" type="stmt"/>
      <line num="1216" count="3" type="stmt"/>
      <line num="1217" count="3" type="stmt"/>
      <line num="1218" count="3" type="cond" truecount="6" falsecount="0"/>
      <line num="1219" count="1" type="stmt"/>
      <line num="1220" count="1" type="stmt"/>
      <line num="1222" count="2" type="cond" truecount="2" falsecount="0"/>
      <line num="1223" count="1" type="stmt"/>
      <line num="1224" count="1" type="stmt"/>
      <line num="1231" count="1" type="stmt"/>
      <line num="1232" count="1" type="stmt"/>
      <line num="1233" count="1" type="stmt"/>
      <line num="1237" count="1" type="stmt"/>
      <line num="1238" count="1" type="stmt"/>
      <line num="1260" count="9" type="stmt"/>
      <line num="1261" count="2" type="stmt"/>
      <line num="1262" count="2" type="cond" truecount="2" falsecount="0"/>
      <line num="1263" count="1" type="stmt"/>
      <line num="1264" count="1" type="stmt"/>
      <line num="1266" count="1" type="stmt"/>
      <line num="1267" count="1" type="stmt"/>
      <line num="1274" count="1" type="stmt"/>
      <line num="1275" count="1" type="stmt"/>
      <line num="1302" count="9" type="stmt"/>
      <line num="1303" count="2" type="stmt"/>
      <line num="1304" count="2" type="stmt"/>
      <line num="1305" count="2" type="cond" truecount="4" falsecount="0"/>
      <line num="1306" count="1" type="stmt"/>
      <line num="1307" count="1" type="stmt"/>
      <line num="1309" count="1" type="stmt"/>
      <line num="1310" count="1" type="stmt"/>
      <line num="1317" count="1" type="stmt"/>
      <line num="1318" count="1" type="stmt"/>
      <line num="1346" count="9" type="stmt"/>
      <line num="1347" count="2" type="stmt"/>
      <line num="1348" count="2" type="stmt"/>
      <line num="1349" count="2" type="cond" truecount="4" falsecount="0"/>
      <line num="1350" count="1" type="stmt"/>
      <line num="1351" count="1" type="stmt"/>
      <line num="1353" count="1" type="stmt"/>
      <line num="1354" count="1" type="stmt"/>
      <line num="1361" count="1" type="stmt"/>
      <line num="1362" count="1" type="stmt"/>
      <line num="1378" count="9" type="stmt"/>
      <line num="1379" count="1" type="stmt"/>
      <line num="1380" count="1" type="stmt"/>
      <line num="1387" count="1" type="stmt"/>
      <line num="1388" count="1" type="stmt"/>
      <line num="1389" count="1" type="stmt"/>
      <line num="1405" count="9" type="stmt"/>
      <line num="1406" count="1" type="stmt"/>
      <line num="1407" count="1" type="stmt"/>
      <line num="1414" count="1" type="stmt"/>
      <line num="1415" count="1" type="stmt"/>
      <line num="1416" count="1" type="stmt"/>
      <line num="1437" count="9" type="stmt"/>
      <line num="1438" count="1" type="stmt"/>
      <line num="1439" count="1" type="stmt"/>
      <line num="1440" count="1" type="stmt"/>
      <line num="1447" count="1" type="stmt"/>
      <line num="1448" count="1" type="stmt"/>
      <line num="1449" count="1" type="stmt"/>
      <line num="1470" count="9" type="stmt"/>
      <line num="1471" count="1" type="stmt"/>
      <line num="1472" count="1" type="stmt"/>
      <line num="1473" count="1" type="stmt"/>
      <line num="1480" count="1" type="stmt"/>
      <line num="1481" count="1" type="stmt"/>
      <line num="1482" count="1" type="stmt"/>
      <line num="1503" count="9" type="stmt"/>
      <line num="1504" count="1" type="stmt"/>
      <line num="1505" count="1" type="stmt"/>
      <line num="1506" count="1" type="stmt"/>
      <line num="1513" count="1" type="stmt"/>
      <line num="1514" count="1" type="stmt"/>
      <line num="1515" count="1" type="stmt"/>
      <line num="1536" count="9" type="stmt"/>
      <line num="1537" count="1" type="stmt"/>
      <line num="1538" count="1" type="stmt"/>
      <line num="1539" count="1" type="stmt"/>
      <line num="1546" count="1" type="stmt"/>
      <line num="1547" count="1" type="stmt"/>
      <line num="1548" count="1" type="stmt"/>
      <line num="1569" count="9" type="stmt"/>
      <line num="1570" count="1" type="stmt"/>
      <line num="1571" count="1" type="stmt"/>
      <line num="1572" count="1" type="stmt"/>
      <line num="1579" count="1" type="stmt"/>
      <line num="1580" count="1" type="stmt"/>
      <line num="1581" count="1" type="stmt"/>
      <line num="1608" count="9" type="stmt"/>
      <line num="1609" count="3" type="stmt"/>
      <line num="1610" count="3" type="cond" truecount="4" falsecount="0"/>
      <line num="1611" count="2" type="stmt"/>
      <line num="1612" count="2" type="stmt"/>
      <line num="1613" count="2" type="stmt"/>
      <line num="1625" count="2" type="stmt"/>
      <line num="1626" count="2" type="stmt"/>
      <line num="1630" count="1" type="stmt"/>
      <line num="1631" count="1" type="stmt"/>
      <line num="1642" count="9" type="stmt"/>
      <line num="1644" count="2" type="stmt"/>
      <line num="1668" count="9" type="stmt"/>
      <line num="1670" count="2" type="stmt"/>
      <line num="1671" count="2" type="cond" truecount="2" falsecount="0"/>
      <line num="1672" count="1" type="stmt"/>
      <line num="1673" count="1" type="stmt"/>
      <line num="1674" count="1" type="stmt"/>
      <line num="1681" count="1" type="stmt"/>
      <line num="1682" count="1" type="stmt"/>
      <line num="1686" count="1" type="stmt"/>
      <line num="1687" count="1" type="stmt"/>
      <line num="1722" count="9" type="stmt"/>
      <line num="1723" count="3" type="stmt"/>
      <line num="1724" count="3" type="cond" truecount="4" falsecount="0"/>
      <line num="1725" count="2" type="stmt"/>
      <line num="1726" count="2" type="stmt"/>
      <line num="1727" count="2" type="stmt"/>
      <line num="1728" count="2" type="stmt"/>
      <line num="1729" count="2" type="stmt"/>
      <line num="1761" count="1" type="stmt"/>
      <line num="1762" count="1" type="stmt"/>
      <line num="1791" count="9" type="stmt"/>
      <line num="1792" count="3" type="stmt"/>
      <line num="1793" count="3" type="cond" truecount="4" falsecount="0"/>
      <line num="1794" count="2" type="stmt"/>
      <line num="1795" count="2" type="stmt"/>
      <line num="1796" count="2" type="stmt"/>
      <line num="1797" count="2" type="stmt"/>
      <line num="1809" count="2" type="stmt"/>
      <line num="1810" count="2" type="stmt"/>
      <line num="1814" count="1" type="stmt"/>
      <line num="1815" count="1" type="stmt"/>
      <line num="1844" count="9" type="stmt"/>
      <line num="1845" count="3" type="stmt"/>
      <line num="1846" count="3" type="cond" truecount="4" falsecount="0"/>
      <line num="1847" count="2" type="stmt"/>
      <line num="1848" count="2" type="stmt"/>
      <line num="1849" count="2" type="stmt"/>
      <line num="1850" count="2" type="stmt"/>
      <line num="1862" count="2" type="stmt"/>
      <line num="1863" count="2" type="stmt"/>
      <line num="1867" count="1" type="stmt"/>
      <line num="1868" count="1" type="stmt"/>
      <line num="1897" count="9" type="stmt"/>
      <line num="1898" count="3" type="stmt"/>
      <line num="1899" count="3" type="cond" truecount="4" falsecount="0"/>
      <line num="1900" count="2" type="stmt"/>
      <line num="1901" count="2" type="stmt"/>
      <line num="1902" count="2" type="stmt"/>
      <line num="1903" count="2" type="stmt"/>
      <line num="1915" count="2" type="stmt"/>
      <line num="1916" count="2" type="stmt"/>
      <line num="1920" count="1" type="stmt"/>
      <line num="1949" count="9" type="stmt"/>
      <line num="1950" count="3" type="stmt"/>
      <line num="1951" count="3" type="stmt"/>
      <line num="1952" count="3" type="cond" truecount="2" falsecount="0"/>
      <line num="1953" count="1" type="stmt"/>
      <line num="1954" count="1" type="stmt"/>
      <line num="1956" count="2" type="cond" truecount="2" falsecount="0"/>
      <line num="1957" count="1" type="stmt"/>
      <line num="1958" count="1" type="stmt"/>
      <line num="1960" count="1" type="stmt"/>
      <line num="1961" count="1" type="stmt"/>
      <line num="1968" count="1" type="stmt"/>
      <line num="1969" count="1" type="stmt"/>
      <line num="1998" count="9" type="stmt"/>
      <line num="1999" count="3" type="stmt"/>
      <line num="2000" count="3" type="stmt"/>
      <line num="2001" count="3" type="cond" truecount="2" falsecount="0"/>
      <line num="2002" count="1" type="stmt"/>
      <line num="2003" count="1" type="stmt"/>
      <line num="2005" count="2" type="cond" truecount="2" falsecount="0"/>
      <line num="2006" count="1" type="stmt"/>
      <line num="2007" count="1" type="stmt"/>
      <line num="2009" count="1" type="stmt"/>
      <line num="2010" count="1" type="stmt"/>
      <line num="2017" count="1" type="stmt"/>
      <line num="2018" count="1" type="stmt"/>
      <line num="2047" count="9" type="stmt"/>
      <line num="2048" count="3" type="stmt"/>
      <line num="2049" count="3" type="stmt"/>
      <line num="2050" count="3" type="cond" truecount="2" falsecount="0"/>
      <line num="2051" count="1" type="stmt"/>
      <line num="2052" count="1" type="stmt"/>
      <line num="2054" count="2" type="cond" truecount="2" falsecount="0"/>
      <line num="2055" count="1" type="stmt"/>
      <line num="2056" count="1" type="stmt"/>
      <line num="2058" count="1" type="stmt"/>
      <line num="2059" count="1" type="stmt"/>
      <line num="2066" count="1" type="stmt"/>
      <line num="2067" count="1" type="stmt"/>
      <line num="2096" count="9" type="stmt"/>
      <line num="2097" count="3" type="stmt"/>
      <line num="2098" count="3" type="stmt"/>
      <line num="2099" count="3" type="cond" truecount="2" falsecount="0"/>
      <line num="2100" count="1" type="stmt"/>
      <line num="2101" count="1" type="stmt"/>
      <line num="2103" count="2" type="cond" truecount="2" falsecount="0"/>
      <line num="2104" count="1" type="stmt"/>
      <line num="2105" count="1" type="stmt"/>
      <line num="2107" count="1" type="stmt"/>
      <line num="2108" count="1" type="stmt"/>
      <line num="2115" count="1" type="stmt"/>
      <line num="2116" count="1" type="stmt"/>
      <line num="2139" count="9" type="stmt"/>
      <line num="2140" count="3" type="stmt"/>
      <line num="2141" count="3" type="cond" truecount="4" falsecount="0"/>
      <line num="2142" count="2" type="stmt"/>
      <line num="2143" count="2" type="stmt"/>
      <line num="2144" count="2" type="stmt"/>
      <line num="2151" count="2" type="stmt"/>
      <line num="2152" count="2" type="stmt"/>
      <line num="2153" count="2" type="stmt"/>
      <line num="2157" count="1" type="stmt"/>
      <line num="2158" count="1" type="stmt"/>
      <line num="2176" count="9" type="stmt"/>
      <line num="2177" count="2" type="stmt"/>
      <line num="2178" count="2" type="cond" truecount="2" falsecount="0"/>
      <line num="2179" count="1" type="stmt"/>
      <line num="2180" count="1" type="stmt"/>
      <line num="2187" count="1" type="stmt"/>
      <line num="2188" count="1" type="stmt"/>
      <line num="2192" count="1" type="stmt"/>
      <line num="2193" count="1" type="stmt"/>
      <line num="2216" count="9" type="stmt"/>
      <line num="2217" count="3" type="cond" truecount="2" falsecount="0"/>
      <line num="2218" count="2" type="stmt"/>
      <line num="2219" count="2" type="stmt"/>
      <line num="2220" count="2" type="stmt"/>
      <line num="2227" count="2" type="stmt"/>
      <line num="2228" count="2" type="stmt"/>
      <line num="2229" count="2" type="stmt"/>
      <line num="2233" count="1" type="stmt"/>
      <line num="2234" count="1" type="stmt"/>
      <line num="2261" count="9" type="stmt"/>
      <line num="2262" count="2" type="cond" truecount="2" falsecount="0"/>
      <line num="2263" count="1" type="stmt"/>
      <line num="2264" count="1" type="stmt"/>
      <line num="2265" count="1" type="stmt"/>
      <line num="2266" count="1" type="stmt"/>
      <line num="2273" count="1" type="stmt"/>
      <line num="2274" count="1" type="stmt"/>
      <line num="2275" count="1" type="stmt"/>
      <line num="2279" count="1" type="stmt"/>
      <line num="2280" count="1" type="stmt"/>
      <line num="2303" count="9" type="stmt"/>
      <line num="2304" count="2" type="cond" truecount="2" falsecount="0"/>
      <line num="2305" count="1" type="stmt"/>
      <line num="2306" count="1" type="stmt"/>
      <line num="2307" count="1" type="stmt"/>
      <line num="2314" count="1" type="stmt"/>
      <line num="2315" count="1" type="stmt"/>
      <line num="2316" count="1" type="stmt"/>
      <line num="2320" count="1" type="stmt"/>
      <line num="2321" count="1" type="stmt"/>
      <line num="2348" count="9" type="stmt"/>
      <line num="2349" count="3" type="cond" truecount="2" falsecount="0"/>
      <line num="2350" count="2" type="stmt"/>
      <line num="2351" count="2" type="stmt"/>
      <line num="2352" count="2" type="stmt"/>
      <line num="2353" count="2" type="stmt"/>
      <line num="2360" count="2" type="stmt"/>
      <line num="2361" count="2" type="stmt"/>
      <line num="2365" count="1" type="stmt"/>
      <line num="2366" count="1" type="stmt"/>
      <line num="2415" count="9" type="stmt"/>
      <line num="2416" count="4" type="cond" truecount="2" falsecount="0"/>
      <line num="2417" count="3" type="stmt"/>
      <line num="2418" count="3" type="stmt"/>
      <line num="2419" count="3" type="stmt"/>
      <line num="2420" count="3" type="stmt"/>
      <line num="2421" count="3" type="stmt"/>
      <line num="2422" count="3" type="cond" truecount="4" falsecount="0"/>
      <line num="2423" count="1" type="stmt"/>
      <line num="2424" count="1" type="stmt"/>
      <line num="2426" count="2" type="stmt"/>
      <line num="2427" count="2" type="stmt"/>
      <line num="2434" count="2" type="stmt"/>
      <line num="2440" count="2" type="stmt"/>
      <line num="2441" count="2" type="stmt"/>
      <line num="2445" count="1" type="stmt"/>
      <line num="2446" count="1" type="stmt"/>
      <line num="2476" count="9" type="stmt"/>
      <line num="2477" count="6" type="cond" truecount="2" falsecount="0"/>
      <line num="2478" count="5" type="stmt"/>
      <line num="2479" count="5" type="cond" truecount="4" falsecount="0"/>
      <line num="2480" count="4" type="stmt"/>
      <line num="2481" count="4" type="cond" truecount="2" falsecount="0"/>
      <line num="2482" count="2" type="stmt"/>
      <line num="2483" count="2" type="stmt"/>
      <line num="2485" count="2" type="stmt"/>
      <line num="2486" count="2" type="stmt"/>
      <line num="2498" count="2" type="stmt"/>
      <line num="2499" count="2" type="stmt"/>
      <line num="2500" count="2" type="stmt"/>
      <line num="2504" count="1" type="stmt"/>
      <line num="2505" count="1" type="stmt"/>
      <line num="2509" count="1" type="stmt"/>
      <line num="2510" count="1" type="stmt"/>
      <line num="2531" count="9" type="stmt"/>
      <line num="2532" count="2" type="stmt"/>
      <line num="2533" count="2" type="stmt"/>
      <line num="2534" count="2" type="stmt"/>
      <line num="2541" count="2" type="stmt"/>
      <line num="2542" count="2" type="stmt"/>
      <line num="2543" count="2" type="stmt"/>
      <line num="2564" count="9" type="stmt"/>
      <line num="2565" count="1" type="stmt"/>
      <line num="2566" count="1" type="stmt"/>
      <line num="2567" count="1" type="stmt"/>
      <line num="2574" count="1" type="stmt"/>
      <line num="2575" count="1" type="stmt"/>
      <line num="2591" count="9" type="stmt"/>
      <line num="2592" count="1" type="stmt"/>
      <line num="2593" count="1" type="stmt"/>
      <line num="2600" count="1" type="stmt"/>
      <line num="2601" count="1" type="stmt"/>
      <line num="2638" count="9" type="stmt"/>
      <line num="2640" count="1" type="stmt"/>
      <line num="2657" count="9" type="stmt"/>
      <line num="2658" count="1" type="stmt"/>
      <line num="2659" count="1" type="stmt"/>
      <line num="2666" count="1" type="stmt"/>
      <line num="2667" count="1" type="stmt"/>
      <line num="2668" count="1" type="stmt"/>
      <line num="2682" count="9" type="stmt"/>
      <line num="2683" count="9" type="stmt"/>
    </file>
  </project>
</coverage>
