{"C:\\Users\\Gabriele\\Desktop\\coding_shit\\uni projects\\iSpesa\\Codice_iSpesa\\main.js": {"path":"C:\\Users\\Gabriele\\Desktop\\coding_shit\\uni projects\\iSpesa\\Codice_iSpesa\\main.js","statementMap":{"0":{"start":{"line":1,"column":13},"end":{"line":1,"column":28}},"1":{"start":{"line":2,"column":11},"end":{"line":2,"column":24}},"2":{"start":{"line":3,"column":16},"end":{"line":3,"column":35}},"3":{"start":{"line":4,"column":18},"end":{"line":4,"column":47}},"4":{"start":{"line":5,"column":21},"end":{"line":5,"column":45}},"5":{"start":{"line":6,"column":12},"end":{"line":6,"column":26}},"6":{"start":{"line":7,"column":14},"end":{"line":7,"column":30}},"7":{"start":{"line":8,"column":16},"end":{"line":8,"column":42}},"8":{"start":{"line":9,"column":22},"end":{"line":17,"column":1}},"9":{"start":{"line":18,"column":20},"end":{"line":18,"column":48}},"10":{"start":{"line":19,"column":23},"end":{"line":19,"column":49}},"11":{"start":{"line":21,"column":12},"end":{"line":21,"column":21}},"12":{"start":{"line":22,"column":0},"end":{"line":22,"column":56}},"13":{"start":{"line":23,"column":0},"end":{"line":23,"column":68}},"14":{"start":{"line":24,"column":0},"end":{"line":24,"column":24}},"15":{"start":{"line":25,"column":0},"end":{"line":25,"column":35}},"16":{"start":{"line":26,"column":0},"end":{"line":26,"column":30}},"17":{"start":{"line":27,"column":0},"end":{"line":27,"column":48}},"18":{"start":{"line":28,"column":0},"end":{"line":28,"column":52}},"19":{"start":{"line":30,"column":10},"end":{"line":35,"column":2}},"20":{"start":{"line":37,"column":0},"end":{"line":39,"column":4}},"21":{"start":{"line":41,"column":0},"end":{"line":45,"column":4}},"22":{"start":{"line":47,"column":20},"end":{"line":47,"column":25}},"23":{"start":{"line":48,"column":0},"end":{"line":54,"column":3}},"24":{"start":{"line":49,"column":4},"end":{"line":50,"column":20}},"25":{"start":{"line":50,"column":6},"end":{"line":50,"column":20}},"26":{"start":{"line":52,"column":4},"end":{"line":52,"column":42}},"27":{"start":{"line":53,"column":4},"end":{"line":53,"column":58}},"28":{"start":{"line":56,"column":0},"end":{"line":62,"column":3}},"29":{"start":{"line":57,"column":14},"end":{"line":57,"column":35}},"30":{"start":{"line":58,"column":14},"end":{"line":58,"column":50}},"31":{"start":{"line":60,"column":4},"end":{"line":60,"column":21}},"32":{"start":{"line":61,"column":4},"end":{"line":61,"column":11}},"33":{"start":{"line":64,"column":0},"end":{"line":71,"column":2}},"34":{"start":{"line":65,"column":4},"end":{"line":70,"column":5}},"35":{"start":{"line":66,"column":8},"end":{"line":66,"column":116}},"36":{"start":{"line":69,"column":8},"end":{"line":69,"column":69}},"37":{"start":{"line":73,"column":0},"end":{"line":80,"column":2}},"38":{"start":{"line":74,"column":4},"end":{"line":79,"column":5}},"39":{"start":{"line":75,"column":8},"end":{"line":75,"column":118}},"40":{"start":{"line":78,"column":8},"end":{"line":78,"column":71}},"41":{"start":{"line":82,"column":0},"end":{"line":94,"column":2}},"42":{"start":{"line":83,"column":4},"end":{"line":93,"column":5}},"43":{"start":{"line":84,"column":8},"end":{"line":84,"column":55}},"44":{"start":{"line":87,"column":8},"end":{"line":92,"column":9}},"45":{"start":{"line":88,"column":12},"end":{"line":88,"column":181}},"46":{"start":{"line":91,"column":12},"end":{"line":91,"column":124}},"47":{"start":{"line":96,"column":0},"end":{"line":103,"column":2}},"48":{"start":{"line":97,"column":4},"end":{"line":102,"column":5}},"49":{"start":{"line":98,"column":8},"end":{"line":98,"column":118}},"50":{"start":{"line":101,"column":8},"end":{"line":101,"column":71}},"51":{"start":{"line":105,"column":0},"end":{"line":112,"column":2}},"52":{"start":{"line":106,"column":4},"end":{"line":111,"column":5}},"53":{"start":{"line":107,"column":8},"end":{"line":107,"column":121}},"54":{"start":{"line":110,"column":8},"end":{"line":110,"column":74}},"55":{"start":{"line":114,"column":0},"end":{"line":116,"column":2}},"56":{"start":{"line":115,"column":4},"end":{"line":115,"column":28}},"57":{"start":{"line":118,"column":0},"end":{"line":123,"column":2}},"58":{"start":{"line":119,"column":4},"end":{"line":121,"column":5}},"59":{"start":{"line":120,"column":8},"end":{"line":120,"column":30}},"60":{"start":{"line":122,"column":4},"end":{"line":122,"column":22}},"61":{"start":{"line":125,"column":0},"end":{"line":132,"column":2}},"62":{"start":{"line":126,"column":4},"end":{"line":131,"column":5}},"63":{"start":{"line":127,"column":8},"end":{"line":127,"column":121}},"64":{"start":{"line":130,"column":8},"end":{"line":130,"column":74}},"65":{"start":{"line":134,"column":0},"end":{"line":146,"column":2}},"66":{"start":{"line":135,"column":4},"end":{"line":145,"column":5}},"67":{"start":{"line":136,"column":8},"end":{"line":141,"column":9}},"68":{"start":{"line":137,"column":12},"end":{"line":137,"column":171}},"69":{"start":{"line":140,"column":12},"end":{"line":140,"column":161}},"70":{"start":{"line":144,"column":8},"end":{"line":144,"column":26}},"71":{"start":{"line":148,"column":0},"end":{"line":155,"column":2}},"72":{"start":{"line":149,"column":4},"end":{"line":154,"column":5}},"73":{"start":{"line":150,"column":8},"end":{"line":150,"column":85}},"74":{"start":{"line":153,"column":8},"end":{"line":153,"column":26}},"75":{"start":{"line":157,"column":0},"end":{"line":164,"column":2}},"76":{"start":{"line":158,"column":4},"end":{"line":163,"column":5}},"77":{"start":{"line":159,"column":8},"end":{"line":159,"column":89}},"78":{"start":{"line":162,"column":8},"end":{"line":162,"column":26}},"79":{"start":{"line":166,"column":0},"end":{"line":168,"column":2}},"80":{"start":{"line":167,"column":4},"end":{"line":167,"column":29}},"81":{"start":{"line":170,"column":0},"end":{"line":172,"column":2}},"82":{"start":{"line":171,"column":4},"end":{"line":171,"column":43}},"83":{"start":{"line":174,"column":0},"end":{"line":186,"column":2}},"84":{"start":{"line":175,"column":4},"end":{"line":185,"column":5}},"85":{"start":{"line":176,"column":8},"end":{"line":176,"column":56}},"86":{"start":{"line":179,"column":8},"end":{"line":184,"column":9}},"87":{"start":{"line":180,"column":12},"end":{"line":180,"column":124}},"88":{"start":{"line":183,"column":12},"end":{"line":183,"column":77}},"89":{"start":{"line":211,"column":0},"end":{"line":239,"column":3}},"90":{"start":{"line":212,"column":19},"end":{"line":212,"column":36}},"91":{"start":{"line":213,"column":19},"end":{"line":213,"column":36}},"92":{"start":{"line":214,"column":14},"end":{"line":214,"column":143}},"93":{"start":{"line":215,"column":4},"end":{"line":238,"column":6}},"94":{"start":{"line":216,"column":8},"end":{"line":220,"column":9}},"95":{"start":{"line":217,"column":12},"end":{"line":217,"column":29}},"96":{"start":{"line":218,"column":12},"end":{"line":218,"column":32}},"97":{"start":{"line":219,"column":12},"end":{"line":219,"column":19}},"98":{"start":{"line":221,"column":8},"end":{"line":237,"column":9}},"99":{"start":{"line":222,"column":12},"end":{"line":232,"column":14}},"100":{"start":{"line":223,"column":16},"end":{"line":223,"column":44}},"101":{"start":{"line":224,"column":16},"end":{"line":229,"column":17}},"102":{"start":{"line":225,"column":20},"end":{"line":225,"column":47}},"103":{"start":{"line":228,"column":20},"end":{"line":228,"column":48}},"104":{"start":{"line":230,"column":16},"end":{"line":230,"column":39}},"105":{"start":{"line":231,"column":16},"end":{"line":231,"column":23}},"106":{"start":{"line":235,"column":12},"end":{"line":235,"column":59}},"107":{"start":{"line":236,"column":12},"end":{"line":236,"column":19}},"108":{"start":{"line":278,"column":0},"end":{"line":307,"column":3}},"109":{"start":{"line":279,"column":19},"end":{"line":279,"column":36}},"110":{"start":{"line":280,"column":19},"end":{"line":280,"column":36}},"111":{"start":{"line":281,"column":16},"end":{"line":281,"column":30}},"112":{"start":{"line":282,"column":19},"end":{"line":282,"column":36}},"113":{"start":{"line":283,"column":23},"end":{"line":283,"column":92}},"114":{"start":{"line":284,"column":4},"end":{"line":306,"column":6}},"115":{"start":{"line":285,"column":8},"end":{"line":289,"column":9}},"116":{"start":{"line":286,"column":12},"end":{"line":286,"column":29}},"117":{"start":{"line":287,"column":12},"end":{"line":287,"column":32}},"118":{"start":{"line":288,"column":12},"end":{"line":288,"column":19}},"119":{"start":{"line":290,"column":8},"end":{"line":305,"column":9}},"120":{"start":{"line":291,"column":12},"end":{"line":291,"column":57}},"121":{"start":{"line":292,"column":12},"end":{"line":292,"column":19}},"122":{"start":{"line":295,"column":12},"end":{"line":295,"column":226}},"123":{"start":{"line":296,"column":12},"end":{"line":304,"column":14}},"124":{"start":{"line":297,"column":16},"end":{"line":301,"column":17}},"125":{"start":{"line":298,"column":20},"end":{"line":298,"column":37}},"126":{"start":{"line":299,"column":20},"end":{"line":299,"column":40}},"127":{"start":{"line":300,"column":20},"end":{"line":300,"column":27}},"128":{"start":{"line":302,"column":16},"end":{"line":302,"column":44}},"129":{"start":{"line":303,"column":16},"end":{"line":303,"column":23}},"130":{"start":{"line":348,"column":0},"end":{"line":373,"column":2}},"131":{"start":{"line":349,"column":18},"end":{"line":349,"column":34}},"132":{"start":{"line":350,"column":19},"end":{"line":350,"column":36}},"133":{"start":{"line":351,"column":24},"end":{"line":351,"column":46}},"134":{"start":{"line":352,"column":4},"end":{"line":372,"column":5}},"135":{"start":{"line":353,"column":8},"end":{"line":356,"column":9}},"136":{"start":{"line":354,"column":12},"end":{"line":354,"column":32}},"137":{"start":{"line":355,"column":12},"end":{"line":355,"column":19}},"138":{"start":{"line":357,"column":8},"end":{"line":357,"column":142}},"139":{"start":{"line":358,"column":8},"end":{"line":367,"column":11}},"140":{"start":{"line":359,"column":12},"end":{"line":363,"column":13}},"141":{"start":{"line":360,"column":16},"end":{"line":360,"column":33}},"142":{"start":{"line":361,"column":16},"end":{"line":361,"column":36}},"143":{"start":{"line":362,"column":16},"end":{"line":362,"column":23}},"144":{"start":{"line":364,"column":12},"end":{"line":364,"column":28}},"145":{"start":{"line":365,"column":12},"end":{"line":365,"column":30}},"146":{"start":{"line":366,"column":12},"end":{"line":366,"column":19}},"147":{"start":{"line":370,"column":8},"end":{"line":370,"column":28}},"148":{"start":{"line":371,"column":8},"end":{"line":371,"column":15}},"149":{"start":{"line":393,"column":0},"end":{"line":415,"column":2}},"150":{"start":{"line":394,"column":22},"end":{"line":394,"column":42}},"151":{"start":{"line":395,"column":4},"end":{"line":395,"column":76}},"152":{"start":{"line":396,"column":4},"end":{"line":414,"column":5}},"153":{"start":{"line":397,"column":8},"end":{"line":400,"column":9}},"154":{"start":{"line":398,"column":12},"end":{"line":398,"column":32}},"155":{"start":{"line":399,"column":12},"end":{"line":399,"column":19}},"156":{"start":{"line":401,"column":8},"end":{"line":409,"column":11}},"157":{"start":{"line":402,"column":12},"end":{"line":406,"column":13}},"158":{"start":{"line":403,"column":16},"end":{"line":403,"column":33}},"159":{"start":{"line":404,"column":16},"end":{"line":404,"column":36}},"160":{"start":{"line":405,"column":16},"end":{"line":405,"column":23}},"161":{"start":{"line":407,"column":12},"end":{"line":407,"column":32}},"162":{"start":{"line":408,"column":12},"end":{"line":408,"column":19}},"163":{"start":{"line":412,"column":8},"end":{"line":412,"column":28}},"164":{"start":{"line":413,"column":8},"end":{"line":413,"column":15}},"165":{"start":{"line":431,"column":0},"end":{"line":443,"column":2}},"166":{"start":{"line":432,"column":4},"end":{"line":432,"column":171}},"167":{"start":{"line":433,"column":4},"end":{"line":442,"column":7}},"168":{"start":{"line":434,"column":8},"end":{"line":438,"column":9}},"169":{"start":{"line":435,"column":12},"end":{"line":435,"column":29}},"170":{"start":{"line":436,"column":12},"end":{"line":436,"column":32}},"171":{"start":{"line":437,"column":12},"end":{"line":437,"column":19}},"172":{"start":{"line":439,"column":8},"end":{"line":439,"column":24}},"173":{"start":{"line":440,"column":8},"end":{"line":440,"column":26}},"174":{"start":{"line":441,"column":8},"end":{"line":441,"column":15}},"175":{"start":{"line":461,"column":0},"end":{"line":474,"column":2}},"176":{"start":{"line":462,"column":18},"end":{"line":462,"column":37}},"177":{"start":{"line":463,"column":4},"end":{"line":463,"column":207}},"178":{"start":{"line":464,"column":4},"end":{"line":473,"column":7}},"179":{"start":{"line":465,"column":8},"end":{"line":469,"column":9}},"180":{"start":{"line":466,"column":12},"end":{"line":466,"column":29}},"181":{"start":{"line":467,"column":12},"end":{"line":467,"column":32}},"182":{"start":{"line":468,"column":12},"end":{"line":468,"column":19}},"183":{"start":{"line":470,"column":8},"end":{"line":470,"column":24}},"184":{"start":{"line":471,"column":8},"end":{"line":471,"column":26}},"185":{"start":{"line":472,"column":8},"end":{"line":472,"column":15}},"186":{"start":{"line":520,"column":0},"end":{"line":545,"column":2}},"187":{"start":{"line":521,"column":17},"end":{"line":521,"column":32}},"188":{"start":{"line":522,"column":18},"end":{"line":522,"column":34}},"189":{"start":{"line":523,"column":21},"end":{"line":523,"column":40}},"190":{"start":{"line":524,"column":19},"end":{"line":524,"column":36}},"191":{"start":{"line":525,"column":4},"end":{"line":544,"column":5}},"192":{"start":{"line":526,"column":8},"end":{"line":529,"column":9}},"193":{"start":{"line":527,"column":12},"end":{"line":527,"column":32}},"194":{"start":{"line":528,"column":12},"end":{"line":528,"column":19}},"195":{"start":{"line":530,"column":8},"end":{"line":530,"column":159}},"196":{"start":{"line":531,"column":8},"end":{"line":540,"column":11}},"197":{"start":{"line":532,"column":12},"end":{"line":536,"column":13}},"198":{"start":{"line":533,"column":16},"end":{"line":533,"column":33}},"199":{"start":{"line":534,"column":16},"end":{"line":534,"column":36}},"200":{"start":{"line":535,"column":16},"end":{"line":535,"column":23}},"201":{"start":{"line":537,"column":12},"end":{"line":537,"column":28}},"202":{"start":{"line":538,"column":12},"end":{"line":538,"column":30}},"203":{"start":{"line":539,"column":12},"end":{"line":539,"column":19}},"204":{"start":{"line":543,"column":8},"end":{"line":543,"column":28}},"205":{"start":{"line":566,"column":0},"end":{"line":587,"column":2}},"206":{"start":{"line":567,"column":19},"end":{"line":567,"column":36}},"207":{"start":{"line":568,"column":4},"end":{"line":586,"column":5}},"208":{"start":{"line":569,"column":8},"end":{"line":572,"column":9}},"209":{"start":{"line":570,"column":12},"end":{"line":570,"column":32}},"210":{"start":{"line":571,"column":12},"end":{"line":571,"column":19}},"211":{"start":{"line":573,"column":8},"end":{"line":573,"column":71}},"212":{"start":{"line":574,"column":8},"end":{"line":582,"column":11}},"213":{"start":{"line":575,"column":12},"end":{"line":579,"column":13}},"214":{"start":{"line":576,"column":16},"end":{"line":576,"column":33}},"215":{"start":{"line":577,"column":16},"end":{"line":577,"column":36}},"216":{"start":{"line":578,"column":16},"end":{"line":578,"column":23}},"217":{"start":{"line":580,"column":12},"end":{"line":580,"column":32}},"218":{"start":{"line":581,"column":12},"end":{"line":581,"column":19}},"219":{"start":{"line":585,"column":8},"end":{"line":585,"column":28}},"220":{"start":{"line":601,"column":0},"end":{"line":613,"column":2}},"221":{"start":{"line":602,"column":4},"end":{"line":602,"column":161}},"222":{"start":{"line":603,"column":4},"end":{"line":612,"column":7}},"223":{"start":{"line":604,"column":8},"end":{"line":608,"column":9}},"224":{"start":{"line":605,"column":12},"end":{"line":605,"column":29}},"225":{"start":{"line":606,"column":12},"end":{"line":606,"column":32}},"226":{"start":{"line":607,"column":12},"end":{"line":607,"column":19}},"227":{"start":{"line":609,"column":8},"end":{"line":609,"column":24}},"228":{"start":{"line":610,"column":8},"end":{"line":610,"column":26}},"229":{"start":{"line":611,"column":8},"end":{"line":611,"column":15}},"230":{"start":{"line":627,"column":0},"end":{"line":639,"column":2}},"231":{"start":{"line":628,"column":4},"end":{"line":628,"column":261}},"232":{"start":{"line":629,"column":4},"end":{"line":638,"column":7}},"233":{"start":{"line":630,"column":8},"end":{"line":634,"column":9}},"234":{"start":{"line":631,"column":12},"end":{"line":631,"column":29}},"235":{"start":{"line":632,"column":12},"end":{"line":632,"column":32}},"236":{"start":{"line":633,"column":12},"end":{"line":633,"column":19}},"237":{"start":{"line":635,"column":8},"end":{"line":635,"column":24}},"238":{"start":{"line":636,"column":8},"end":{"line":636,"column":26}},"239":{"start":{"line":637,"column":8},"end":{"line":637,"column":15}},"240":{"start":{"line":658,"column":0},"end":{"line":671,"column":2}},"241":{"start":{"line":659,"column":18},"end":{"line":659,"column":35}},"242":{"start":{"line":660,"column":4},"end":{"line":660,"column":295}},"243":{"start":{"line":661,"column":4},"end":{"line":670,"column":7}},"244":{"start":{"line":662,"column":8},"end":{"line":666,"column":9}},"245":{"start":{"line":663,"column":12},"end":{"line":663,"column":29}},"246":{"start":{"line":664,"column":12},"end":{"line":664,"column":32}},"247":{"start":{"line":665,"column":12},"end":{"line":665,"column":19}},"248":{"start":{"line":667,"column":8},"end":{"line":667,"column":24}},"249":{"start":{"line":668,"column":8},"end":{"line":668,"column":26}},"250":{"start":{"line":669,"column":8},"end":{"line":669,"column":15}},"251":{"start":{"line":685,"column":0},"end":{"line":697,"column":2}},"252":{"start":{"line":686,"column":4},"end":{"line":686,"column":247}},"253":{"start":{"line":687,"column":4},"end":{"line":696,"column":7}},"254":{"start":{"line":688,"column":8},"end":{"line":692,"column":9}},"255":{"start":{"line":689,"column":12},"end":{"line":689,"column":29}},"256":{"start":{"line":690,"column":12},"end":{"line":690,"column":32}},"257":{"start":{"line":691,"column":12},"end":{"line":691,"column":19}},"258":{"start":{"line":693,"column":8},"end":{"line":693,"column":24}},"259":{"start":{"line":694,"column":8},"end":{"line":694,"column":26}},"260":{"start":{"line":695,"column":8},"end":{"line":695,"column":15}},"261":{"start":{"line":716,"column":0},"end":{"line":729,"column":2}},"262":{"start":{"line":717,"column":18},"end":{"line":717,"column":35}},"263":{"start":{"line":718,"column":4},"end":{"line":718,"column":281}},"264":{"start":{"line":719,"column":4},"end":{"line":728,"column":7}},"265":{"start":{"line":720,"column":8},"end":{"line":724,"column":9}},"266":{"start":{"line":721,"column":12},"end":{"line":721,"column":29}},"267":{"start":{"line":722,"column":12},"end":{"line":722,"column":32}},"268":{"start":{"line":723,"column":12},"end":{"line":723,"column":19}},"269":{"start":{"line":725,"column":8},"end":{"line":725,"column":24}},"270":{"start":{"line":726,"column":8},"end":{"line":726,"column":26}},"271":{"start":{"line":727,"column":8},"end":{"line":727,"column":15}},"272":{"start":{"line":772,"column":0},"end":{"line":797,"column":2}},"273":{"start":{"line":773,"column":21},"end":{"line":773,"column":40}},"274":{"start":{"line":774,"column":16},"end":{"line":774,"column":30}},"275":{"start":{"line":775,"column":15},"end":{"line":775,"column":28}},"276":{"start":{"line":776,"column":15},"end":{"line":776,"column":28}},"277":{"start":{"line":777,"column":4},"end":{"line":796,"column":5}},"278":{"start":{"line":778,"column":8},"end":{"line":781,"column":9}},"279":{"start":{"line":779,"column":12},"end":{"line":779,"column":32}},"280":{"start":{"line":780,"column":12},"end":{"line":780,"column":19}},"281":{"start":{"line":782,"column":8},"end":{"line":782,"column":144}},"282":{"start":{"line":783,"column":8},"end":{"line":792,"column":11}},"283":{"start":{"line":784,"column":12},"end":{"line":788,"column":13}},"284":{"start":{"line":785,"column":16},"end":{"line":785,"column":33}},"285":{"start":{"line":786,"column":16},"end":{"line":786,"column":36}},"286":{"start":{"line":787,"column":16},"end":{"line":787,"column":23}},"287":{"start":{"line":789,"column":12},"end":{"line":789,"column":28}},"288":{"start":{"line":790,"column":12},"end":{"line":790,"column":30}},"289":{"start":{"line":791,"column":12},"end":{"line":791,"column":19}},"290":{"start":{"line":795,"column":8},"end":{"line":795,"column":28}},"291":{"start":{"line":820,"column":0},"end":{"line":841,"column":2}},"292":{"start":{"line":821,"column":20},"end":{"line":821,"column":38}},"293":{"start":{"line":822,"column":4},"end":{"line":840,"column":5}},"294":{"start":{"line":823,"column":8},"end":{"line":826,"column":9}},"295":{"start":{"line":824,"column":12},"end":{"line":824,"column":32}},"296":{"start":{"line":825,"column":12},"end":{"line":825,"column":19}},"297":{"start":{"line":827,"column":8},"end":{"line":827,"column":74}},"298":{"start":{"line":828,"column":8},"end":{"line":836,"column":11}},"299":{"start":{"line":829,"column":12},"end":{"line":833,"column":13}},"300":{"start":{"line":830,"column":16},"end":{"line":830,"column":33}},"301":{"start":{"line":831,"column":16},"end":{"line":831,"column":36}},"302":{"start":{"line":832,"column":16},"end":{"line":832,"column":23}},"303":{"start":{"line":834,"column":12},"end":{"line":834,"column":32}},"304":{"start":{"line":835,"column":12},"end":{"line":835,"column":19}},"305":{"start":{"line":839,"column":8},"end":{"line":839,"column":28}},"306":{"start":{"line":868,"column":0},"end":{"line":890,"column":2}},"307":{"start":{"line":869,"column":20},"end":{"line":869,"column":38}},"308":{"start":{"line":870,"column":16},"end":{"line":870,"column":30}},"309":{"start":{"line":871,"column":4},"end":{"line":889,"column":5}},"310":{"start":{"line":872,"column":8},"end":{"line":875,"column":9}},"311":{"start":{"line":873,"column":12},"end":{"line":873,"column":32}},"312":{"start":{"line":874,"column":12},"end":{"line":874,"column":19}},"313":{"start":{"line":876,"column":8},"end":{"line":876,"column":97}},"314":{"start":{"line":877,"column":8},"end":{"line":885,"column":11}},"315":{"start":{"line":878,"column":12},"end":{"line":882,"column":13}},"316":{"start":{"line":879,"column":16},"end":{"line":879,"column":33}},"317":{"start":{"line":880,"column":16},"end":{"line":880,"column":36}},"318":{"start":{"line":881,"column":16},"end":{"line":881,"column":23}},"319":{"start":{"line":883,"column":12},"end":{"line":883,"column":32}},"320":{"start":{"line":884,"column":12},"end":{"line":884,"column":19}},"321":{"start":{"line":888,"column":8},"end":{"line":888,"column":28}},"322":{"start":{"line":917,"column":0},"end":{"line":939,"column":2}},"323":{"start":{"line":918,"column":20},"end":{"line":918,"column":38}},"324":{"start":{"line":919,"column":21},"end":{"line":919,"column":40}},"325":{"start":{"line":920,"column":4},"end":{"line":938,"column":5}},"326":{"start":{"line":921,"column":8},"end":{"line":924,"column":9}},"327":{"start":{"line":922,"column":12},"end":{"line":922,"column":32}},"328":{"start":{"line":923,"column":12},"end":{"line":923,"column":19}},"329":{"start":{"line":925,"column":8},"end":{"line":925,"column":107}},"330":{"start":{"line":926,"column":8},"end":{"line":934,"column":11}},"331":{"start":{"line":927,"column":12},"end":{"line":931,"column":13}},"332":{"start":{"line":928,"column":16},"end":{"line":928,"column":33}},"333":{"start":{"line":929,"column":16},"end":{"line":929,"column":36}},"334":{"start":{"line":930,"column":16},"end":{"line":930,"column":23}},"335":{"start":{"line":932,"column":12},"end":{"line":932,"column":32}},"336":{"start":{"line":933,"column":12},"end":{"line":933,"column":19}},"337":{"start":{"line":937,"column":8},"end":{"line":937,"column":28}},"338":{"start":{"line":953,"column":0},"end":{"line":965,"column":2}},"339":{"start":{"line":954,"column":4},"end":{"line":954,"column":34}},"340":{"start":{"line":955,"column":4},"end":{"line":964,"column":7}},"341":{"start":{"line":956,"column":8},"end":{"line":960,"column":9}},"342":{"start":{"line":957,"column":12},"end":{"line":957,"column":29}},"343":{"start":{"line":958,"column":12},"end":{"line":958,"column":32}},"344":{"start":{"line":959,"column":12},"end":{"line":959,"column":19}},"345":{"start":{"line":961,"column":8},"end":{"line":961,"column":24}},"346":{"start":{"line":962,"column":8},"end":{"line":962,"column":26}},"347":{"start":{"line":963,"column":8},"end":{"line":963,"column":15}},"348":{"start":{"line":984,"column":0},"end":{"line":997,"column":2}},"349":{"start":{"line":985,"column":15},"end":{"line":985,"column":29}},"350":{"start":{"line":986,"column":4},"end":{"line":986,"column":62}},"351":{"start":{"line":987,"column":4},"end":{"line":996,"column":7}},"352":{"start":{"line":988,"column":8},"end":{"line":992,"column":9}},"353":{"start":{"line":989,"column":12},"end":{"line":989,"column":29}},"354":{"start":{"line":990,"column":12},"end":{"line":990,"column":32}},"355":{"start":{"line":991,"column":12},"end":{"line":991,"column":19}},"356":{"start":{"line":993,"column":8},"end":{"line":993,"column":24}},"357":{"start":{"line":994,"column":8},"end":{"line":994,"column":26}},"358":{"start":{"line":995,"column":8},"end":{"line":995,"column":15}},"359":{"start":{"line":1016,"column":0},"end":{"line":1029,"column":2}},"360":{"start":{"line":1017,"column":21},"end":{"line":1017,"column":41}},"361":{"start":{"line":1018,"column":4},"end":{"line":1018,"column":74}},"362":{"start":{"line":1019,"column":4},"end":{"line":1028,"column":7}},"363":{"start":{"line":1020,"column":8},"end":{"line":1024,"column":9}},"364":{"start":{"line":1021,"column":12},"end":{"line":1021,"column":29}},"365":{"start":{"line":1022,"column":12},"end":{"line":1022,"column":32}},"366":{"start":{"line":1023,"column":12},"end":{"line":1023,"column":19}},"367":{"start":{"line":1025,"column":8},"end":{"line":1025,"column":24}},"368":{"start":{"line":1026,"column":8},"end":{"line":1026,"column":26}},"369":{"start":{"line":1027,"column":8},"end":{"line":1027,"column":15}},"370":{"start":{"line":1048,"column":0},"end":{"line":1061,"column":2}},"371":{"start":{"line":1049,"column":20},"end":{"line":1049,"column":39}},"372":{"start":{"line":1050,"column":14},"end":{"line":1050,"column":75}},"373":{"start":{"line":1051,"column":4},"end":{"line":1060,"column":6}},"374":{"start":{"line":1052,"column":8},"end":{"line":1056,"column":9}},"375":{"start":{"line":1053,"column":12},"end":{"line":1053,"column":29}},"376":{"start":{"line":1054,"column":12},"end":{"line":1054,"column":32}},"377":{"start":{"line":1055,"column":12},"end":{"line":1055,"column":19}},"378":{"start":{"line":1057,"column":8},"end":{"line":1057,"column":24}},"379":{"start":{"line":1058,"column":8},"end":{"line":1058,"column":26}},"380":{"start":{"line":1059,"column":8},"end":{"line":1059,"column":15}},"381":{"start":{"line":1104,"column":0},"end":{"line":1130,"column":2}},"382":{"start":{"line":1105,"column":15},"end":{"line":1105,"column":28}},"383":{"start":{"line":1106,"column":19},"end":{"line":1106,"column":36}},"384":{"start":{"line":1107,"column":20},"end":{"line":1107,"column":38}},"385":{"start":{"line":1108,"column":20},"end":{"line":1108,"column":38}},"386":{"start":{"line":1109,"column":4},"end":{"line":1112,"column":5}},"387":{"start":{"line":1110,"column":8},"end":{"line":1110,"column":28}},"388":{"start":{"line":1111,"column":8},"end":{"line":1111,"column":15}},"389":{"start":{"line":1113,"column":4},"end":{"line":1129,"column":5}},"390":{"start":{"line":1114,"column":8},"end":{"line":1114,"column":168}},"391":{"start":{"line":1115,"column":8},"end":{"line":1124,"column":11}},"392":{"start":{"line":1116,"column":12},"end":{"line":1120,"column":13}},"393":{"start":{"line":1117,"column":16},"end":{"line":1117,"column":33}},"394":{"start":{"line":1118,"column":16},"end":{"line":1118,"column":36}},"395":{"start":{"line":1119,"column":16},"end":{"line":1119,"column":23}},"396":{"start":{"line":1121,"column":12},"end":{"line":1121,"column":28}},"397":{"start":{"line":1122,"column":12},"end":{"line":1122,"column":30}},"398":{"start":{"line":1123,"column":12},"end":{"line":1123,"column":19}},"399":{"start":{"line":1127,"column":8},"end":{"line":1127,"column":28}},"400":{"start":{"line":1128,"column":8},"end":{"line":1128,"column":15}},"401":{"start":{"line":1150,"column":0},"end":{"line":1166,"column":2}},"402":{"start":{"line":1151,"column":21},"end":{"line":1151,"column":40}},"403":{"start":{"line":1152,"column":4},"end":{"line":1155,"column":5}},"404":{"start":{"line":1153,"column":8},"end":{"line":1153,"column":28}},"405":{"start":{"line":1154,"column":8},"end":{"line":1154,"column":15}},"406":{"start":{"line":1156,"column":4},"end":{"line":1156,"column":73}},"407":{"start":{"line":1157,"column":4},"end":{"line":1165,"column":7}},"408":{"start":{"line":1158,"column":8},"end":{"line":1162,"column":9}},"409":{"start":{"line":1159,"column":12},"end":{"line":1159,"column":29}},"410":{"start":{"line":1160,"column":12},"end":{"line":1160,"column":32}},"411":{"start":{"line":1161,"column":12},"end":{"line":1161,"column":19}},"412":{"start":{"line":1163,"column":8},"end":{"line":1163,"column":28}},"413":{"start":{"line":1164,"column":8},"end":{"line":1164,"column":15}},"414":{"start":{"line":1191,"column":0},"end":{"line":1208,"column":2}},"415":{"start":{"line":1192,"column":19},"end":{"line":1192,"column":36}},"416":{"start":{"line":1193,"column":21},"end":{"line":1193,"column":40}},"417":{"start":{"line":1194,"column":4},"end":{"line":1197,"column":5}},"418":{"start":{"line":1195,"column":8},"end":{"line":1195,"column":28}},"419":{"start":{"line":1196,"column":8},"end":{"line":1196,"column":15}},"420":{"start":{"line":1198,"column":4},"end":{"line":1198,"column":102}},"421":{"start":{"line":1199,"column":4},"end":{"line":1207,"column":7}},"422":{"start":{"line":1200,"column":8},"end":{"line":1204,"column":9}},"423":{"start":{"line":1201,"column":12},"end":{"line":1201,"column":29}},"424":{"start":{"line":1202,"column":12},"end":{"line":1202,"column":32}},"425":{"start":{"line":1203,"column":12},"end":{"line":1203,"column":19}},"426":{"start":{"line":1205,"column":8},"end":{"line":1205,"column":28}},"427":{"start":{"line":1206,"column":8},"end":{"line":1206,"column":15}},"428":{"start":{"line":1234,"column":0},"end":{"line":1251,"column":2}},"429":{"start":{"line":1235,"column":21},"end":{"line":1235,"column":40}},"430":{"start":{"line":1236,"column":17},"end":{"line":1236,"column":32}},"431":{"start":{"line":1237,"column":4},"end":{"line":1240,"column":5}},"432":{"start":{"line":1238,"column":8},"end":{"line":1238,"column":28}},"433":{"start":{"line":1239,"column":8},"end":{"line":1239,"column":15}},"434":{"start":{"line":1241,"column":4},"end":{"line":1241,"column":104}},"435":{"start":{"line":1242,"column":4},"end":{"line":1250,"column":7}},"436":{"start":{"line":1243,"column":8},"end":{"line":1247,"column":9}},"437":{"start":{"line":1244,"column":12},"end":{"line":1244,"column":29}},"438":{"start":{"line":1245,"column":12},"end":{"line":1245,"column":32}},"439":{"start":{"line":1246,"column":12},"end":{"line":1246,"column":19}},"440":{"start":{"line":1248,"column":8},"end":{"line":1248,"column":28}},"441":{"start":{"line":1249,"column":8},"end":{"line":1249,"column":15}},"442":{"start":{"line":1265,"column":0},"end":{"line":1277,"column":2}},"443":{"start":{"line":1266,"column":14},"end":{"line":1266,"column":267}},"444":{"start":{"line":1267,"column":4},"end":{"line":1276,"column":6}},"445":{"start":{"line":1268,"column":8},"end":{"line":1272,"column":9}},"446":{"start":{"line":1269,"column":12},"end":{"line":1269,"column":29}},"447":{"start":{"line":1270,"column":12},"end":{"line":1270,"column":32}},"448":{"start":{"line":1271,"column":12},"end":{"line":1271,"column":19}},"449":{"start":{"line":1273,"column":8},"end":{"line":1273,"column":24}},"450":{"start":{"line":1274,"column":8},"end":{"line":1274,"column":26}},"451":{"start":{"line":1275,"column":8},"end":{"line":1275,"column":15}},"452":{"start":{"line":1291,"column":0},"end":{"line":1303,"column":2}},"453":{"start":{"line":1292,"column":14},"end":{"line":1292,"column":600}},"454":{"start":{"line":1293,"column":4},"end":{"line":1302,"column":6}},"455":{"start":{"line":1294,"column":8},"end":{"line":1298,"column":9}},"456":{"start":{"line":1295,"column":12},"end":{"line":1295,"column":29}},"457":{"start":{"line":1296,"column":12},"end":{"line":1296,"column":32}},"458":{"start":{"line":1297,"column":12},"end":{"line":1297,"column":19}},"459":{"start":{"line":1299,"column":8},"end":{"line":1299,"column":24}},"460":{"start":{"line":1300,"column":8},"end":{"line":1300,"column":26}},"461":{"start":{"line":1301,"column":8},"end":{"line":1301,"column":15}},"462":{"start":{"line":1322,"column":0},"end":{"line":1335,"column":2}},"463":{"start":{"line":1323,"column":20},"end":{"line":1323,"column":39}},"464":{"start":{"line":1324,"column":14},"end":{"line":1324,"column":638}},"465":{"start":{"line":1325,"column":4},"end":{"line":1334,"column":6}},"466":{"start":{"line":1326,"column":8},"end":{"line":1330,"column":9}},"467":{"start":{"line":1327,"column":12},"end":{"line":1327,"column":29}},"468":{"start":{"line":1328,"column":12},"end":{"line":1328,"column":32}},"469":{"start":{"line":1329,"column":12},"end":{"line":1329,"column":19}},"470":{"start":{"line":1331,"column":8},"end":{"line":1331,"column":24}},"471":{"start":{"line":1332,"column":8},"end":{"line":1332,"column":26}},"472":{"start":{"line":1333,"column":8},"end":{"line":1333,"column":15}},"473":{"start":{"line":1354,"column":0},"end":{"line":1367,"column":2}},"474":{"start":{"line":1355,"column":15},"end":{"line":1355,"column":29}},"475":{"start":{"line":1356,"column":14},"end":{"line":1356,"column":295}},"476":{"start":{"line":1357,"column":4},"end":{"line":1366,"column":6}},"477":{"start":{"line":1358,"column":8},"end":{"line":1362,"column":9}},"478":{"start":{"line":1359,"column":12},"end":{"line":1359,"column":29}},"479":{"start":{"line":1360,"column":12},"end":{"line":1360,"column":32}},"480":{"start":{"line":1361,"column":12},"end":{"line":1361,"column":19}},"481":{"start":{"line":1363,"column":8},"end":{"line":1363,"column":24}},"482":{"start":{"line":1364,"column":8},"end":{"line":1364,"column":26}},"483":{"start":{"line":1365,"column":8},"end":{"line":1365,"column":15}},"484":{"start":{"line":1386,"column":0},"end":{"line":1399,"column":2}},"485":{"start":{"line":1387,"column":21},"end":{"line":1387,"column":41}},"486":{"start":{"line":1388,"column":14},"end":{"line":1388,"column":309}},"487":{"start":{"line":1389,"column":4},"end":{"line":1398,"column":6}},"488":{"start":{"line":1390,"column":8},"end":{"line":1394,"column":9}},"489":{"start":{"line":1391,"column":12},"end":{"line":1391,"column":29}},"490":{"start":{"line":1392,"column":12},"end":{"line":1392,"column":32}},"491":{"start":{"line":1393,"column":12},"end":{"line":1393,"column":19}},"492":{"start":{"line":1395,"column":8},"end":{"line":1395,"column":24}},"493":{"start":{"line":1396,"column":8},"end":{"line":1396,"column":26}},"494":{"start":{"line":1397,"column":8},"end":{"line":1397,"column":15}},"495":{"start":{"line":1418,"column":0},"end":{"line":1431,"column":2}},"496":{"start":{"line":1419,"column":20},"end":{"line":1419,"column":39}},"497":{"start":{"line":1420,"column":14},"end":{"line":1420,"column":312}},"498":{"start":{"line":1421,"column":4},"end":{"line":1430,"column":6}},"499":{"start":{"line":1422,"column":8},"end":{"line":1426,"column":9}},"500":{"start":{"line":1423,"column":12},"end":{"line":1423,"column":29}},"501":{"start":{"line":1424,"column":12},"end":{"line":1424,"column":32}},"502":{"start":{"line":1425,"column":12},"end":{"line":1425,"column":19}},"503":{"start":{"line":1427,"column":8},"end":{"line":1427,"column":24}},"504":{"start":{"line":1428,"column":8},"end":{"line":1428,"column":26}},"505":{"start":{"line":1429,"column":8},"end":{"line":1429,"column":15}},"506":{"start":{"line":1450,"column":0},"end":{"line":1463,"column":2}},"507":{"start":{"line":1451,"column":20},"end":{"line":1451,"column":39}},"508":{"start":{"line":1452,"column":14},"end":{"line":1452,"column":295}},"509":{"start":{"line":1453,"column":4},"end":{"line":1462,"column":6}},"510":{"start":{"line":1454,"column":8},"end":{"line":1458,"column":9}},"511":{"start":{"line":1455,"column":12},"end":{"line":1455,"column":29}},"512":{"start":{"line":1456,"column":12},"end":{"line":1456,"column":32}},"513":{"start":{"line":1457,"column":12},"end":{"line":1457,"column":19}},"514":{"start":{"line":1459,"column":8},"end":{"line":1459,"column":24}},"515":{"start":{"line":1460,"column":8},"end":{"line":1460,"column":26}},"516":{"start":{"line":1461,"column":8},"end":{"line":1461,"column":15}},"517":{"start":{"line":1488,"column":0},"end":{"line":1511,"column":2}},"518":{"start":{"line":1489,"column":15},"end":{"line":1489,"column":31}},"519":{"start":{"line":1490,"column":4},"end":{"line":1510,"column":5}},"520":{"start":{"line":1491,"column":23},"end":{"line":1491,"column":40}},"521":{"start":{"line":1492,"column":8},"end":{"line":1492,"column":82}},"522":{"start":{"line":1493,"column":8},"end":{"line":1505,"column":11}},"523":{"start":{"line":1494,"column":12},"end":{"line":1498,"column":13}},"524":{"start":{"line":1495,"column":16},"end":{"line":1495,"column":33}},"525":{"start":{"line":1496,"column":16},"end":{"line":1496,"column":36}},"526":{"start":{"line":1497,"column":16},"end":{"line":1497,"column":23}},"527":{"start":{"line":1499,"column":12},"end":{"line":1502,"column":13}},"528":{"start":{"line":1500,"column":16},"end":{"line":1500,"column":42}},"529":{"start":{"line":1501,"column":16},"end":{"line":1501,"column":23}},"530":{"start":{"line":1503,"column":12},"end":{"line":1503,"column":32}},"531":{"start":{"line":1504,"column":12},"end":{"line":1504,"column":19}},"532":{"start":{"line":1508,"column":8},"end":{"line":1508,"column":28}},"533":{"start":{"line":1509,"column":8},"end":{"line":1509,"column":15}},"534":{"start":{"line":1520,"column":0},"end":{"line":1528,"column":2}},"535":{"start":{"line":1522,"column":4},"end":{"line":1527,"column":5}},"536":{"start":{"line":1523,"column":8},"end":{"line":1523,"column":28}},"537":{"start":{"line":1526,"column":8},"end":{"line":1526,"column":28}},"538":{"start":{"line":1551,"column":0},"end":{"line":1568,"column":2}},"539":{"start":{"line":1553,"column":15},"end":{"line":1553,"column":31}},"540":{"start":{"line":1554,"column":4},"end":{"line":1567,"column":5}},"541":{"start":{"line":1555,"column":23},"end":{"line":1555,"column":40}},"542":{"start":{"line":1556,"column":25},"end":{"line":1556,"column":39}},"543":{"start":{"line":1557,"column":8},"end":{"line":1557,"column":106}},"544":{"start":{"line":1558,"column":8},"end":{"line":1566,"column":11}},"545":{"start":{"line":1559,"column":12},"end":{"line":1563,"column":13}},"546":{"start":{"line":1560,"column":16},"end":{"line":1560,"column":33}},"547":{"start":{"line":1561,"column":16},"end":{"line":1561,"column":36}},"548":{"start":{"line":1562,"column":16},"end":{"line":1562,"column":23}},"549":{"start":{"line":1564,"column":12},"end":{"line":1564,"column":38}},"550":{"start":{"line":1565,"column":12},"end":{"line":1565,"column":19}},"551":{"start":{"line":1601,"column":0},"end":{"line":1640,"column":2}},"552":{"start":{"line":1602,"column":15},"end":{"line":1602,"column":31}},"553":{"start":{"line":1603,"column":4},"end":{"line":1639,"column":5}},"554":{"start":{"line":1604,"column":23},"end":{"line":1604,"column":40}},"555":{"start":{"line":1605,"column":30},"end":{"line":1605,"column":54}},"556":{"start":{"line":1606,"column":28},"end":{"line":1606,"column":45}},"557":{"start":{"line":1607,"column":8},"end":{"line":1607,"column":125}},"558":{"start":{"line":1608,"column":8},"end":{"line":1634,"column":11}},"559":{"start":{"line":1609,"column":12},"end":{"line":1633,"column":13}},"560":{"start":{"line":1610,"column":16},"end":{"line":1610,"column":33}},"561":{"start":{"line":1611,"column":16},"end":{"line":1611,"column":36}},"562":{"start":{"line":1612,"column":16},"end":{"line":1612,"column":23}},"563":{"start":{"line":1614,"column":17},"end":{"line":1633,"column":13}},"564":{"start":{"line":1615,"column":16},"end":{"line":1615,"column":124}},"565":{"start":{"line":1616,"column":16},"end":{"line":1628,"column":19}},"566":{"start":{"line":1617,"column":20},"end":{"line":1621,"column":21}},"567":{"start":{"line":1618,"column":24},"end":{"line":1618,"column":41}},"568":{"start":{"line":1619,"column":24},"end":{"line":1619,"column":44}},"569":{"start":{"line":1620,"column":24},"end":{"line":1620,"column":31}},"570":{"start":{"line":1622,"column":20},"end":{"line":1625,"column":21}},"571":{"start":{"line":1623,"column":24},"end":{"line":1623,"column":50}},"572":{"start":{"line":1624,"column":24},"end":{"line":1624,"column":31}},"573":{"start":{"line":1626,"column":20},"end":{"line":1626,"column":40}},"574":{"start":{"line":1627,"column":20},"end":{"line":1627,"column":27}},"575":{"start":{"line":1631,"column":16},"end":{"line":1631,"column":36}},"576":{"start":{"line":1632,"column":16},"end":{"line":1632,"column":23}},"577":{"start":{"line":1637,"column":8},"end":{"line":1637,"column":28}},"578":{"start":{"line":1638,"column":8},"end":{"line":1638,"column":15}},"579":{"start":{"line":1667,"column":0},"end":{"line":1691,"column":2}},"580":{"start":{"line":1668,"column":15},"end":{"line":1668,"column":31}},"581":{"start":{"line":1669,"column":4},"end":{"line":1690,"column":5}},"582":{"start":{"line":1670,"column":23},"end":{"line":1670,"column":40}},"583":{"start":{"line":1671,"column":25},"end":{"line":1671,"column":39}},"584":{"start":{"line":1672,"column":8},"end":{"line":1672,"column":110}},"585":{"start":{"line":1673,"column":8},"end":{"line":1685,"column":11}},"586":{"start":{"line":1674,"column":12},"end":{"line":1678,"column":13}},"587":{"start":{"line":1675,"column":16},"end":{"line":1675,"column":33}},"588":{"start":{"line":1676,"column":16},"end":{"line":1676,"column":36}},"589":{"start":{"line":1677,"column":16},"end":{"line":1677,"column":23}},"590":{"start":{"line":1679,"column":12},"end":{"line":1682,"column":13}},"591":{"start":{"line":1680,"column":16},"end":{"line":1680,"column":42}},"592":{"start":{"line":1681,"column":16},"end":{"line":1681,"column":23}},"593":{"start":{"line":1683,"column":12},"end":{"line":1683,"column":32}},"594":{"start":{"line":1684,"column":12},"end":{"line":1684,"column":19}},"595":{"start":{"line":1688,"column":8},"end":{"line":1688,"column":28}},"596":{"start":{"line":1689,"column":8},"end":{"line":1689,"column":15}},"597":{"start":{"line":1718,"column":0},"end":{"line":1742,"column":2}},"598":{"start":{"line":1719,"column":15},"end":{"line":1719,"column":31}},"599":{"start":{"line":1720,"column":4},"end":{"line":1741,"column":5}},"600":{"start":{"line":1721,"column":23},"end":{"line":1721,"column":40}},"601":{"start":{"line":1722,"column":28},"end":{"line":1722,"column":45}},"602":{"start":{"line":1723,"column":8},"end":{"line":1723,"column":116}},"603":{"start":{"line":1724,"column":8},"end":{"line":1736,"column":11}},"604":{"start":{"line":1725,"column":12},"end":{"line":1729,"column":13}},"605":{"start":{"line":1726,"column":16},"end":{"line":1726,"column":33}},"606":{"start":{"line":1727,"column":16},"end":{"line":1727,"column":36}},"607":{"start":{"line":1728,"column":16},"end":{"line":1728,"column":23}},"608":{"start":{"line":1730,"column":12},"end":{"line":1733,"column":13}},"609":{"start":{"line":1731,"column":16},"end":{"line":1731,"column":42}},"610":{"start":{"line":1732,"column":16},"end":{"line":1732,"column":23}},"611":{"start":{"line":1734,"column":12},"end":{"line":1734,"column":32}},"612":{"start":{"line":1735,"column":12},"end":{"line":1735,"column":19}},"613":{"start":{"line":1739,"column":8},"end":{"line":1739,"column":28}},"614":{"start":{"line":1740,"column":8},"end":{"line":1740,"column":15}},"615":{"start":{"line":1769,"column":0},"end":{"line":1792,"column":2}},"616":{"start":{"line":1770,"column":15},"end":{"line":1770,"column":31}},"617":{"start":{"line":1771,"column":4},"end":{"line":1791,"column":5}},"618":{"start":{"line":1772,"column":23},"end":{"line":1772,"column":40}},"619":{"start":{"line":1773,"column":26},"end":{"line":1773,"column":46}},"620":{"start":{"line":1774,"column":8},"end":{"line":1774,"column":117}},"621":{"start":{"line":1775,"column":8},"end":{"line":1787,"column":11}},"622":{"start":{"line":1776,"column":12},"end":{"line":1780,"column":13}},"623":{"start":{"line":1777,"column":16},"end":{"line":1777,"column":33}},"624":{"start":{"line":1778,"column":16},"end":{"line":1778,"column":36}},"625":{"start":{"line":1779,"column":16},"end":{"line":1779,"column":23}},"626":{"start":{"line":1781,"column":12},"end":{"line":1784,"column":13}},"627":{"start":{"line":1782,"column":16},"end":{"line":1782,"column":42}},"628":{"start":{"line":1783,"column":16},"end":{"line":1783,"column":23}},"629":{"start":{"line":1785,"column":12},"end":{"line":1785,"column":32}},"630":{"start":{"line":1786,"column":12},"end":{"line":1786,"column":19}},"631":{"start":{"line":1790,"column":8},"end":{"line":1790,"column":28}},"632":{"start":{"line":1819,"column":0},"end":{"line":1842,"column":2}},"633":{"start":{"line":1820,"column":19},"end":{"line":1820,"column":35}},"634":{"start":{"line":1821,"column":21},"end":{"line":1821,"column":40}},"635":{"start":{"line":1822,"column":4},"end":{"line":1825,"column":5}},"636":{"start":{"line":1823,"column":8},"end":{"line":1823,"column":28}},"637":{"start":{"line":1824,"column":8},"end":{"line":1824,"column":15}},"638":{"start":{"line":1826,"column":4},"end":{"line":1829,"column":5}},"639":{"start":{"line":1827,"column":8},"end":{"line":1827,"column":28}},"640":{"start":{"line":1828,"column":8},"end":{"line":1828,"column":15}},"641":{"start":{"line":1830,"column":4},"end":{"line":1830,"column":25}},"642":{"start":{"line":1831,"column":4},"end":{"line":1831,"column":26}},"643":{"start":{"line":1832,"column":14},"end":{"line":1832,"column":114}},"644":{"start":{"line":1833,"column":4},"end":{"line":1841,"column":6}},"645":{"start":{"line":1834,"column":8},"end":{"line":1838,"column":9}},"646":{"start":{"line":1835,"column":12},"end":{"line":1835,"column":29}},"647":{"start":{"line":1836,"column":12},"end":{"line":1836,"column":32}},"648":{"start":{"line":1837,"column":12},"end":{"line":1837,"column":19}},"649":{"start":{"line":1839,"column":8},"end":{"line":1839,"column":28}},"650":{"start":{"line":1840,"column":8},"end":{"line":1840,"column":15}},"651":{"start":{"line":1869,"column":0},"end":{"line":1892,"column":2}},"652":{"start":{"line":1870,"column":19},"end":{"line":1870,"column":35}},"653":{"start":{"line":1871,"column":21},"end":{"line":1871,"column":40}},"654":{"start":{"line":1872,"column":4},"end":{"line":1875,"column":5}},"655":{"start":{"line":1873,"column":8},"end":{"line":1873,"column":28}},"656":{"start":{"line":1874,"column":8},"end":{"line":1874,"column":15}},"657":{"start":{"line":1876,"column":4},"end":{"line":1879,"column":5}},"658":{"start":{"line":1877,"column":8},"end":{"line":1877,"column":28}},"659":{"start":{"line":1878,"column":8},"end":{"line":1878,"column":15}},"660":{"start":{"line":1880,"column":4},"end":{"line":1880,"column":32}},"661":{"start":{"line":1881,"column":4},"end":{"line":1881,"column":26}},"662":{"start":{"line":1882,"column":14},"end":{"line":1882,"column":115}},"663":{"start":{"line":1883,"column":4},"end":{"line":1891,"column":6}},"664":{"start":{"line":1884,"column":8},"end":{"line":1888,"column":9}},"665":{"start":{"line":1885,"column":12},"end":{"line":1885,"column":29}},"666":{"start":{"line":1886,"column":12},"end":{"line":1886,"column":32}},"667":{"start":{"line":1887,"column":12},"end":{"line":1887,"column":19}},"668":{"start":{"line":1889,"column":8},"end":{"line":1889,"column":28}},"669":{"start":{"line":1890,"column":8},"end":{"line":1890,"column":15}},"670":{"start":{"line":1919,"column":0},"end":{"line":1940,"column":2}},"671":{"start":{"line":1920,"column":19},"end":{"line":1920,"column":35}},"672":{"start":{"line":1921,"column":20},"end":{"line":1921,"column":38}},"673":{"start":{"line":1922,"column":4},"end":{"line":1925,"column":5}},"674":{"start":{"line":1923,"column":8},"end":{"line":1923,"column":28}},"675":{"start":{"line":1924,"column":8},"end":{"line":1924,"column":15}},"676":{"start":{"line":1926,"column":4},"end":{"line":1929,"column":5}},"677":{"start":{"line":1927,"column":8},"end":{"line":1927,"column":28}},"678":{"start":{"line":1928,"column":8},"end":{"line":1928,"column":15}},"679":{"start":{"line":1930,"column":14},"end":{"line":1930,"column":110}},"680":{"start":{"line":1931,"column":4},"end":{"line":1939,"column":6}},"681":{"start":{"line":1932,"column":8},"end":{"line":1936,"column":9}},"682":{"start":{"line":1933,"column":12},"end":{"line":1933,"column":29}},"683":{"start":{"line":1934,"column":12},"end":{"line":1934,"column":32}},"684":{"start":{"line":1935,"column":12},"end":{"line":1935,"column":19}},"685":{"start":{"line":1937,"column":8},"end":{"line":1937,"column":28}},"686":{"start":{"line":1938,"column":8},"end":{"line":1938,"column":15}},"687":{"start":{"line":1967,"column":0},"end":{"line":1988,"column":2}},"688":{"start":{"line":1968,"column":19},"end":{"line":1968,"column":35}},"689":{"start":{"line":1969,"column":20},"end":{"line":1969,"column":38}},"690":{"start":{"line":1970,"column":4},"end":{"line":1973,"column":5}},"691":{"start":{"line":1971,"column":8},"end":{"line":1971,"column":28}},"692":{"start":{"line":1972,"column":8},"end":{"line":1972,"column":15}},"693":{"start":{"line":1974,"column":4},"end":{"line":1977,"column":5}},"694":{"start":{"line":1975,"column":8},"end":{"line":1975,"column":28}},"695":{"start":{"line":1976,"column":8},"end":{"line":1976,"column":15}},"696":{"start":{"line":1978,"column":14},"end":{"line":1978,"column":111}},"697":{"start":{"line":1979,"column":4},"end":{"line":1987,"column":6}},"698":{"start":{"line":1980,"column":8},"end":{"line":1984,"column":9}},"699":{"start":{"line":1981,"column":12},"end":{"line":1981,"column":29}},"700":{"start":{"line":1982,"column":12},"end":{"line":1982,"column":32}},"701":{"start":{"line":1983,"column":12},"end":{"line":1983,"column":19}},"702":{"start":{"line":1985,"column":8},"end":{"line":1985,"column":28}},"703":{"start":{"line":1986,"column":8},"end":{"line":1986,"column":15}},"704":{"start":{"line":2010,"column":0},"end":{"line":2030,"column":2}},"705":{"start":{"line":2011,"column":15},"end":{"line":2011,"column":31}},"706":{"start":{"line":2012,"column":4},"end":{"line":2029,"column":5}},"707":{"start":{"line":2013,"column":23},"end":{"line":2013,"column":41}},"708":{"start":{"line":2014,"column":8},"end":{"line":2014,"column":176}},"709":{"start":{"line":2015,"column":8},"end":{"line":2024,"column":11}},"710":{"start":{"line":2016,"column":12},"end":{"line":2020,"column":13}},"711":{"start":{"line":2017,"column":16},"end":{"line":2017,"column":33}},"712":{"start":{"line":2018,"column":16},"end":{"line":2018,"column":36}},"713":{"start":{"line":2019,"column":16},"end":{"line":2019,"column":23}},"714":{"start":{"line":2021,"column":12},"end":{"line":2021,"column":28}},"715":{"start":{"line":2022,"column":12},"end":{"line":2022,"column":30}},"716":{"start":{"line":2023,"column":12},"end":{"line":2023,"column":19}},"717":{"start":{"line":2027,"column":8},"end":{"line":2027,"column":28}},"718":{"start":{"line":2028,"column":8},"end":{"line":2028,"column":15}},"719":{"start":{"line":2046,"column":0},"end":{"line":2064,"column":2}},"720":{"start":{"line":2047,"column":15},"end":{"line":2047,"column":31}},"721":{"start":{"line":2048,"column":4},"end":{"line":2063,"column":5}},"722":{"start":{"line":2049,"column":8},"end":{"line":2049,"column":140}},"723":{"start":{"line":2050,"column":8},"end":{"line":2058,"column":11}},"724":{"start":{"line":2051,"column":12},"end":{"line":2055,"column":13}},"725":{"start":{"line":2052,"column":16},"end":{"line":2052,"column":33}},"726":{"start":{"line":2053,"column":16},"end":{"line":2053,"column":36}},"727":{"start":{"line":2054,"column":16},"end":{"line":2054,"column":23}},"728":{"start":{"line":2056,"column":12},"end":{"line":2056,"column":30}},"729":{"start":{"line":2057,"column":12},"end":{"line":2057,"column":19}},"730":{"start":{"line":2061,"column":8},"end":{"line":2061,"column":28}},"731":{"start":{"line":2062,"column":8},"end":{"line":2062,"column":15}},"732":{"start":{"line":2085,"column":0},"end":{"line":2104,"column":2}},"733":{"start":{"line":2086,"column":4},"end":{"line":2103,"column":5}},"734":{"start":{"line":2087,"column":19},"end":{"line":2087,"column":35}},"735":{"start":{"line":2088,"column":18},"end":{"line":2088,"column":355}},"736":{"start":{"line":2089,"column":8},"end":{"line":2098,"column":10}},"737":{"start":{"line":2090,"column":12},"end":{"line":2094,"column":13}},"738":{"start":{"line":2091,"column":16},"end":{"line":2091,"column":33}},"739":{"start":{"line":2092,"column":16},"end":{"line":2092,"column":36}},"740":{"start":{"line":2093,"column":16},"end":{"line":2093,"column":23}},"741":{"start":{"line":2095,"column":12},"end":{"line":2095,"column":28}},"742":{"start":{"line":2096,"column":12},"end":{"line":2096,"column":30}},"743":{"start":{"line":2097,"column":12},"end":{"line":2097,"column":19}},"744":{"start":{"line":2101,"column":8},"end":{"line":2101,"column":28}},"745":{"start":{"line":2102,"column":8},"end":{"line":2102,"column":15}},"746":{"start":{"line":2129,"column":0},"end":{"line":2149,"column":2}},"747":{"start":{"line":2130,"column":4},"end":{"line":2148,"column":5}},"748":{"start":{"line":2131,"column":23},"end":{"line":2131,"column":39}},"749":{"start":{"line":2132,"column":23},"end":{"line":2132,"column":43}},"750":{"start":{"line":2133,"column":18},"end":{"line":2133,"column":119}},"751":{"start":{"line":2134,"column":8},"end":{"line":2143,"column":10}},"752":{"start":{"line":2135,"column":12},"end":{"line":2139,"column":13}},"753":{"start":{"line":2136,"column":16},"end":{"line":2136,"column":33}},"754":{"start":{"line":2137,"column":16},"end":{"line":2137,"column":36}},"755":{"start":{"line":2138,"column":16},"end":{"line":2138,"column":23}},"756":{"start":{"line":2140,"column":12},"end":{"line":2140,"column":28}},"757":{"start":{"line":2141,"column":12},"end":{"line":2141,"column":30}},"758":{"start":{"line":2142,"column":12},"end":{"line":2142,"column":19}},"759":{"start":{"line":2146,"column":8},"end":{"line":2146,"column":28}},"760":{"start":{"line":2147,"column":8},"end":{"line":2147,"column":15}},"761":{"start":{"line":2170,"column":0},"end":{"line":2189,"column":2}},"762":{"start":{"line":2171,"column":4},"end":{"line":2188,"column":5}},"763":{"start":{"line":2172,"column":19},"end":{"line":2172,"column":35}},"764":{"start":{"line":2173,"column":18},"end":{"line":2173,"column":125}},"765":{"start":{"line":2174,"column":8},"end":{"line":2183,"column":10}},"766":{"start":{"line":2175,"column":12},"end":{"line":2179,"column":13}},"767":{"start":{"line":2176,"column":16},"end":{"line":2176,"column":33}},"768":{"start":{"line":2177,"column":16},"end":{"line":2177,"column":36}},"769":{"start":{"line":2178,"column":16},"end":{"line":2178,"column":23}},"770":{"start":{"line":2180,"column":12},"end":{"line":2180,"column":28}},"771":{"start":{"line":2181,"column":12},"end":{"line":2181,"column":30}},"772":{"start":{"line":2182,"column":12},"end":{"line":2182,"column":19}},"773":{"start":{"line":2186,"column":8},"end":{"line":2186,"column":28}},"774":{"start":{"line":2187,"column":8},"end":{"line":2187,"column":15}},"775":{"start":{"line":2214,"column":0},"end":{"line":2233,"column":2}},"776":{"start":{"line":2215,"column":4},"end":{"line":2232,"column":5}},"777":{"start":{"line":2216,"column":23},"end":{"line":2216,"column":39}},"778":{"start":{"line":2217,"column":22},"end":{"line":2217,"column":41}},"779":{"start":{"line":2218,"column":18},"end":{"line":2218,"column":115}},"780":{"start":{"line":2219,"column":8},"end":{"line":2227,"column":10}},"781":{"start":{"line":2220,"column":12},"end":{"line":2224,"column":13}},"782":{"start":{"line":2221,"column":16},"end":{"line":2221,"column":33}},"783":{"start":{"line":2222,"column":16},"end":{"line":2222,"column":36}},"784":{"start":{"line":2223,"column":16},"end":{"line":2223,"column":23}},"785":{"start":{"line":2225,"column":12},"end":{"line":2225,"column":30}},"786":{"start":{"line":2226,"column":12},"end":{"line":2226,"column":19}},"787":{"start":{"line":2230,"column":8},"end":{"line":2230,"column":28}},"788":{"start":{"line":2231,"column":8},"end":{"line":2231,"column":15}},"789":{"start":{"line":2280,"column":0},"end":{"line":2311,"column":2}},"790":{"start":{"line":2281,"column":4},"end":{"line":2310,"column":5}},"791":{"start":{"line":2282,"column":23},"end":{"line":2282,"column":39}},"792":{"start":{"line":2283,"column":21},"end":{"line":2283,"column":36}},"793":{"start":{"line":2284,"column":23},"end":{"line":2284,"column":38}},"794":{"start":{"line":2285,"column":20},"end":{"line":2285,"column":34}},"795":{"start":{"line":2286,"column":22},"end":{"line":2286,"column":40}},"796":{"start":{"line":2287,"column":8},"end":{"line":2290,"column":9}},"797":{"start":{"line":2288,"column":12},"end":{"line":2288,"column":32}},"798":{"start":{"line":2289,"column":12},"end":{"line":2289,"column":19}},"799":{"start":{"line":2291,"column":18},"end":{"line":2291,"column":185}},"800":{"start":{"line":2292,"column":8},"end":{"line":2305,"column":10}},"801":{"start":{"line":2293,"column":12},"end":{"line":2297,"column":13}},"802":{"start":{"line":2294,"column":16},"end":{"line":2294,"column":33}},"803":{"start":{"line":2295,"column":16},"end":{"line":2295,"column":36}},"804":{"start":{"line":2296,"column":16},"end":{"line":2296,"column":23}},"805":{"start":{"line":2298,"column":12},"end":{"line":2298,"column":28}},"806":{"start":{"line":2299,"column":12},"end":{"line":2302,"column":13}},"807":{"start":{"line":2300,"column":16},"end":{"line":2300,"column":37}},"808":{"start":{"line":2301,"column":16},"end":{"line":2301,"column":23}},"809":{"start":{"line":2303,"column":12},"end":{"line":2303,"column":30}},"810":{"start":{"line":2304,"column":12},"end":{"line":2304,"column":19}},"811":{"start":{"line":2308,"column":8},"end":{"line":2308,"column":28}},"812":{"start":{"line":2309,"column":8},"end":{"line":2309,"column":15}},"813":{"start":{"line":2339,"column":0},"end":{"line":2373,"column":2}},"814":{"start":{"line":2340,"column":4},"end":{"line":2372,"column":5}},"815":{"start":{"line":2341,"column":19},"end":{"line":2341,"column":35}},"816":{"start":{"line":2342,"column":8},"end":{"line":2367,"column":9}},"817":{"start":{"line":2343,"column":31},"end":{"line":2343,"column":52}},"818":{"start":{"line":2344,"column":12},"end":{"line":2347,"column":13}},"819":{"start":{"line":2345,"column":16},"end":{"line":2345,"column":36}},"820":{"start":{"line":2346,"column":16},"end":{"line":2346,"column":23}},"821":{"start":{"line":2348,"column":22},"end":{"line":2348,"column":90}},"822":{"start":{"line":2349,"column":12},"end":{"line":2362,"column":14}},"823":{"start":{"line":2350,"column":16},"end":{"line":2354,"column":17}},"824":{"start":{"line":2351,"column":20},"end":{"line":2351,"column":37}},"825":{"start":{"line":2352,"column":20},"end":{"line":2352,"column":40}},"826":{"start":{"line":2353,"column":20},"end":{"line":2353,"column":27}},"827":{"start":{"line":2355,"column":16},"end":{"line":2358,"column":17}},"828":{"start":{"line":2356,"column":20},"end":{"line":2356,"column":46}},"829":{"start":{"line":2357,"column":20},"end":{"line":2357,"column":27}},"830":{"start":{"line":2359,"column":16},"end":{"line":2359,"column":32}},"831":{"start":{"line":2360,"column":16},"end":{"line":2360,"column":34}},"832":{"start":{"line":2361,"column":16},"end":{"line":2361,"column":23}},"833":{"start":{"line":2365,"column":12},"end":{"line":2365,"column":32}},"834":{"start":{"line":2366,"column":12},"end":{"line":2366,"column":19}},"835":{"start":{"line":2370,"column":8},"end":{"line":2370,"column":28}},"836":{"start":{"line":2371,"column":8},"end":{"line":2371,"column":15}},"837":{"start":{"line":2392,"column":0},"end":{"line":2404,"column":2}},"838":{"start":{"line":2393,"column":19},"end":{"line":2393,"column":37}},"839":{"start":{"line":2394,"column":4},"end":{"line":2394,"column":288}},"840":{"start":{"line":2395,"column":4},"end":{"line":2403,"column":7}},"841":{"start":{"line":2396,"column":8},"end":{"line":2400,"column":9}},"842":{"start":{"line":2397,"column":12},"end":{"line":2397,"column":29}},"843":{"start":{"line":2398,"column":12},"end":{"line":2398,"column":32}},"844":{"start":{"line":2399,"column":12},"end":{"line":2399,"column":19}},"845":{"start":{"line":2401,"column":8},"end":{"line":2401,"column":26}},"846":{"start":{"line":2402,"column":8},"end":{"line":2402,"column":15}},"847":{"start":{"line":2423,"column":0},"end":{"line":2435,"column":2}},"848":{"start":{"line":2424,"column":18},"end":{"line":2424,"column":37}},"849":{"start":{"line":2425,"column":4},"end":{"line":2425,"column":288}},"850":{"start":{"line":2426,"column":4},"end":{"line":2434,"column":7}},"851":{"start":{"line":2427,"column":8},"end":{"line":2431,"column":9}},"852":{"start":{"line":2428,"column":12},"end":{"line":2428,"column":29}},"853":{"start":{"line":2429,"column":12},"end":{"line":2429,"column":32}},"854":{"start":{"line":2430,"column":12},"end":{"line":2430,"column":19}},"855":{"start":{"line":2432,"column":8},"end":{"line":2432,"column":26}},"856":{"start":{"line":2433,"column":8},"end":{"line":2433,"column":15}},"857":{"start":{"line":2449,"column":0},"end":{"line":2460,"column":2}},"858":{"start":{"line":2450,"column":14},"end":{"line":2450,"column":257}},"859":{"start":{"line":2451,"column":4},"end":{"line":2459,"column":7}},"860":{"start":{"line":2452,"column":8},"end":{"line":2456,"column":9}},"861":{"start":{"line":2453,"column":12},"end":{"line":2453,"column":29}},"862":{"start":{"line":2454,"column":12},"end":{"line":2454,"column":32}},"863":{"start":{"line":2455,"column":12},"end":{"line":2455,"column":19}},"864":{"start":{"line":2457,"column":8},"end":{"line":2457,"column":26}},"865":{"start":{"line":2458,"column":8},"end":{"line":2458,"column":15}},"866":{"start":{"line":2495,"column":0},"end":{"line":2497,"column":2}},"867":{"start":{"line":2513,"column":0},"end":{"line":2525,"column":2}},"868":{"start":{"line":2514,"column":4},"end":{"line":2514,"column":36}},"869":{"start":{"line":2515,"column":4},"end":{"line":2524,"column":7}},"870":{"start":{"line":2516,"column":8},"end":{"line":2520,"column":9}},"871":{"start":{"line":2517,"column":12},"end":{"line":2517,"column":29}},"872":{"start":{"line":2518,"column":12},"end":{"line":2518,"column":32}},"873":{"start":{"line":2519,"column":12},"end":{"line":2519,"column":19}},"874":{"start":{"line":2521,"column":8},"end":{"line":2521,"column":24}},"875":{"start":{"line":2522,"column":8},"end":{"line":2522,"column":26}},"876":{"start":{"line":2523,"column":8},"end":{"line":2523,"column":15}},"877":{"start":{"line":2528,"column":4},"end":{"line":2533,"column":7}},"878":{"start":{"line":2529,"column":8},"end":{"line":2532,"column":9}},"879":{"start":{"line":2530,"column":12},"end":{"line":2530,"column":68}},"880":{"start":{"line":2531,"column":12},"end":{"line":2531,"column":19}},"881":{"start":{"line":2536,"column":0},"end":{"line":2536,"column":25}},"882":{"start":{"line":2537,"column":0},"end":{"line":2537,"column":33}}},"fnMap":{"0":{"name":"(anonymous_0)","decl":{"start":{"line":48,"column":8},"end":{"line":48,"column":9}},"loc":{"start":{"line":48,"column":35},"end":{"line":54,"column":1}},"line":48},"1":{"name":"(anonymous_1)","decl":{"start":{"line":56,"column":8},"end":{"line":56,"column":9}},"loc":{"start":{"line":56,"column":28},"end":{"line":62,"column":1}},"line":56},"2":{"name":"(anonymous_2)","decl":{"start":{"line":64,"column":13},"end":{"line":64,"column":14}},"loc":{"start":{"line":64,"column":27},"end":{"line":71,"column":1}},"line":64},"3":{"name":"(anonymous_3)","decl":{"start":{"line":73,"column":19},"end":{"line":73,"column":20}},"loc":{"start":{"line":73,"column":33},"end":{"line":80,"column":1}},"line":73},"4":{"name":"(anonymous_4)","decl":{"start":{"line":82,"column":20},"end":{"line":82,"column":21}},"loc":{"start":{"line":82,"column":34},"end":{"line":94,"column":1}},"line":82},"5":{"name":"(anonymous_5)","decl":{"start":{"line":96,"column":19},"end":{"line":96,"column":20}},"loc":{"start":{"line":96,"column":33},"end":{"line":103,"column":1}},"line":96},"6":{"name":"(anonymous_6)","decl":{"start":{"line":105,"column":22},"end":{"line":105,"column":23}},"loc":{"start":{"line":105,"column":36},"end":{"line":112,"column":1}},"line":105},"7":{"name":"(anonymous_7)","decl":{"start":{"line":114,"column":18},"end":{"line":114,"column":19}},"loc":{"start":{"line":114,"column":32},"end":{"line":116,"column":1}},"line":114},"8":{"name":"(anonymous_8)","decl":{"start":{"line":118,"column":19},"end":{"line":118,"column":20}},"loc":{"start":{"line":118,"column":33},"end":{"line":123,"column":1}},"line":118},"9":{"name":"(anonymous_9)","decl":{"start":{"line":125,"column":22},"end":{"line":125,"column":23}},"loc":{"start":{"line":125,"column":36},"end":{"line":132,"column":1}},"line":125},"10":{"name":"(anonymous_10)","decl":{"start":{"line":134,"column":27},"end":{"line":134,"column":28}},"loc":{"start":{"line":134,"column":41},"end":{"line":146,"column":1}},"line":134},"11":{"name":"(anonymous_11)","decl":{"start":{"line":148,"column":25},"end":{"line":148,"column":26}},"loc":{"start":{"line":148,"column":39},"end":{"line":155,"column":1}},"line":148},"12":{"name":"(anonymous_12)","decl":{"start":{"line":157,"column":29},"end":{"line":157,"column":30}},"loc":{"start":{"line":157,"column":43},"end":{"line":164,"column":1}},"line":157},"13":{"name":"(anonymous_13)","decl":{"start":{"line":166,"column":19},"end":{"line":166,"column":20}},"loc":{"start":{"line":166,"column":33},"end":{"line":168,"column":1}},"line":166},"14":{"name":"(anonymous_14)","decl":{"start":{"line":170,"column":33},"end":{"line":170,"column":34}},"loc":{"start":{"line":170,"column":47},"end":{"line":172,"column":1}},"line":170},"15":{"name":"(anonymous_15)","decl":{"start":{"line":174,"column":21},"end":{"line":174,"column":22}},"loc":{"start":{"line":174,"column":35},"end":{"line":186,"column":1}},"line":174},"16":{"name":"(anonymous_16)","decl":{"start":{"line":211,"column":19},"end":{"line":211,"column":20}},"loc":{"start":{"line":211,"column":33},"end":{"line":239,"column":1}},"line":211},"17":{"name":"(anonymous_17)","decl":{"start":{"line":215,"column":19},"end":{"line":215,"column":20}},"loc":{"start":{"line":215,"column":48},"end":{"line":238,"column":5}},"line":215},"18":{"name":"(anonymous_18)","decl":{"start":{"line":222,"column":35},"end":{"line":222,"column":36}},"loc":{"start":{"line":222,"column":45},"end":{"line":232,"column":13}},"line":222},"19":{"name":"(anonymous_19)","decl":{"start":{"line":278,"column":24},"end":{"line":278,"column":25}},"loc":{"start":{"line":278,"column":38},"end":{"line":307,"column":1}},"line":278},"20":{"name":"(anonymous_20)","decl":{"start":{"line":284,"column":28},"end":{"line":284,"column":29}},"loc":{"start":{"line":284,"column":57},"end":{"line":306,"column":5}},"line":284},"21":{"name":"(anonymous_21)","decl":{"start":{"line":296,"column":38},"end":{"line":296,"column":39}},"loc":{"start":{"line":296,"column":60},"end":{"line":304,"column":13}},"line":296},"22":{"name":"(anonymous_22)","decl":{"start":{"line":348,"column":32},"end":{"line":348,"column":33}},"loc":{"start":{"line":348,"column":46},"end":{"line":373,"column":1}},"line":348},"23":{"name":"(anonymous_23)","decl":{"start":{"line":358,"column":23},"end":{"line":358,"column":24}},"loc":{"start":{"line":358,"column":45},"end":{"line":367,"column":9}},"line":358},"24":{"name":"(anonymous_24)","decl":{"start":{"line":393,"column":36},"end":{"line":393,"column":37}},"loc":{"start":{"line":393,"column":50},"end":{"line":415,"column":1}},"line":393},"25":{"name":"(anonymous_25)","decl":{"start":{"line":401,"column":23},"end":{"line":401,"column":24}},"loc":{"start":{"line":401,"column":45},"end":{"line":409,"column":9}},"line":401},"26":{"name":"(anonymous_26)","decl":{"start":{"line":431,"column":36},"end":{"line":431,"column":37}},"loc":{"start":{"line":431,"column":50},"end":{"line":443,"column":1}},"line":431},"27":{"name":"(anonymous_27)","decl":{"start":{"line":433,"column":19},"end":{"line":433,"column":20}},"loc":{"start":{"line":433,"column":41},"end":{"line":442,"column":5}},"line":433},"28":{"name":"(anonymous_28)","decl":{"start":{"line":461,"column":44},"end":{"line":461,"column":45}},"loc":{"start":{"line":461,"column":58},"end":{"line":474,"column":1}},"line":461},"29":{"name":"(anonymous_29)","decl":{"start":{"line":464,"column":19},"end":{"line":464,"column":20}},"loc":{"start":{"line":464,"column":41},"end":{"line":473,"column":5}},"line":464},"30":{"name":"(anonymous_30)","decl":{"start":{"line":520,"column":29},"end":{"line":520,"column":30}},"loc":{"start":{"line":520,"column":43},"end":{"line":545,"column":1}},"line":520},"31":{"name":"(anonymous_31)","decl":{"start":{"line":531,"column":23},"end":{"line":531,"column":24}},"loc":{"start":{"line":531,"column":45},"end":{"line":540,"column":9}},"line":531},"32":{"name":"(anonymous_32)","decl":{"start":{"line":566,"column":33},"end":{"line":566,"column":34}},"loc":{"start":{"line":566,"column":47},"end":{"line":587,"column":1}},"line":566},"33":{"name":"(anonymous_33)","decl":{"start":{"line":574,"column":23},"end":{"line":574,"column":24}},"loc":{"start":{"line":574,"column":45},"end":{"line":582,"column":9}},"line":574},"34":{"name":"(anonymous_34)","decl":{"start":{"line":601,"column":33},"end":{"line":601,"column":34}},"loc":{"start":{"line":601,"column":47},"end":{"line":613,"column":1}},"line":601},"35":{"name":"(anonymous_35)","decl":{"start":{"line":603,"column":19},"end":{"line":603,"column":20}},"loc":{"start":{"line":603,"column":41},"end":{"line":612,"column":5}},"line":603},"36":{"name":"(anonymous_36)","decl":{"start":{"line":627,"column":40},"end":{"line":627,"column":41}},"loc":{"start":{"line":627,"column":54},"end":{"line":639,"column":1}},"line":627},"37":{"name":"(anonymous_37)","decl":{"start":{"line":629,"column":19},"end":{"line":629,"column":20}},"loc":{"start":{"line":629,"column":41},"end":{"line":638,"column":5}},"line":629},"38":{"name":"(anonymous_38)","decl":{"start":{"line":658,"column":53},"end":{"line":658,"column":54}},"loc":{"start":{"line":658,"column":67},"end":{"line":671,"column":1}},"line":658},"39":{"name":"(anonymous_39)","decl":{"start":{"line":661,"column":19},"end":{"line":661,"column":20}},"loc":{"start":{"line":661,"column":41},"end":{"line":670,"column":5}},"line":661},"40":{"name":"(anonymous_40)","decl":{"start":{"line":685,"column":39},"end":{"line":685,"column":40}},"loc":{"start":{"line":685,"column":53},"end":{"line":697,"column":1}},"line":685},"41":{"name":"(anonymous_41)","decl":{"start":{"line":687,"column":19},"end":{"line":687,"column":20}},"loc":{"start":{"line":687,"column":41},"end":{"line":696,"column":5}},"line":687},"42":{"name":"(anonymous_42)","decl":{"start":{"line":716,"column":52},"end":{"line":716,"column":53}},"loc":{"start":{"line":716,"column":66},"end":{"line":729,"column":1}},"line":716},"43":{"name":"(anonymous_43)","decl":{"start":{"line":719,"column":19},"end":{"line":719,"column":20}},"loc":{"start":{"line":719,"column":41},"end":{"line":728,"column":5}},"line":719},"44":{"name":"(anonymous_44)","decl":{"start":{"line":772,"column":30},"end":{"line":772,"column":31}},"loc":{"start":{"line":772,"column":44},"end":{"line":797,"column":1}},"line":772},"45":{"name":"(anonymous_45)","decl":{"start":{"line":783,"column":23},"end":{"line":783,"column":24}},"loc":{"start":{"line":783,"column":45},"end":{"line":792,"column":9}},"line":783},"46":{"name":"(anonymous_46)","decl":{"start":{"line":820,"column":34},"end":{"line":820,"column":35}},"loc":{"start":{"line":820,"column":48},"end":{"line":841,"column":1}},"line":820},"47":{"name":"(anonymous_47)","decl":{"start":{"line":828,"column":23},"end":{"line":828,"column":24}},"loc":{"start":{"line":828,"column":45},"end":{"line":836,"column":9}},"line":828},"48":{"name":"(anonymous_48)","decl":{"start":{"line":868,"column":32},"end":{"line":868,"column":33}},"loc":{"start":{"line":868,"column":46},"end":{"line":890,"column":1}},"line":868},"49":{"name":"(anonymous_49)","decl":{"start":{"line":877,"column":23},"end":{"line":877,"column":24}},"loc":{"start":{"line":877,"column":45},"end":{"line":885,"column":9}},"line":877},"50":{"name":"(anonymous_50)","decl":{"start":{"line":917,"column":37},"end":{"line":917,"column":38}},"loc":{"start":{"line":917,"column":51},"end":{"line":939,"column":1}},"line":917},"51":{"name":"(anonymous_51)","decl":{"start":{"line":926,"column":23},"end":{"line":926,"column":24}},"loc":{"start":{"line":926,"column":45},"end":{"line":934,"column":9}},"line":926},"52":{"name":"(anonymous_52)","decl":{"start":{"line":953,"column":33},"end":{"line":953,"column":34}},"loc":{"start":{"line":953,"column":47},"end":{"line":965,"column":1}},"line":953},"53":{"name":"(anonymous_53)","decl":{"start":{"line":955,"column":19},"end":{"line":955,"column":20}},"loc":{"start":{"line":955,"column":41},"end":{"line":964,"column":5}},"line":955},"54":{"name":"(anonymous_54)","decl":{"start":{"line":984,"column":43},"end":{"line":984,"column":44}},"loc":{"start":{"line":984,"column":57},"end":{"line":997,"column":1}},"line":984},"55":{"name":"(anonymous_55)","decl":{"start":{"line":987,"column":19},"end":{"line":987,"column":20}},"loc":{"start":{"line":987,"column":41},"end":{"line":996,"column":5}},"line":987},"56":{"name":"(anonymous_56)","decl":{"start":{"line":1016,"column":49},"end":{"line":1016,"column":50}},"loc":{"start":{"line":1016,"column":63},"end":{"line":1029,"column":1}},"line":1016},"57":{"name":"(anonymous_57)","decl":{"start":{"line":1019,"column":19},"end":{"line":1019,"column":20}},"loc":{"start":{"line":1019,"column":41},"end":{"line":1028,"column":5}},"line":1019},"58":{"name":"(anonymous_58)","decl":{"start":{"line":1048,"column":37},"end":{"line":1048,"column":38}},"loc":{"start":{"line":1048,"column":51},"end":{"line":1061,"column":1}},"line":1048},"59":{"name":"(anonymous_59)","decl":{"start":{"line":1051,"column":19},"end":{"line":1051,"column":20}},"loc":{"start":{"line":1051,"column":41},"end":{"line":1060,"column":5}},"line":1051},"60":{"name":"(anonymous_60)","decl":{"start":{"line":1104,"column":31},"end":{"line":1104,"column":32}},"loc":{"start":{"line":1104,"column":45},"end":{"line":1130,"column":1}},"line":1104},"61":{"name":"(anonymous_61)","decl":{"start":{"line":1115,"column":23},"end":{"line":1115,"column":24}},"loc":{"start":{"line":1115,"column":45},"end":{"line":1124,"column":9}},"line":1115},"62":{"name":"(anonymous_62)","decl":{"start":{"line":1150,"column":35},"end":{"line":1150,"column":36}},"loc":{"start":{"line":1150,"column":49},"end":{"line":1166,"column":1}},"line":1150},"63":{"name":"(anonymous_63)","decl":{"start":{"line":1157,"column":19},"end":{"line":1157,"column":20}},"loc":{"start":{"line":1157,"column":41},"end":{"line":1165,"column":5}},"line":1157},"64":{"name":"(anonymous_64)","decl":{"start":{"line":1191,"column":34},"end":{"line":1191,"column":35}},"loc":{"start":{"line":1191,"column":48},"end":{"line":1208,"column":1}},"line":1191},"65":{"name":"(anonymous_65)","decl":{"start":{"line":1199,"column":19},"end":{"line":1199,"column":20}},"loc":{"start":{"line":1199,"column":41},"end":{"line":1207,"column":5}},"line":1199},"66":{"name":"(anonymous_66)","decl":{"start":{"line":1234,"column":32},"end":{"line":1234,"column":33}},"loc":{"start":{"line":1234,"column":46},"end":{"line":1251,"column":1}},"line":1234},"67":{"name":"(anonymous_67)","decl":{"start":{"line":1242,"column":19},"end":{"line":1242,"column":20}},"loc":{"start":{"line":1242,"column":41},"end":{"line":1250,"column":5}},"line":1242},"68":{"name":"(anonymous_68)","decl":{"start":{"line":1265,"column":35},"end":{"line":1265,"column":36}},"loc":{"start":{"line":1265,"column":49},"end":{"line":1277,"column":1}},"line":1265},"69":{"name":"(anonymous_69)","decl":{"start":{"line":1267,"column":19},"end":{"line":1267,"column":20}},"loc":{"start":{"line":1267,"column":41},"end":{"line":1276,"column":5}},"line":1267},"70":{"name":"(anonymous_70)","decl":{"start":{"line":1291,"column":43},"end":{"line":1291,"column":44}},"loc":{"start":{"line":1291,"column":57},"end":{"line":1303,"column":1}},"line":1291},"71":{"name":"(anonymous_71)","decl":{"start":{"line":1293,"column":19},"end":{"line":1293,"column":20}},"loc":{"start":{"line":1293,"column":41},"end":{"line":1302,"column":5}},"line":1293},"72":{"name":"(anonymous_72)","decl":{"start":{"line":1322,"column":58},"end":{"line":1322,"column":59}},"loc":{"start":{"line":1322,"column":72},"end":{"line":1335,"column":1}},"line":1322},"73":{"name":"(anonymous_73)","decl":{"start":{"line":1325,"column":19},"end":{"line":1325,"column":20}},"loc":{"start":{"line":1325,"column":41},"end":{"line":1334,"column":5}},"line":1325},"74":{"name":"(anonymous_74)","decl":{"start":{"line":1354,"column":40},"end":{"line":1354,"column":41}},"loc":{"start":{"line":1354,"column":54},"end":{"line":1367,"column":1}},"line":1354},"75":{"name":"(anonymous_75)","decl":{"start":{"line":1357,"column":19},"end":{"line":1357,"column":20}},"loc":{"start":{"line":1357,"column":41},"end":{"line":1366,"column":5}},"line":1357},"76":{"name":"(anonymous_76)","decl":{"start":{"line":1386,"column":38},"end":{"line":1386,"column":39}},"loc":{"start":{"line":1386,"column":52},"end":{"line":1399,"column":1}},"line":1386},"77":{"name":"(anonymous_77)","decl":{"start":{"line":1389,"column":19},"end":{"line":1389,"column":20}},"loc":{"start":{"line":1389,"column":41},"end":{"line":1398,"column":5}},"line":1389},"78":{"name":"(anonymous_78)","decl":{"start":{"line":1418,"column":43},"end":{"line":1418,"column":44}},"loc":{"start":{"line":1418,"column":57},"end":{"line":1431,"column":1}},"line":1418},"79":{"name":"(anonymous_79)","decl":{"start":{"line":1421,"column":19},"end":{"line":1421,"column":20}},"loc":{"start":{"line":1421,"column":41},"end":{"line":1430,"column":5}},"line":1421},"80":{"name":"(anonymous_80)","decl":{"start":{"line":1450,"column":45},"end":{"line":1450,"column":46}},"loc":{"start":{"line":1450,"column":59},"end":{"line":1463,"column":1}},"line":1450},"81":{"name":"(anonymous_81)","decl":{"start":{"line":1453,"column":19},"end":{"line":1453,"column":20}},"loc":{"start":{"line":1453,"column":41},"end":{"line":1462,"column":5}},"line":1453},"82":{"name":"(anonymous_82)","decl":{"start":{"line":1488,"column":33},"end":{"line":1488,"column":34}},"loc":{"start":{"line":1488,"column":47},"end":{"line":1511,"column":1}},"line":1488},"83":{"name":"(anonymous_83)","decl":{"start":{"line":1493,"column":23},"end":{"line":1493,"column":24}},"loc":{"start":{"line":1493,"column":45},"end":{"line":1505,"column":9}},"line":1493},"84":{"name":"(anonymous_84)","decl":{"start":{"line":1520,"column":35},"end":{"line":1520,"column":36}},"loc":{"start":{"line":1520,"column":49},"end":{"line":1528,"column":1}},"line":1520},"85":{"name":"(anonymous_85)","decl":{"start":{"line":1551,"column
[...]
d":{"line":1780,"column":13}},"type":"if","locations":[{"start":{"line":1776,"column":12},"end":{"line":1780,"column":13}},{"start":{},"end":{}}],"line":1776},"108":{"loc":{"start":{"line":1781,"column":12},"end":{"line":1784,"column":13}},"type":"if","locations":[{"start":{"line":1781,"column":12},"end":{"line":1784,"column":13}},{"start":{},"end":{}}],"line":1781},"109":{"loc":{"start":{"line":1781,"column":15},"end":{"line":1781,"column":90}},"type":"binary-expr","locations":[{"start":{"line":1781,"column":15},"end":{"line":1781,"column":46}},{"start":{"line":1781,"column":50},"end":{"line":1781,"column":90}}],"line":1781},"110":{"loc":{"start":{"line":1822,"column":4},"end":{"line":1825,"column":5}},"type":"if","locations":[{"start":{"line":1822,"column":4},"end":{"line":1825,"column":5}},{"start":{},"end":{}}],"line":1822},"111":{"loc":{"start":{"line":1826,"column":4},"end":{"line":1829,"column":5}},"type":"if","locations":[{"start":{"line":1826,"column":4},"end":{"line":1829,"column":5}},{"start":{},"end":{}}],"line":1826},"112":{"loc":{"start":{"line":1834,"column":8},"end":{"line":1838,"column":9}},"type":"if","locations":[{"start":{"line":1834,"column":8},"end":{"line":1838,"column":9}},{"start":{},"end":{}}],"line":1834},"113":{"loc":{"start":{"line":1872,"column":4},"end":{"line":1875,"column":5}},"type":"if","locations":[{"start":{"line":1872,"column":4},"end":{"line":1875,"column":5}},{"start":{},"end":{}}],"line":1872},"114":{"loc":{"start":{"line":1876,"column":4},"end":{"line":1879,"column":5}},"type":"if","locations":[{"start":{"line":1876,"column":4},"end":{"line":1879,"column":5}},{"start":{},"end":{}}],"line":1876},"115":{"loc":{"start":{"line":1884,"column":8},"end":{"line":1888,"column":9}},"type":"if","locations":[{"start":{"line":1884,"column":8},"end":{"line":1888,"column":9}},{"start":{},"end":{}}],"line":1884},"116":{"loc":{"start":{"line":1922,"column":4},"end":{"line":1925,"column":5}},"type":"if","locations":[{"start":{"line":1922,"column":4},"end":{"line":1925,"column":5}},{"start":{},"end":{}}],"line":1922},"117":{"loc":{"start":{"line":1926,"column":4},"end":{"line":1929,"column":5}},"type":"if","locations":[{"start":{"line":1926,"column":4},"end":{"line":1929,"column":5}},{"start":{},"end":{}}],"line":1926},"118":{"loc":{"start":{"line":1932,"column":8},"end":{"line":1936,"column":9}},"type":"if","locations":[{"start":{"line":1932,"column":8},"end":{"line":1936,"column":9}},{"start":{},"end":{}}],"line":1932},"119":{"loc":{"start":{"line":1970,"column":4},"end":{"line":1973,"column":5}},"type":"if","locations":[{"start":{"line":1970,"column":4},"end":{"line":1973,"column":5}},{"start":{},"end":{}}],"line":1970},"120":{"loc":{"start":{"line":1974,"column":4},"end":{"line":1977,"column":5}},"type":"if","locations":[{"start":{"line":1974,"column":4},"end":{"line":1977,"column":5}},{"start":{},"end":{}}],"line":1974},"121":{"loc":{"start":{"line":1980,"column":8},"end":{"line":1984,"column":9}},"type":"if","locations":[{"start":{"line":1980,"column":8},"end":{"line":1984,"column":9}},{"start":{},"end":{}}],"line":1980},"122":{"loc":{"start":{"line":2012,"column":4},"end":{"line":2029,"column":5}},"type":"if","locations":[{"start":{"line":2012,"column":4},"end":{"line":2029,"column":5}},{"start":{"line":2026,"column":8},"end":{"line":2029,"column":5}}],"line":2012},"123":{"loc":{"start":{"line":2012,"column":7},"end":{"line":2012,"column":56}},"type":"binary-expr","locations":[{"start":{"line":2012,"column":7},"end":{"line":2012,"column":26}},{"start":{"line":2012,"column":30},"end":{"line":2012,"column":56}}],"line":2012},"124":{"loc":{"start":{"line":2016,"column":12},"end":{"line":2020,"column":13}},"type":"if","locations":[{"start":{"line":2016,"column":12},"end":{"line":2020,"column":13}},{"start":{},"end":{}}],"line":2016},"125":{"loc":{"start":{"line":2048,"column":4},"end":{"line":2063,"column":5}},"type":"if","locations":[{"start":{"line":2048,"column":4},"end":{"line":2063,"column":5}},{"start":{"line":2060,"column":8},"end":{"line":2063,"column":5}}],"line":2048},"126":{"loc":{"start":{"line":2051,"column":12},"end":{"line":2055,"column":13}},"type":"if","locations":[{"start":{"line":2051,"column":12},"end":{"line":2055,"column":13}},{"start":{},"end":{}}],"line":2051},"127":{"loc":{"start":{"line":2086,"column":4},"end":{"line":2103,"column":5}},"type":"if","locations":[{"start":{"line":2086,"column":4},"end":{"line":2103,"column":5}},{"start":{"line":2100,"column":8},"end":{"line":2103,"column":5}}],"line":2086},"128":{"loc":{"start":{"line":2090,"column":12},"end":{"line":2094,"column":13}},"type":"if","locations":[{"start":{"line":2090,"column":12},"end":{"line":2094,"column":13}},{"start":{},"end":{}}],"line":2090},"129":{"loc":{"start":{"line":2130,"column":4},"end":{"line":2148,"column":5}},"type":"if","locations":[{"start":{"line":2130,"column":4},"end":{"line":2148,"column":5}},{"start":{"line":2145,"column":8},"end":{"line":2148,"column":5}}],"line":2130},"130":{"loc":{"start":{"line":2135,"column":12},"end":{"line":2139,"column":13}},"type":"if","locations":[{"start":{"line":2135,"column":12},"end":{"line":2139,"column":13}},{"start":{},"end":{}}],"line":2135},"131":{"loc":{"start":{"line":2171,"column":4},"end":{"line":2188,"column":5}},"type":"if","locations":[{"start":{"line":2171,"column":4},"end":{"line":2188,"column":5}},{"start":{"line":2185,"column":8},"end":{"line":2188,"column":5}}],"line":2171},"132":{"loc":{"start":{"line":2175,"column":12},"end":{"line":2179,"column":13}},"type":"if","locations":[{"start":{"line":2175,"column":12},"end":{"line":2179,"column":13}},{"start":{},"end":{}}],"line":2175},"133":{"loc":{"start":{"line":2215,"column":4},"end":{"line":2232,"column":5}},"type":"if","locations":[{"start":{"line":2215,"column":4},"end":{"line":2232,"column":5}},{"start":{"line":2229,"column":8},"end":{"line":2232,"column":5}}],"line":2215},"134":{"loc":{"start":{"line":2220,"column":12},"end":{"line":2224,"column":13}},"type":"if","locations":[{"start":{"line":2220,"column":12},"end":{"line":2224,"column":13}},{"start":{},"end":{}}],"line":2220},"135":{"loc":{"start":{"line":2281,"column":4},"end":{"line":2310,"column":5}},"type":"if","locations":[{"start":{"line":2281,"column":4},"end":{"line":2310,"column":5}},{"start":{"line":2307,"column":8},"end":{"line":2310,"column":5}}],"line":2281},"136":{"loc":{"start":{"line":2287,"column":8},"end":{"line":2290,"column":9}},"type":"if","locations":[{"start":{"line":2287,"column":8},"end":{"line":2290,"column":9}},{"start":{},"end":{}}],"line":2287},"137":{"loc":{"start":{"line":2287,"column":11},"end":{"line":2287,"column":39}},"type":"binary-expr","locations":[{"start":{"line":2287,"column":11},"end":{"line":2287,"column":23}},{"start":{"line":2287,"column":27},"end":{"line":2287,"column":39}}],"line":2287},"138":{"loc":{"start":{"line":2293,"column":12},"end":{"line":2297,"column":13}},"type":"if","locations":[{"start":{"line":2293,"column":12},"end":{"line":2297,"column":13}},{"start":{},"end":{}}],"line":2293},"139":{"loc":{"start":{"line":2299,"column":12},"end":{"line":2302,"column":13}},"type":"if","locations":[{"start":{"line":2299,"column":12},"end":{"line":2302,"column":13}},{"start":{},"end":{}}],"line":2299},"140":{"loc":{"start":{"line":2299,"column":15},"end":{"line":2299,"column":90}},"type":"binary-expr","locations":[{"start":{"line":2299,"column":15},"end":{"line":2299,"column":46}},{"start":{"line":2299,"column":50},"end":{"line":2299,"column":90}}],"line":2299},"141":{"loc":{"start":{"line":2340,"column":4},"end":{"line":2372,"column":5}},"type":"if","locations":[{"start":{"line":2340,"column":4},"end":{"line":2372,"column":5}},{"start":{"line":2369,"column":8},"end":{"line":2372,"column":5}}],"line":2340},"142":{"loc":{"start":{"line":2342,"column":8},"end":{"line":2367,"column":9}},"type":"if","locations":[{"start":{"line":2342,"column":8},"end":{"line":2367,"column":9}},{"start":{"line":2364,"column":12},"end":{"line":2367,"column":9}}],"line":2342},"143":{"loc":{"start":{"line":2342,"column":11},"end":{"line":2342,"column":59}},"type":"binary-expr","locations":[{"start":{"line":2342,"column":11},"end":{"line":2342,"column":30}},{"start":{"line":2342,"column":34},"end":{"line":2342,"column":59}}],"line":2342},"144":{"loc":{"start":{"line":2344,"column":12},"end":{"line":2347,"column":13}},"type":"if","locations":[{"start":{"line":2344,"column":12},"end":{"line":2347,"column":13}},{"start":{},"end":{}}],"line":2344},"145":{"loc":{"start":{"line":2350,"column":16},"end":{"line":2354,"column":17}},"type":"if","locations":[{"start":{"line":2350,"column":16},"end":{"line":2354,"column":17}},{"start":{},"end":{}}],"line":2350},"146":{"loc":{"start":{"line":2355,"column":16},"end":{"line":2358,"column":17}},"type":"if","locations":[{"start":{"line":2355,"column":16},"end":{"line":2358,"column":17}},{"start":{},"end":{}}],"line":2355},"147":{"loc":{"start":{"line":2355,"column":19},"end":{"line":2355,"column":94}},"type":"binary-expr","locations":[{"start":{"line":2355,"column":19},"end":{"line":2355,"column":50}},{"start":{"line":2355,"column":54},"end":{"line":2355,"column":94}}],"line":2355},"148":{"loc":{"start":{"line":2396,"column":8},"end":{"line":2400,"column":9}},"type":"if","locations":[{"start":{"line":2396,"column":8},"end":{"line":2400,"column":9}},{"start":{},"end":{}}],"line":2396},"149":{"loc":{"start":{"line":2427,"column":8},"end":{"line":2431,"column":9}},"type":"if","locations":[{"start":{"line":2427,"column":8},"end":{"line":2431,"column":9}},{"start":{},"end":{}}],"line":2427},"150":{"loc":{"start":{"line":2452,"column":8},"end":{"line":2456,"column":9}},"type":"if","locations":[{"start":{"line":2452,"column":8},"end":{"line":2456,"column":9}},{"start":{},"end":{}}],"line":2452},"151":{"loc":{"start":{"line":2516,"column":8},"end":{"line":2520,"column":9}},"type":"if","locations":[{"start":{"line":2516,"column":8},"end":{"line":2520,"column":9}},{"start":{},"end":{}}],"line":2516},"152":{"loc":{"start":{"line":2529,"column":8},"end":{"line":2532,"column":9}},"type":"if","locations":[{"start":{"line":2529,"column":8},"end":{"line":2532,"column":9}},{"start":{},"end":{}}],"line":2529}},"s":{"0":8,"1":8,"2":8,"3":8,"4":8,"5":8,"6":8,"7":8,"8":8,"9":8,"10":8,"11":8,"12":8,"13":8,"14":8,"15":8,"16":8,"17":8,"18":8,"19":8,"20":8,"21":8,"22":8,"23":8,"24":76,"25":76,"26":0,"27":0,"28":8,"29":76,"30":76,"31":76,"32":76,"33":8,"34":0,"35":0,"36":0,"37":8,"38":0,"39":0,"40":0,"41":8,"42":0,"43":0,"44":0,"45":0,"46":0,"47":8,"48":0,"49":0,"50":0,"51":8,"52":0,"53":0,"54":0,"55":8,"56":0,"57":8,"58":0,"59":0,"60":0,"61":8,"62":0,"63":0,"64":0,"65":8,"66":0,"67":0,"68":0,"69":0,"70":0,"71":8,"72":0,"73":0,"74":0,"75":8,"76":0,"77":0,"78":0,"79":8,"80":0,"81":8,"82":0,"83":8,"84":0,"85":0,"86":0,"87":0,"88":0,"89":8,"90":7,"91":7,"92":7,"93":7,"94":7,"95":0,"96":0,"97":0,"98":7,"99":7,"100":7,"101":7,"102":6,"103":1,"104":7,"105":7,"106":0,"107":0,"108":8,"109":2,"110":2,"111":2,"112":2,"113":2,"114":2,"115":2,"116":0,"117":0,"118":0,"119":2,"120":0,"121":0,"122":2,"123":2,"124":2,"125":0,"126":0,"127":0,"128":2,"129":2,"130":8,"131":1,"132":1,"133":1,"134":1,"135":1,"136":0,"137":0,"138":1,"139":1,"140":1,"141":0,"142":0,"143":0,"144":1,"145":1,"146":1,"147":0,"148":0,"149":8,"150":1,"151":1,"152":1,"153":1,"154":0,"155":0,"156":1,"157":1,"158":0,"159":0,"160":0,"161":1,"162":1,"163":0,"164":0,"165":8,"166":1,"167":1,"168":1,"169":0,"170":0,"171":0,"172":1,"173":1,"174":1,"175":8,"176":1,"177":1,"178":1,"179":1,"180":0,"181":0,"182":0,"183":1,"184":1,"185":1,"186":8,"187":3,"188":3,"189":3,"190":3,"191":3,"192":1,"193":0,"194":0,"195":1,"196":1,"197":1,"198":0,"199":0,"200":0,"201":1,"202":1,"203":1,"204":2,"205":8,"206":1,"207":1,"208":1,"209":0,"210":0,"211":1,"212":1,"213":1,"214":0,"215":0,"216":0,"217":1,"218":1,"219":0,"220":8,"221":1,"222":1,"223":1,"224":0,"225":0,"226":0,"227":1,"228":1,"229":1,"230":8,"231":1,"232":1,"233":1,"234":0,"235":0,"236":0,"237":1,"238":1,"239":1,"240":8,"241":1,"242":1,"243":1,"244":1,"245":0,"246":0,"247":0,"248":1,"249":1,"250":1,"251":8,"252":1,"253":1,"254":1,"255":0,"256":0,"257":0,"258":1,"259":1,"260":1,"261":8,"262":4,"263":4,"264":4,"265":4,"266":0,"267":0,"268":0,"269":4,"270":4,"271":4,"272":8,"273":2,"274":2,"275":2,"276":2,"277":2,"278":1,"279":0,"280":0,"281":1,"282":1,"283":1,"284":0,"285":0,"286":0,"287":1,"288":1,"289":1,"290":1,"291":8,"292":1,"293":1,"294":1,"295":0,"296":0,"297":1,"298":1,"299":1,"300":0,"301":0,"302":0,"303":1,"304":1,"305":0,"306":8,"307":1,"308":1,"309":1,"310":1,"311":0,"312":0,"313":1,"314":1,"315":1,"316":0,"317":0,"318":0,"319":1,"320":1,"321":0,"322":8,"323":1,"324":1,"325":1,"326":1,"327":0,"328":0,"329":1,"330":1,"331":1,"332":0,"333":0,"334":0,"335":1,"336":1,"337":0,"338":8,"339":1,"340":1,"341":1,"342":0,"343":0,"344":0,"345":1,"346":1,"347":1,"348":8,"349":1,"350":1,"351":1,"352":1,"353":0,"354":0,"355":0,"356":1,"357":1,"358":1,"359":8,"360":1,"361":1,"362":1,"363":1,"364":0,"365":0,"366":0,"367":1,"368":1,"369":1,"370":8,"371":2,"372":2,"373":2,"374":2,"375":0,"376":0,"377":0,"378":2,"379":2,"380":2,"381":8,"382":2,"383":2,"384":2,"385":2,"386":2,"387":0,"388":0,"389":2,"390":1,"391":1,"392":1,"393":0,"394":0,"395":0,"396":1,"397":1,"398":1,"399":1,"400":1,"401":8,"402":1,"403":1,"404":0,"405":0,"406":1,"407":1,"408":1,"409":0,"410":0,"411":0,"412":1,"413":1,"414":8,"415":0,"416":0,"417":0,"418":0,"419":0,"420":0,"421":0,"422":0,"423":0,"424":0,"425":0,"426":0,"427":0,"428":8,"429":1,"430":1,"431":1,"432":0,"433":0,"434":1,"435":1,"436":1,"437":0,"438":0,"439":0,"440":1,"441":1,"442":8,"443":1,"444":1,"445":1,"446":0,"447":0,"448":0,"449":1,"450":1,"451":1,"452":8,"453":1,"454":1,"455":1,"456":0,"457":0,"458":0,"459":1,"460":1,"461":1,"462":8,"463":1,"464":1,"465":1,"466":1,"467":0,"468":0,"469":0,"470":1,"471":1,"472":1,"473":8,"474":0,"475":0,"476":0,"477":0,"478":0,"479":0,"480":0,"481":0,"482":0,"483":0,"484":8,"485":2,"486":2,"487":2,"488":2,"489":0,"490":0,"491":0,"492":2,"493":2,"494":2,"495":8,"496":0,"497":0,"498":0,"499":0,"500":0,"501":0,"502":0,"503":0,"504":0,"505":0,"506":8,"507":1,"508":1,"509":1,"510":1,"511":0,"512":0,"513":0,"514":1,"515":1,"516":1,"517":8,"518":2,"519":2,"520":2,"521":2,"522":2,"523":2,"524":0,"525":0,"526":0,"527":2,"528":0,"529":0,"530":2,"531":2,"532":0,"533":0,"534":8,"535":2,"536":2,"537":0,"538":8,"539":0,"540":0,"541":0,"542":0,"543":0,"544":0,"545":0,"546":0,"547":0,"548":0,"549":0,"550":0,"551":8,"552":2,"553":2,"554":2,"555":2,"556":2,"557":2,"558":2,"559":2,"560":0,"561":0,"562":0,"563":2,"564":2,"565":2,"566":2,"567":0,"568":0,"569":0,"570":2,"571":0,"572":0,"573":2,"574":2,"575":0,"576":0,"577":0,"578":0,"579":8,"580":2,"581":2,"582":2,"583":2,"584":2,"585":2,"586":2,"587":0,"588":0,"589":0,"590":2,"591":0,"592":0,"593":2,"594":2,"595":0,"596":0,"597":8,"598":2,"599":2,"600":2,"601":2,"602":2,"603":2,"604":2,"605":0,"606":0,"607":0,"608":2,"609":0,"610":0,"611":2,"612":2,"613":0,"614":0,"615":8,"616":2,"617":2,"618":2,"619":2,"620":2,"621":2,"622":2,"623":0,"624":0,"625":0,"626":2,"627":0,"628":0,"629":2,"630":2,"631":0,"632":8,"633":1,"634":1,"635":1,"636":0,"637":0,"638":1,"639":0,"640":0,"641":1,"642":1,"643":1,"644":1,"645":1,"646":0,"647":0,"648":0,"649":1,"650":1,"651":8,"652":1,"653":1,"654":1,"655":0,"656":0,"657":1,"658":0,"659":0,"660":1,"661":1,"662":1,"663":1,"664":1,"665":0,"666":0,"667":0,"668":1,"669":1,"670":8,"671":1,"672":1,"673":1,"674":0,"675":0,"676":1,"677":0,"678":0,"679":1,"680":1,"681":1,"682":0,"683":0,"684":0,"685":1,"686":1,"687":8,"688":1,"689":1,"690":1,"691":0,"692":0,"693":1,"694":0,"695":0,"696":1,"697":1,"698":1,"699":0,"700":0,"701":0,"702":1,"703":1,"704":8,"705":2,"706":2,"707":2,"708":2,"709":2,"710":2,"711":0,"712":0,"713":0,"714":2,"715":2,"716":2,"717":0,"718":0,"719":8,"720":2,"721":2,"722":1,"723":1,"724":1,"725":0,"726":0,"727":0,"728":1,"729":1,"730":1,"731":1,"732":8,"733":2,"734":2,"735":2,"736":2,"737":2,"738":0,"739":0,"740":0,"741":2,"742":2,"743":2,"744":0,"745":0,"746":8,"747":0,"748":0,"749":0,"750":0,"751":0,"752":0,"753":0,"754":0,"755":0,"756":0,"757":0,"758":0,"759":0,"760":0,"761":8,"762":0,"763":0,"764":0,"765":0,"766":0,"767":0,"768":0,"769":0,"770":0,"771":0,"772":0,"773":0,"774":0,"775":8,"776":2,"777":2,"778":2,"779":2,"780":2,"781":2,"782":0,"783":0,"784":0,"785":2,"786":2,"787":0,"788":0,"789":8,"790":3,"791":2,"792":2,"793":2,"794":2,"795":2,"796":2,"797":1,"798":1,"799":1,"800":1,"801":1,"802":0,"803":0,"804":0,"805":1,"806":1,"807":0,"808":0,"809":1,"810":1,"811":1,"812":1,"813":8,"814":1,"815":1,"816":1,"817":1,"818":1,"819":0,"820":0,"821":1,"822":1,"823":1,"824":0,"825":0,"826":0,"827":1,"828":0,"829":0,"830":1,"831":1,"832":1,"833":0,"834":0,"835":0,"836":0,"837":8,"838":0,"839":0,"840":0,"841":0,"842":0,"843":0,"844":0,"845":0,"846":0,"847":8,"848":1,"849":1,"850":1,"851":1,"852":0,"853":0,"854":0,"855":1,"856":1,"857":8,"858":1,"859":1,"860":1,"861":0,"862":0,"863":0,"864":1,"865":1,"866":8,"867":8,"868":1,"869":1,"870":1,"871":0,"872":0,"873":0,"874":1,"875":1,"876":1,"877":8,"878":0,"879":0,"880":0,"881":8,"882":8},"f":{"0":76,"1":76,"2":0,"3":0,"4":0,"5":0,"6":0,"7":0,"8":0,"9":0,"10":0,"11":0,"12":0,"13":0,"14":0,"15":0,"16":7,"17":7,"18":7,"19":2,"20":2,"21":2,"22":1,"23":1,"24":1,"25":1,"26":1,"27":1,"28":1,"29":1,"30":3,"31":1,"32":1,"33":1,"34":1,"35":1,"36":1,"37":1,"38":1,"39":1,"40":1,"41":1,"42":4,"43":4,"44":2,"45":1,"46":1,"47":1,"48":1,"49":1,"50":1,"51":1,"52":1,"53":1,"54":1,"55":1,"56":1,"57":1,"58":2,"59":2,"60":2,"61":1,"62":1,"63":1,"64":0,"65":0,"66":1,"67":1,"68":1,"69":1,"70":1,"71":1,"72":1,"73":1,"74":0,"75":0,"76":2,"77":2,"78":0,"79":0,"80":1,"81":1,"82":2,"83":2,"84":2,"85":0,"86":0,"87":2,"88":2,"89":2,"90":2,"91":2,"92":2,"93":2,"94":2,"95":2,"96":1,"97":1,"98":1,"99":1,"100":1,"101":1,"102":1,"103":1,"104":2,"105":2,"106":2,"107":1,"108":2,"109":2,"110":0,"111":0,"112":0,"113":0,"114":2,"115":2,"116":3,"117":1,"118":1,"119":1,"120":0,"121":0,"122":1,"123":1,"124":1,"125":1,"126":0,"127":1,"128":1,"129":8,"130":0},"b":{"0":[76,0],"1":[0,0],"2":[0,0],"3":[0,0],"4":[0,0],"5":[0,0],"6":[0,0],"7":[0,0],"8":[0,0],"9":[0,0],"10":[0,0],"11":[0,0],"12":[0,0],"13":[0,0],"14":[0,0],"15":[0,7],"16":[7,0],"17":[6,1],"18":[0,2],"19":[0,2],"20":[0,2],"21":[1,0],"22":[0,1],"23":[1,1,1],"24":[0,1],"25":[1,0],"26":[0,1],"27":[0,1],"28":[0,1],"29":[0,1],"30":[1,2],"31":[0,1],"32":[1,1,1,1],"33":[0,1],"34":[1,0],"35":[0,1],"36":[0,1],"37":[0,1],"38":[0,1],"39":[0,1],"40":[0,1],"41":[0,4],"42":[1,1],"43":[0,1],"44":[1,1,1,1],"45":[0,1],"46":[1,0],"47":[0,1],"48":[0,1],"49":[1,0],"50":[0,1],"51":[1,1],"52":[0,1],"53":[1,0],"54":[0,1],"55":[1,1],"56":[0,1],"57":[0,1],"58":[0,1],"59":[0,1],"60":[0,2],"61":[0,2],"62":[2,2,2,2],"63":[1,1],"64":[0,1],"65":[0,1],"66":[0,1],"67":[0,0],"68":[0,0],"69":[0,0],"70":[0,1],"71":[1,1],"72":[0,1],"73":[0,1],"74":[0,1],"75":[0,1],"76":[0,0],"77":[0,2],"78":[0,0],"79":[0,1],"80":[2,0],"81":[2,1],"82":[0,2],"83":[0,2],"84":[2,0],"85":[2,0],"86":[0,0],"87":[0,0],"88":[2,0],"89":[2,1],"90":[0,2],"91":[2,0],"92":[0,2],"93":[0,2],"94":[2,0],"95":[2,0],"96":[2,1],"97":[0,2],"98":[0,2],"99":[2,0],"100":[2,0],"101":[2,1],"102":[0,2],"103":[0,2],"104":[2,0],"105":[2,0],"106":[2,1],"107":[0,2],"108":[0,2],"109":[2,0],"110":[0,1],"111":[0,1],"112":[0,1],"113":[0,1],"114":[0,1],"115":[0,1],"116":[0,1],"117":[0,1],"118":[0,1],"119":[0,1],"120":[0,1],"121":[0,1],"122":[2,0],"123":[2,1],"124":[0,2],"125":[1,1],"126":[0,1],"127":[2,0],"128":[0,2],"129":[0,0],"130":[0,0],"131":[0,0],"132":[0,0],"133":[2,0],"134":[0,2],"135":[2,1],"136":[1,1],"137":[2,1],"138":[0,1],"139":[0,1],"140":[1,0],"141":[1,0],"142":[1,0],"143":[1,0],"144":[0,1],"145":[0,1],"146":[0,1],"147":[1,0],"148":[0,0],"149":[0,1],"150":[0,1],"151":[0,1],"152":[0,0]},"_coverageSchema":"1a1c01bbd47fc00a2c39e90264f33305004495a9","hash":"358807c283bab305fc1c816cbce13c40663b0574"}
}
