{"C:\\Users\\Gabriele\\Desktop\\coding_shit\\uni projects\\iSpesa\\Codice_iSpesa\\main.js": {"path":"C:\\Users\\Gabriele\\Desktop\\coding_shit\\uni projects\\iSpesa\\Codice_iSpesa\\main.js","statementMap":{"0":{"start":{"line":1,"column":13},"end":{"line":1,"column":28}},"1":{"start":{"line":2,"column":11},"end":{"line":2,"column":24}},"2":{"start":{"line":3,"column":16},"end":{"line":3,"column":35}},"3":{"start":{"line":4,"column":18},"end":{"line":4,"column":47}},"4":{"start":{"line":5,"column":21},"end":{"line":5,"column":45}},"5":{"start":{"line":6,"column":12},"end":{"line":6,"column":26}},"6":{"start":{"line":7,"column":14},"end":{"line":7,"column":30}},"7":{"start":{"line":8,"column":16},"end":{"line":8,"column":42}},"8":{"start":{"line":9,"column":22},"end":{"line":17,"column":1}},"9":{"start":{"line":18,"column":20},"end":{"line":18,"column":48}},"10":{"start":{"line":19,"column":23},"end":{"line":19,"column":49}},"11":{"start":{"line":21,"column":12},"end":{"line":21,"column":21}},"12":{"start":{"line":22,"column":0},"end":{"line":22,"column":56}},"13":{"start":{"line":23,"column":0},"end":{"line":23,"column":68}},"14":{"start":{"line":24,"column":0},"end":{"line":24,"column":24}},"15":{"start":{"line":25,"column":0},"end":{"line":25,"column":35}},"16":{"start":{"line":26,"column":0},"end":{"line":26,"column":30}},"17":{"start":{"line":27,"column":0},"end":{"line":27,"column":48}},"18":{"start":{"line":28,"column":0},"end":{"line":28,"column":52}},"19":{"start":{"line":30,"column":10},"end":{"line":35,"column":2}},"20":{"start":{"line":37,"column":0},"end":{"line":39,"column":4}},"21":{"start":{"line":41,"column":0},"end":{"line":45,"column":4}},"22":{"start":{"line":47,"column":0},"end":{"line":53,"column":3}},"23":{"start":{"line":48,"column":14},"end":{"line":48,"column":35}},"24":{"start":{"line":49,"column":14},"end":{"line":49,"column":50}},"25":{"start":{"line":51,"column":4},"end":{"line":51,"column":21}},"26":{"start":{"line":52,"column":4},"end":{"line":52,"column":11}},"27":{"start":{"line":55,"column":0},"end":{"line":62,"column":2}},"28":{"start":{"line":56,"column":4},"end":{"line":61,"column":5}},"29":{"start":{"line":57,"column":8},"end":{"line":57,"column":116}},"30":{"start":{"line":60,"column":8},"end":{"line":60,"column":69}},"31":{"start":{"line":64,"column":0},"end":{"line":71,"column":2}},"32":{"start":{"line":65,"column":4},"end":{"line":70,"column":5}},"33":{"start":{"line":66,"column":8},"end":{"line":66,"column":118}},"34":{"start":{"line":69,"column":8},"end":{"line":69,"column":71}},"35":{"start":{"line":73,"column":0},"end":{"line":86,"column":2}},"36":{"start":{"line":74,"column":4},"end":{"line":85,"column":5}},"37":{"start":{"line":75,"column":8},"end":{"line":75,"column":28}},"38":{"start":{"line":76,"column":8},"end":{"line":76,"column":15}},"39":{"start":{"line":79,"column":8},"end":{"line":84,"column":9}},"40":{"start":{"line":80,"column":12},"end":{"line":80,"column":181}},"41":{"start":{"line":83,"column":12},"end":{"line":83,"column":124}},"42":{"start":{"line":88,"column":0},"end":{"line":95,"column":2}},"43":{"start":{"line":89,"column":4},"end":{"line":94,"column":5}},"44":{"start":{"line":90,"column":8},"end":{"line":90,"column":118}},"45":{"start":{"line":93,"column":8},"end":{"line":93,"column":71}},"46":{"start":{"line":97,"column":0},"end":{"line":104,"column":2}},"47":{"start":{"line":98,"column":4},"end":{"line":103,"column":5}},"48":{"start":{"line":99,"column":8},"end":{"line":99,"column":121}},"49":{"start":{"line":102,"column":8},"end":{"line":102,"column":74}},"50":{"start":{"line":106,"column":0},"end":{"line":108,"column":2}},"51":{"start":{"line":107,"column":4},"end":{"line":107,"column":28}},"52":{"start":{"line":110,"column":0},"end":{"line":115,"column":2}},"53":{"start":{"line":111,"column":4},"end":{"line":113,"column":5}},"54":{"start":{"line":112,"column":8},"end":{"line":112,"column":30}},"55":{"start":{"line":114,"column":4},"end":{"line":114,"column":27}},"56":{"start":{"line":117,"column":0},"end":{"line":124,"column":2}},"57":{"start":{"line":118,"column":4},"end":{"line":123,"column":5}},"58":{"start":{"line":119,"column":8},"end":{"line":119,"column":121}},"59":{"start":{"line":122,"column":8},"end":{"line":122,"column":31}},"60":{"start":{"line":126,"column":0},"end":{"line":138,"column":2}},"61":{"start":{"line":127,"column":4},"end":{"line":137,"column":5}},"62":{"start":{"line":128,"column":8},"end":{"line":133,"column":9}},"63":{"start":{"line":129,"column":12},"end":{"line":129,"column":171}},"64":{"start":{"line":132,"column":12},"end":{"line":132,"column":161}},"65":{"start":{"line":136,"column":8},"end":{"line":136,"column":31}},"66":{"start":{"line":140,"column":0},"end":{"line":147,"column":2}},"67":{"start":{"line":141,"column":4},"end":{"line":146,"column":5}},"68":{"start":{"line":142,"column":8},"end":{"line":142,"column":85}},"69":{"start":{"line":145,"column":8},"end":{"line":145,"column":31}},"70":{"start":{"line":149,"column":0},"end":{"line":156,"column":2}},"71":{"start":{"line":150,"column":4},"end":{"line":155,"column":5}},"72":{"start":{"line":151,"column":8},"end":{"line":151,"column":89}},"73":{"start":{"line":154,"column":8},"end":{"line":154,"column":31}},"74":{"start":{"line":158,"column":0},"end":{"line":160,"column":2}},"75":{"start":{"line":159,"column":4},"end":{"line":159,"column":29}},"76":{"start":{"line":162,"column":0},"end":{"line":164,"column":2}},"77":{"start":{"line":163,"column":4},"end":{"line":163,"column":43}},"78":{"start":{"line":166,"column":0},"end":{"line":178,"column":2}},"79":{"start":{"line":167,"column":4},"end":{"line":177,"column":5}},"80":{"start":{"line":168,"column":8},"end":{"line":168,"column":28}},"81":{"start":{"line":171,"column":8},"end":{"line":176,"column":9}},"82":{"start":{"line":172,"column":12},"end":{"line":172,"column":124}},"83":{"start":{"line":175,"column":12},"end":{"line":175,"column":77}},"84":{"start":{"line":203,"column":0},"end":{"line":232,"column":3}},"85":{"start":{"line":204,"column":19},"end":{"line":204,"column":36}},"86":{"start":{"line":205,"column":19},"end":{"line":205,"column":36}},"87":{"start":{"line":206,"column":14},"end":{"line":206,"column":143}},"88":{"start":{"line":207,"column":4},"end":{"line":231,"column":6}},"89":{"start":{"line":214,"column":8},"end":{"line":230,"column":9}},"90":{"start":{"line":215,"column":12},"end":{"line":225,"column":14}},"91":{"start":{"line":216,"column":16},"end":{"line":216,"column":44}},"92":{"start":{"line":217,"column":16},"end":{"line":222,"column":17}},"93":{"start":{"line":218,"column":20},"end":{"line":218,"column":47}},"94":{"start":{"line":221,"column":20},"end":{"line":221,"column":48}},"95":{"start":{"line":223,"column":16},"end":{"line":223,"column":39}},"96":{"start":{"line":224,"column":16},"end":{"line":224,"column":23}},"97":{"start":{"line":228,"column":12},"end":{"line":228,"column":64}},"98":{"start":{"line":229,"column":12},"end":{"line":229,"column":19}},"99":{"start":{"line":271,"column":0},"end":{"line":302,"column":3}},"100":{"start":{"line":272,"column":19},"end":{"line":272,"column":36}},"101":{"start":{"line":273,"column":19},"end":{"line":273,"column":36}},"102":{"start":{"line":274,"column":16},"end":{"line":274,"column":30}},"103":{"start":{"line":275,"column":19},"end":{"line":275,"column":36}},"104":{"start":{"line":276,"column":23},"end":{"line":276,"column":92}},"105":{"start":{"line":277,"column":4},"end":{"line":301,"column":6}},"106":{"start":{"line":284,"column":8},"end":{"line":300,"column":9}},"107":{"start":{"line":285,"column":12},"end":{"line":285,"column":62}},"108":{"start":{"line":286,"column":12},"end":{"line":286,"column":19}},"109":{"start":{"line":289,"column":12},"end":{"line":289,"column":226}},"110":{"start":{"line":290,"column":12},"end":{"line":299,"column":14}},"111":{"start":{"line":297,"column":16},"end":{"line":297,"column":44}},"112":{"start":{"line":298,"column":16},"end":{"line":298,"column":23}},"113":{"start":{"line":343,"column":0},"end":{"line":369,"column":2}},"114":{"start":{"line":344,"column":18},"end":{"line":344,"column":34}},"115":{"start":{"line":345,"column":19},"end":{"line":345,"column":36}},"116":{"start":{"line":346,"column":24},"end":{"line":346,"column":46}},"117":{"start":{"line":347,"column":4},"end":{"line":368,"column":5}},"118":{"start":{"line":348,"column":8},"end":{"line":351,"column":9}},"119":{"start":{"line":349,"column":12},"end":{"line":349,"column":32}},"120":{"start":{"line":350,"column":12},"end":{"line":350,"column":19}},"121":{"start":{"line":352,"column":8},"end":{"line":352,"column":142}},"122":{"start":{"line":353,"column":8},"end":{"line":363,"column":11}},"123":{"start":{"line":360,"column":12},"end":{"line":360,"column":28}},"124":{"start":{"line":361,"column":12},"end":{"line":361,"column":30}},"125":{"start":{"line":362,"column":12},"end":{"line":362,"column":19}},"126":{"start":{"line":366,"column":8},"end":{"line":366,"column":28}},"127":{"start":{"line":367,"column":8},"end":{"line":367,"column":15}},"128":{"start":{"line":389,"column":0},"end":{"line":412,"column":2}},"129":{"start":{"line":390,"column":22},"end":{"line":390,"column":42}},"130":{"start":{"line":391,"column":4},"end":{"line":391,"column":76}},"131":{"start":{"line":392,"column":4},"end":{"line":411,"column":5}},"132":{"start":{"line":393,"column":8},"end":{"line":396,"column":9}},"133":{"start":{"line":394,"column":12},"end":{"line":394,"column":32}},"134":{"start":{"line":395,"column":12},"end":{"line":395,"column":19}},"135":{"start":{"line":397,"column":8},"end":{"line":406,"column":11}},"136":{"start":{"line":404,"column":12},"end":{"line":404,"column":32}},"137":{"start":{"line":405,"column":12},"end":{"line":405,"column":19}},"138":{"start":{"line":409,"column":8},"end":{"line":409,"column":28}},"139":{"start":{"line":410,"column":8},"end":{"line":410,"column":15}},"140":{"start":{"line":428,"column":0},"end":{"line":441,"column":2}},"141":{"start":{"line":429,"column":4},"end":{"line":429,"column":171}},"142":{"start":{"line":430,"column":4},"end":{"line":440,"column":7}},"143":{"start":{"line":437,"column":8},"end":{"line":437,"column":24}},"144":{"start":{"line":438,"column":8},"end":{"line":438,"column":26}},"145":{"start":{"line":439,"column":8},"end":{"line":439,"column":15}},"146":{"start":{"line":459,"column":0},"end":{"line":473,"column":2}},"147":{"start":{"line":460,"column":18},"end":{"line":460,"column":37}},"148":{"start":{"line":461,"column":4},"end":{"line":461,"column":207}},"149":{"start":{"line":462,"column":4},"end":{"line":472,"column":7}},"150":{"start":{"line":469,"column":8},"end":{"line":469,"column":24}},"151":{"start":{"line":470,"column":8},"end":{"line":470,"column":26}},"152":{"start":{"line":471,"column":8},"end":{"line":471,"column":15}},"153":{"start":{"line":519,"column":0},"end":{"line":545,"column":2}},"154":{"start":{"line":520,"column":17},"end":{"line":520,"column":32}},"155":{"start":{"line":521,"column":18},"end":{"line":521,"column":34}},"156":{"start":{"line":522,"column":21},"end":{"line":522,"column":40}},"157":{"start":{"line":523,"column":19},"end":{"line":523,"column":36}},"158":{"start":{"line":524,"column":4},"end":{"line":544,"column":5}},"159":{"start":{"line":525,"column":8},"end":{"line":528,"column":9}},"160":{"start":{"line":526,"column":12},"end":{"line":526,"column":32}},"161":{"start":{"line":527,"column":12},"end":{"line":527,"column":19}},"162":{"start":{"line":529,"column":8},"end":{"line":529,"column":159}},"163":{"start":{"line":530,"column":8},"end":{"line":540,"column":11}},"164":{"start":{"line":537,"column":12},"end":{"line":537,"column":28}},"165":{"start":{"line":538,"column":12},"end":{"line":538,"column":30}},"166":{"start":{"line":539,"column":12},"end":{"line":539,"column":19}},"167":{"start":{"line":543,"column":8},"end":{"line":543,"column":28}},"168":{"start":{"line":566,"column":0},"end":{"line":588,"column":2}},"169":{"start":{"line":567,"column":19},"end":{"line":567,"column":36}},"170":{"start":{"line":568,"column":4},"end":{"line":587,"column":5}},"171":{"start":{"line":569,"column":8},"end":{"line":572,"column":9}},"172":{"start":{"line":570,"column":12},"end":{"line":570,"column":32}},"173":{"start":{"line":571,"column":12},"end":{"line":571,"column":19}},"174":{"start":{"line":573,"column":8},"end":{"line":573,"column":71}},"175":{"start":{"line":574,"column":8},"end":{"line":583,"column":11}},"176":{"start":{"line":581,"column":12},"end":{"line":581,"column":32}},"177":{"start":{"line":582,"column":12},"end":{"line":582,"column":19}},"178":{"start":{"line":586,"column":8},"end":{"line":586,"column":28}},"179":{"start":{"line":602,"column":0},"end":{"line":615,"column":2}},"180":{"start":{"line":603,"column":4},"end":{"line":603,"column":161}},"181":{"start":{"line":604,"column":4},"end":{"line":614,"column":7}},"182":{"start":{"line":611,"column":8},"end":{"line":611,"column":24}},"183":{"start":{"line":612,"column":8},"end":{"line":612,"column":26}},"184":{"start":{"line":613,"column":8},"end":{"line":613,"column":15}},"185":{"start":{"line":629,"column":0},"end":{"line":642,"column":2}},"186":{"start":{"line":630,"column":4},"end":{"line":630,"column":261}},"187":{"start":{"line":631,"column":4},"end":{"line":641,"column":7}},"188":{"start":{"line":638,"column":8},"end":{"line":638,"column":24}},"189":{"start":{"line":639,"column":8},"end":{"line":639,"column":26}},"190":{"start":{"line":640,"column":8},"end":{"line":640,"column":15}},"191":{"start":{"line":661,"column":0},"end":{"line":675,"column":2}},"192":{"start":{"line":662,"column":18},"end":{"line":662,"column":35}},"193":{"start":{"line":663,"column":4},"end":{"line":663,"column":295}},"194":{"start":{"line":664,"column":4},"end":{"line":674,"column":7}},"195":{"start":{"line":671,"column":8},"end":{"line":671,"column":24}},"196":{"start":{"line":672,"column":8},"end":{"line":672,"column":26}},"197":{"start":{"line":673,"column":8},"end":{"line":673,"column":15}},"198":{"start":{"line":689,"column":0},"end":{"line":702,"column":2}},"199":{"start":{"line":690,"column":4},"end":{"line":690,"column":247}},"200":{"start":{"line":691,"column":4},"end":{"line":701,"column":7}},"201":{"start":{"line":698,"column":8},"end":{"line":698,"column":24}},"202":{"start":{"line":699,"column":8},"end":{"line":699,"column":26}},"203":{"start":{"line":700,"column":8},"end":{"line":700,"column":15}},"204":{"start":{"line":721,"column":0},"end":{"line":735,"column":2}},"205":{"start":{"line":722,"column":18},"end":{"line":722,"column":35}},"206":{"start":{"line":723,"column":4},"end":{"line":723,"column":281}},"207":{"start":{"line":724,"column":4},"end":{"line":734,"column":7}},"208":{"start":{"line":731,"column":8},"end":{"line":731,"column":24}},"209":{"start":{"line":732,"column":8},"end":{"line":732,"column":26}},"210":{"start":{"line":733,"column":8},"end":{"line":733,"column":15}},"211":{"start":{"line":778,"column":0},"end":{"line":804,"column":2}},"212":{"start":{"line":779,"column":21},"end":{"line":779,"column":40}},"213":{"start":{"line":780,"column":16},"end":{"line":780,"column":30}},"214":{"start":{"line":781,"column":15},"end":{"line":781,"column":28}},"215":{"start":{"line":782,"column":15},"end":{"line":782,"column":28}},"216":{"start":{"line":783,"column":4},"end":{"line":803,"column":5}},"217":{"start":{"line":784,"column":8},"end":{"line":787,"column":9}},"218":{"start":{"line":785,"column":12},"end":{"line":785,"column":32}},"219":{"start":{"line":786,"column":12},"end":{"line":786,"column":19}},"220":{"start":{"line":788,"column":8},"end":{"line":788,"column":144}},"221":{"start":{"line":789,"column":8},"end":{"line":799,"column":11}},"222":{"start":{"line":796,"column":12},"end":{"line":796,"column":28}},"223":{"start":{"line":797,"column":12},"end":{"line":797,"column":30}},"224":{"start":{"line":798,"column":12},"end":{"line":798,"column":19}},"225":{"start":{"line":802,"column":8},"end":{"line":802,"column":28}},"226":{"start":{"line":827,"column":0},"end":{"line":849,"column":2}},"227":{"start":{"line":828,"column":20},"end":{"line":828,"column":38}},"228":{"start":{"line":829,"column":4},"end":{"line":848,"column":5}},"229":{"start":{"line":830,"column":8},"end":{"line":833,"column":9}},"230":{"start":{"line":831,"column":12},"end":{"line":831,"column":32}},"231":{"start":{"line":832,"column":12},"end":{"line":832,"column":19}},"232":{"start":{"line":834,"column":8},"end":{"line":834,"column":74}},"233":{"start":{"line":835,"column":8},"end":{"line":844,"column":11}},"234":{"start":{"line":842,"column":12},"end":{"line":842,"column":32}},"235":{"start":{"line":843,"column":12},"end":{"line":843,"column":19}},"236":{"start":{"line":847,"column":8},"end":{"line":847,"column":28}},"237":{"start":{"line":876,"column":0},"end":{"line":899,"column":2}},"238":{"start":{"line":877,"column":20},"end":{"line":877,"column":38}},"239":{"start":{"line":878,"column":16},"end":{"line":878,"column":30}},"240":{"start":{"line":879,"column":4},"end":{"line":898,"column":5}},"241":{"start":{"line":880,"column":8},"end":{"line":883,"column":9}},"242":{"start":{"line":881,"column":12},"end":{"line":881,"column":32}},"243":{"start":{"line":882,"column":12},"end":{"line":882,"column":19}},"244":{"start":{"line":884,"column":8},"end":{"line":884,"column":97}},"245":{"start":{"line":885,"column":8},"end":{"line":894,"column":11}},"246":{"start":{"line":892,"column":12},"end":{"line":892,"column":32}},"247":{"start":{"line":893,"column":12},"end":{"line":893,"column":19}},"248":{"start":{"line":897,"column":8},"end":{"line":897,"column":28}},"249":{"start":{"line":926,"column":0},"end":{"line":949,"column":2}},"250":{"start":{"line":927,"column":20},"end":{"line":927,"column":38}},"251":{"start":{"line":928,"column":21},"end":{"line":928,"column":40}},"252":{"start":{"line":929,"column":4},"end":{"line":948,"column":5}},"253":{"start":{"line":930,"column":8},"end":{"line":933,"column":9}},"254":{"start":{"line":931,"column":12},"end":{"line":931,"column":32}},"255":{"start":{"line":932,"column":12},"end":{"line":932,"column":19}},"256":{"start":{"line":934,"column":8},"end":{"line":934,"column":107}},"257":{"start":{"line":935,"column":8},"end":{"line":944,"column":11}},"258":{"start":{"line":942,"column":12},"end":{"line":942,"column":32}},"259":{"start":{"line":943,"column":12},"end":{"line":943,"column":19}},"260":{"start":{"line":947,"column":8},"end":{"line":947,"column":28}},"261":{"start":{"line":963,"column":0},"end":{"line":976,"column":2}},"262":{"start":{"line":964,"column":4},"end":{"line":964,"column":34}},"263":{"start":{"line":965,"column":4},"end":{"line":975,"column":7}},"264":{"start":{"line":972,"column":8},"end":{"line":972,"column":24}},"265":{"start":{"line":973,"column":8},"end":{"line":973,"column":26}},"266":{"start":{"line":974,"column":8},"end":{"line":974,"column":15}},"267":{"start":{"line":995,"column":0},"end":{"line":1009,"column":2}},"268":{"start":{"line":996,"column":15},"end":{"line":996,"column":29}},"269":{"start":{"line":997,"column":4},"end":{"line":997,"column":62}},"270":{"start":{"line":998,"column":4},"end":{"line":1008,"column":7}},"271":{"start":{"line":1005,"column":8},"end":{"line":1005,"column":24}},"272":{"start":{"line":1006,"column":8},"end":{"line":1006,"column":26}},"273":{"start":{"line":1007,"column":8},"end":{"line":1007,"column":15}},"274":{"start":{"line":1028,"column":0},"end":{"line":1042,"column":2}},"275":{"start":{"line":1029,"column":21},"end":{"line":1029,"column":41}},"276":{"start":{"line":1030,"column":4},"end":{"line":1030,"column":74}},"277":{"start":{"line":1031,"column":4},"end":{"line":1041,"column":7}},"278":{"start":{"line":1038,"column":8},"end":{"line":1038,"column":24}},"279":{"start":{"line":1039,"column":8},"end":{"line":1039,"column":26}},"280":{"start":{"line":1040,"column":8},"end":{"line":1040,"column":15}},"281":{"start":{"line":1061,"column":0},"end":{"line":1075,"column":2}},"282":{"start":{"line":1062,"column":20},"end":{"line":1062,"column":39}},"283":{"start":{"line":1063,"column":14},"end":{"line":1063,"column":75}},"284":{"start":{"line":1064,"column":4},"end":{"line":1074,"column":6}},"285":{"start":{"line":1071,"column":8},"end":{"line":1071,"column":24}},"286":{"start":{"line":1072,"column":8},"end":{"line":1072,"column":26}},"287":{"start":{"line":1073,"column":8},"end":{"line":1073,"column":15}},"288":{"start":{"line":1118,"column":0},"end":{"line":1145,"column":2}},"289":{"start":{"line":1119,"column":15},"end":{"line":1119,"column":28}},"290":{"start":{"line":1120,"column":19},"end":{"line":1120,"column":36}},"291":{"start":{"line":1121,"column":20},"end":{"line":1121,"column":38}},"292":{"start":{"line":1122,"column":20},"end":{"line":1122,"column":38}},"293":{"start":{"line":1123,"column":4},"end":{"line":1126,"column":5}},"294":{"start":{"line":1124,"column":8},"end":{"line":1124,"column":28}},"295":{"start":{"line":1125,"column":8},"end":{"line":1125,"column":15}},"296":{"start":{"line":1127,"column":4},"end":{"line":1144,"column":5}},"297":{"start":{"line":1128,"column":8},"end":{"line":1128,"column":168}},"298":{"start":{"line":1129,"column":8},"end":{"line":1139,"column":11}},"299":{"start":{"line":1136,"column":12},"end":{"line":1136,"column":28}},"300":{"start":{"line":1137,"column":12},"end":{"line":1137,"column":30}},"301":{"start":{"line":1138,"column":12},"end":{"line":1138,"column":19}},"302":{"start":{"line":1142,"column":8},"end":{"line":1142,"column":28}},"303":{"start":{"line":1143,"column":8},"end":{"line":1143,"column":15}},"304":{"start":{"line":1165,"column":0},"end":{"line":1182,"column":2}},"305":{"start":{"line":1166,"column":21},"end":{"line":1166,"column":40}},"306":{"start":{"line":1167,"column":4},"end":{"line":1170,"column":5}},"307":{"start":{"line":1168,"column":8},"end":{"line":1168,"column":28}},"308":{"start":{"line":1169,"column":8},"end":{"line":1169,"column":15}},"309":{"start":{"line":1171,"column":4},"end":{"line":1171,"column":73}},"310":{"start":{"line":1172,"column":4},"end":{"line":1181,"column":7}},"311":{"start":{"line":1179,"column":8},"end":{"line":1179,"column":28}},"312":{"start":{"line":1180,"column":8},"end":{"line":1180,"column":15}},"313":{"start":{"line":1207,"column":0},"end":{"line":1225,"column":2}},"314":{"start":{"line":1208,"column":19},"end":{"line":1208,"column":36}},"315":{"start":{"line":1209,"column":21},"end":{"line":1209,"column":40}},"316":{"start":{"line":1210,"column":4},"end":{"line":1213,"column":5}},"317":{"start":{"line":1211,"column":8},"end":{"line":1211,"column":28}},"318":{"start":{"line":1212,"column":8},"end":{"line":1212,"column":15}},"319":{"start":{"line":1214,"column":4},"end":{"line":1214,"column":102}},"320":{"start":{"line":1215,"column":4},"end":{"line":1224,"column":7}},"321":{"start":{"line":1222,"column":8},"end":{"line":1222,"column":28}},"322":{"start":{"line":1223,"column":8},"end":{"line":1223,"column":15}},"323":{"start":{"line":1251,"column":0},"end":{"line":1269,"column":2}},"324":{"start":{"line":1252,"column":21},"end":{"line":1252,"column":40}},"325":{"start":{"line":1253,"column":17},"end":{"line":1253,"column":32}},"326":{"start":{"line":1254,"column":4},"end":{"line":1257,"column":5}},"327":{"start":{"line":1255,"column":8},"end":{"line":1255,"column":28}},"328":{"start":{"line":1256,"column":8},"end":{"line":1256,"column":15}},"329":{"start":{"line":1258,"column":4},"end":{"line":1258,"column":104}},"330":{"start":{"line":1259,"column":4},"end":{"line":1268,"column":7}},"331":{"start":{"line":1266,"column":8},"end":{"line":1266,"column":28}},"332":{"start":{"line":1267,"column":8},"end":{"line":1267,"column":15}},"333":{"start":{"line":1283,"column":0},"end":{"line":1296,"column":2}},"334":{"start":{"line":1284,"column":14},"end":{"line":1284,"column":267}},"335":{"start":{"line":1285,"column":4},"end":{"line":1295,"column":6}},"336":{"start":{"line":1292,"column":8},"end":{"line":1292,"column":24}},"337":{"start":{"line":1293,"column":8},"end":{"line":1293,"column":26}},"338":{"start":{"line":1294,"column":8},"end":{"line":1294,"column":15}},"339":{"start":{"line":1310,"column":0},"end":{"line":1323,"column":2}},"340":{"start":{"line":1311,"column":14},"end":{"line":1311,"column":600}},"341":{"start":{"line":1312,"column":4},"end":{"line":1322,"column":6}},"342":{"start":{"line":1319,"column":8},"end":{"line":1319,"column":24}},"343":{"start":{"line":1320,"column":8},"end":{"line":1320,"column":26}},"344":{"start":{"line":1321,"column":8},"end":{"line":1321,"column":15}},"345":{"start":{"line":1342,"column":0},"end":{"line":1356,"column":2}},"346":{"start":{"line":1343,"column":20},"end":{"line":1343,"column":39}},"347":{"start":{"line":1344,"column":14},"end":{"line":1344,"column":638}},"348":{"start":{"line":1345,"column":4},"end":{"line":1355,"column":6}},"349":{"start":{"line":1352,"column":8},"end":{"line":1352,"column":24}},"350":{"start":{"line":1353,"column":8},"end":{"line":1353,"column":26}},"351":{"start":{"line":1354,"column":8},"end":{"line":1354,"column":15}},"352":{"start":{"line":1375,"column":0},"end":{"line":1389,"column":2}},"353":{"start":{"line":1376,"column":15},"end":{"line":1376,"column":29}},"354":{"start":{"line":1377,"column":14},"end":{"line":1377,"column":295}},"355":{"start":{"line":1378,"column":4},"end":{"line":1388,"column":6}},"356":{"start":{"line":1385,"column":8},"end":{"line":1385,"column":24}},"357":{"start":{"line":1386,"column":8},"end":{"line":1386,"column":26}},"358":{"start":{"line":1387,"column":8},"end":{"line":1387,"column":15}},"359":{"start":{"line":1408,"column":0},"end":{"line":1422,"column":2}},"360":{"start":{"line":1409,"column":21},"end":{"line":1409,"column":41}},"361":{"start":{"line":1410,"column":14},"end":{"line":1410,"column":309}},"362":{"start":{"line":1411,"column":4},"end":{"line":1421,"column":6}},"363":{"start":{"line":1418,"column":8},"end":{"line":1418,"column":24}},"364":{"start":{"line":1419,"column":8},"end":{"line":1419,"column":26}},"365":{"start":{"line":1420,"column":8},"end":{"line":1420,"column":15}},"366":{"start":{"line":1441,"column":0},"end":{"line":1455,"column":2}},"367":{"start":{"line":1442,"column":20},"end":{"line":1442,"column":39}},"368":{"start":{"line":1443,"column":14},"end":{"line":1443,"column":314}},"369":{"start":{"line":1444,"column":4},"end":{"line":1454,"column":6}},"370":{"start":{"line":1451,"column":8},"end":{"line":1451,"column":24}},"371":{"start":{"line":1452,"column":8},"end":{"line":1452,"column":26}},"372":{"start":{"line":1453,"column":8},"end":{"line":1453,"column":15}},"373":{"start":{"line":1474,"column":0},"end":{"line":1488,"column":2}},"374":{"start":{"line":1475,"column":20},"end":{"line":1475,"column":39}},"375":{"start":{"line":1476,"column":14},"end":{"line":1476,"column":295}},"376":{"start":{"line":1477,"column":4},"end":{"line":1487,"column":6}},"377":{"start":{"line":1484,"column":8},"end":{"line":1484,"column":24}},"378":{"start":{"line":1485,"column":8},"end":{"line":1485,"column":26}},"379":{"start":{"line":1486,"column":8},"end":{"line":1486,"column":15}},"380":{"start":{"line":1513,"column":0},"end":{"line":1538,"column":2}},"381":{"start":{"line":1514,"column":15},"end":{"line":1514,"column":31}},"382":{"start":{"line":1515,"column":4},"end":{"line":1537,"column":5}},"383":{"start":{"line":1516,"column":23},"end":{"line":1516,"column":40}},"384":{"start":{"line":1517,"column":8},"end":{"line":1517,"column":82}},"385":{"start":{"line":1518,"column":8},"end":{"line":1532,"column":11}},"386":{"start":{"line":1530,"column":12},"end":{"line":1530,"column":32}},"387":{"start":{"line":1531,"column":12},"end":{"line":1531,"column":19}},"388":{"start":{"line":1535,"column":8},"end":{"line":1535,"column":28}},"389":{"start":{"line":1536,"column":8},"end":{"line":1536,"column":15}},"390":{"start":{"line":1547,"column":0},"end":{"line":1550,"column":2}},"391":{"start":{"line":1549,"column":4},"end":{"line":1549,"column":24}},"392":{"start":{"line":1573,"column":0},"end":{"line":1594,"column":2}},"393":{"start":{"line":1575,"column":15},"end":{"line":1575,"column":31}},"394":{"start":{"line":1576,"column":4},"end":{"line":1593,"column":5}},"395":{"start":{"line":1577,"column":23},"end":{"line":1577,"column":40}},"396":{"start":{"line":1578,"column":8},"end":{"line":1578,"column":106}},"397":{"start":{"line":1579,"column":8},"end":{"line":1588,"column":11}},"398":{"start":{"line":1586,"column":12},"end":{"line":1586,"column":32}},"399":{"start":{"line":1587,"column":12},"end":{"line":1587,"column":19}},"400":{"start":{"line":1591,"column":8},"end":{"line":1591,"column":28}},"401":{"start":{"line":1592,"column":8},"end":{"line":1592,"column":15}},"402":{"start":{"line":1627,"column":0},"end":{"line":1669,"column":2}},"403":{"start":{"line":1628,"column":15},"end":{"line":1628,"column":31}},"404":{"start":{"line":1629,"column":4},"end":{"line":1668,"column":5}},"405":{"start":{"line":1630,"column":23},"end":{"line":1630,"column":40}},"406":{"start":{"line":1631,"column":30},"end":{"line":1631,"column":54}},"407":{"start":{"line":1632,"column":28},"end":{"line":1632,"column":45}},"408":{"start":{"line":1633,"column":8},"end":{"line":1633,"column":125}},"409":{"start":{"line":1634,"column":8},"end":{"line":1663,"column":11}},"410":{"start":{"line":1666,"column":8},"end":{"line":1666,"column":28}},"411":{"start":{"line":1667,"column":8},"end":{"line":1667,"column":15}},"412":{"start":{"line":1696,"column":0},"end":{"line":1722,"column":2}},"413":{"start":{"line":1697,"column":15},"end":{"line":1697,"column":31}},"414":{"start":{"line":1698,"column":4},"end":{"line":1721,"column":5}},"415":{"start":{"line":1699,"column":23},"end":{"line":1699,"column":40}},"416":{"start":{"line":1700,"column":25},"end":{"line":1700,"column":39}},"417":{"start":{"line":1701,"column":8},"end":{"line":1701,"column":110}},"418":{"start":{"line":1702,"column":8},"end":{"line":1716,"column":11}},"419":{"start":{"line":1714,"column":12},"end":{"line":1714,"column":32}},"420":{"start":{"line":1715,"column":12},"end":{"line":1715,"column":19}},"421":{"start":{"line":1719,"column":8},"end":{"line":1719,"column":28}},"422":{"start":{"line":1720,"column":8},"end":{"line":1720,"column":15}},"423":{"start":{"line":1749,"column":0},"end":{"line":1775,"column":2}},"424":{"start":{"line":1750,"column":15},"end":{"line":1750,"column":31}},"425":{"start":{"line":1751,"column":4},"end":{"line":1774,"column":5}},"426":{"start":{"line":1752,"column":23},"end":{"line":1752,"column":40}},"427":{"start":{"line":1753,"column":28},"end":{"line":1753,"column":45}},"428":{"start":{"line":1754,"column":8},"end":{"line":1754,"column":116}},"429":{"start":{"line":1755,"column":8},"end":{"line":1769,"column":11}},"430":{"start":{"line":1767,"column":12},"end":{"line":1767,"column":32}},"431":{"start":{"line":1768,"column":12},"end":{"line":1768,"column":19}},"432":{"start":{"line":1772,"column":8},"end":{"line":1772,"column":28}},"433":{"start":{"line":1773,"column":8},"end":{"line":1773,"column":15}},"434":{"start":{"line":1802,"column":0},"end":{"line":1827,"column":2}},"435":{"start":{"line":1803,"column":15},"end":{"line":1803,"column":31}},"436":{"start":{"line":1804,"column":4},"end":{"line":1826,"column":5}},"437":{"start":{"line":1805,"column":23},"end":{"line":1805,"column":40}},"438":{"start":{"line":1806,"column":26},"end":{"line":1806,"column":46}},"439":{"start":{"line":1807,"column":8},"end":{"line":1807,"column":117}},"440":{"start":{"line":1808,"column":8},"end":{"line":1822,"column":11}},"441":{"start":{"line":1820,"column":12},"end":{"line":1820,"column":32}},"442":{"start":{"line":1821,"column":12},"end":{"line":1821,"column":19}},"443":{"start":{"line":1825,"column":8},"end":{"line":1825,"column":28}},"444":{"start":{"line":1854,"column":0},"end":{"line":1876,"column":2}},"445":{"start":{"line":1855,"column":19},"end":{"line":1855,"column":35}},"446":{"start":{"line":1856,"column":21},"end":{"line":1856,"column":40}},"447":{"start":{"line":1857,"column":4},"end":{"line":1860,"column":5}},"448":{"start":{"line":1858,"column":8},"end":{"line":1858,"column":28}},"449":{"start":{"line":1859,"column":8},"end":{"line":1859,"column":15}},"450":{"start":{"line":1861,"column":4},"end":{"line":1864,"column":5}},"451":{"start":{"line":1862,"column":8},"end":{"line":1862,"column":28}},"452":{"start":{"line":1863,"column":8},"end":{"line":1863,"column":15}},"453":{"start":{"line":1865,"column":14},"end":{"line":1865,"column":114}},"454":{"start":{"line":1866,"column":4},"end":{"line":1875,"column":6}},"455":{"start":{"line":1873,"column":8},"end":{"line":1873,"column":28}},"456":{"start":{"line":1874,"column":8},"end":{"line":1874,"column":15}},"457":{"start":{"line":1903,"column":0},"end":{"line":1925,"column":2}},"458":{"start":{"line":1904,"column":19},"end":{"line":1904,"column":35}},"459":{"start":{"line":1905,"column":21},"end":{"line":1905,"column":40}},"460":{"start":{"line":1906,"column":4},"end":{"line":1909,"column":5}},"461":{"start":{"line":1907,"column":8},"end":{"line":1907,"column":28}},"462":{"start":{"line":1908,"column":8},"end":{"line":1908,"column":15}},"463":{"start":{"line":1910,"column":4},"end":{"line":1913,"column":5}},"464":{"start":{"line":1911,"column":8},"end":{"line":1911,"column":28}},"465":{"start":{"line":1912,"column":8},"end":{"line":1912,"column":15}},"466":{"start":{"line":1914,"column":14},"end":{"line":1914,"column":115}},"467":{"start":{"line":1915,"column":4},"end":{"line":1924,"column":6}},"468":{"start":{"line":1922,"column":8},"end":{"line":1922,"column":28}},"469":{"start":{"line":1923,"column":8},"end":{"line":1923,"column":15}},"470":{"start":{"line":1952,"column":0},"end":{"line":1974,"column":2}},"471":{"start":{"line":1953,"column":19},"end":{"line":1953,"column":35}},"472":{"start":{"line":1954,"column":20},"end":{"line":1954,"column":38}},"473":{"start":{"line":1955,"column":4},"end":{"line":1958,"column":5}},"474":{"start":{"line":1956,"column":8},"end":{"line":1956,"column":28}},"475":{"start":{"line":1957,"column":8},"end":{"line":1957,"column":15}},"476":{"start":{"line":1959,"column":4},"end":{"line":1962,"column":5}},"477":{"start":{"line":1960,"column":8},"end":{"line":1960,"column":28}},"478":{"start":{"line":1961,"column":8},"end":{"line":1961,"column":15}},"479":{"start":{"line":1963,"column":14},"end":{"line":1963,"column":110}},"480":{"start":{"line":1964,"column":4},"end":{"line":1973,"column":6}},"481":{"start":{"line":1971,"column":8},"end":{"line":1971,"column":28}},"482":{"start":{"line":1972,"column":8},"end":{"line":1972,"column":15}},"483":{"start":{"line":2001,"column":0},"end":{"line":2023,"column":2}},"484":{"start":{"line":2002,"column":19},"end":{"line":2002,"column":35}},"485":{"start":{"line":2003,"column":20},"end":{"line":2003,"column":38}},"486":{"start":{"line":2004,"column":4},"end":{"line":2007,"column":5}},"487":{"start":{"line":2005,"column":8},"end":{"line":2005,"column":28}},"488":{"start":{"line":2006,"column":8},"end":{"line":2006,"column":15}},"489":{"start":{"line":2008,"column":4},"end":{"line":2011,"column":5}},"490":{"start":{"line":2009,"column":8},"end":{"line":2009,"column":28}},"491":{"start":{"line":2010,"column":8},"end":{"line":2010,"column":15}},"492":{"start":{"line":2012,"column":14},"end":{"line":2012,"column":111}},"493":{"start":{"line":2013,"column":4},"end":{"line":2022,"column":6}},"494":{"start":{"line":2020,"column":8},"end":{"line":2020,"column":28}},"495":{"start":{"line":2021,"column":8},"end":{"line":2021,"column":15}},"496":{"start":{"line":2045,"column":0},"end":{"line":2066,"column":2}},"497":{"start":{"line":2046,"column":15},"end":{"line":2046,"column":31}},"498":{"start":{"line":2047,"column":4},"end":{"line":2065,"column":5}},"499":{"start":{"line":2048,"column":23},"end":{"line":2048,"column":41}},"500":{"start":{"line":2049,"column":8},"end":{"line":2049,"column":176}},"501":{"start":{"line":2050,"column":8},"end":{"line":2060,"column":11}},"502":{"start":{"line":2057,"column":12},"end":{"line":2057,"column":28}},"503":{"start":{"line":2058,"column":12},"end":{"line":2058,"column":30}},"504":{"start":{"line":2059,"column":12},"end":{"line":2059,"column":19}},"505":{"start":{"line":2063,"column":8},"end":{"line":2063,"column":28}},"506":{"start":{"line":2064,"column":8},"end":{"line":2064,"column":15}},"507":{"start":{"line":2082,"column":0},"end":{"line":2101,"column":2}},"508":{"start":{"line":2083,"column":15},"end":{"line":2083,"column":31}},"509":{"start":{"line":2084,"column":4},"end":{"line":2100,"column":5}},"510":{"start":{"line":2085,"column":8},"end":{"line":2085,"column":140}},"511":{"start":{"line":2086,"column":8},"end":{"line":2095,"column":11}},"512":{"start":{"line":2093,"column":12},"end":{"line":2093,"column":30}},"513":{"start":{"line":2094,"column":12},"end":{"line":2094,"column":19}},"514":{"start":{"line":2098,"column":8},"end":{"line":2098,"column":28}},"515":{"start":{"line":2099,"column":8},"end":{"line":2099,"column":15}},"516":{"start":{"line":2122,"column":0},"end":{"line":2142,"column":2}},"517":{"start":{"line":2123,"column":4},"end":{"line":2141,"column":5}},"518":{"start":{"line":2124,"column":19},"end":{"line":2124,"column":35}},"519":{"start":{"line":2125,"column":18},"end":{"line":2125,"column":355}},"520":{"start":{"line":2126,"column":8},"end":{"line":2136,"column":10}},"521":{"start":{"line":2133,"column":12},"end":{"line":2133,"column":28}},"522":{"start":{"line":2134,"column":12},"end":{"line":2134,"column":30}},"523":{"start":{"line":2135,"column":12},"end":{"line":2135,"column":19}},"524":{"start":{"line":2139,"column":8},"end":{"line":2139,"column":28}},"525":{"start":{"line":2140,"column":8},"end":{"line":2140,"column":15}},"526":{"start":{"line":2167,"column":0},"end":{"line":2188,"column":2}},"527":{"start":{"line":2168,"column":4},"end":{"line":2187,"column":5}},"528":{"start":{"line":2169,"column":23},"end":{"line":2169,"column":39}},"529":{"start":{"line":2170,"column":23},"end":{"line":2170,"column":43}},"530":{"start":{"line":2171,"column":18},"end":{"line":2171,"column":119}},"531":{"start":{"line":2172,"column":8},"end":{"line":2182,"column":10}},"532":{"start":{"line":2179,"column":12},"end":{"line":2179,"column":28}},"533":{"start":{"line":2180,"column":12},"end":{"line":2180,"column":30}},"534":{"start":{"line":2181,"column":12},"end":{"line":2181,"column":19}},"535":{"start":{"line":2185,"column":8},"end":{"line":2185,"column":28}},"536":{"start":{"line":2186,"column":8},"end":{"line":2186,"column":15}},"537":{"start":{"line":2209,"column":0},"end":{"line":2229,"column":2}},"538":{"start":{"line":2210,"column":4},"end":{"line":2228,"column":5}},"539":{"start":{"line":2211,"column":19},"end":{"line":2211,"column":35}},"540":{"start":{"line":2212,"column":18},"end":{"line":2212,"column":125}},"541":{"start":{"line":2213,"column":8},"end":{"line":2223,"column":10}},"542":{"start":{"line":2220,"column":12},"end":{"line":2220,"column":28}},"543":{"start":{"line":2221,"column":12},"end":{"line":2221,"column":30}},"544":{"start":{"line":2222,"column":12},"end":{"line":2222,"column":19}},"545":{"start":{"line":2226,"column":8},"end":{"line":2226,"column":28}},"546":{"start":{"line":2227,"column":8},"end":{"line":2227,"column":15}},"547":{"start":{"line":2254,"column":0},"end":{"line":2274,"column":2}},"548":{"start":{"line":2255,"column":4},"end":{"line":2273,"column":5}},"549":{"start":{"line":2256,"column":23},"end":{"line":2256,"column":39}},"550":{"start":{"line":2257,"column":22},"end":{"line":2257,"column":41}},"551":{"start":{"line":2258,"column":18},"end":{"line":2258,"column":115}},"552":{"start":{"line":2259,"column":8},"end":{"line":2268,"column":10}},"553":{"start":{"line":2266,"column":12},"end":{"line":2266,"column":30}},"554":{"start":{"line":2267,"column":12},"end":{"line":2267,"column":19}},"555":{"start":{"line":2271,"column":8},"end":{"line":2271,"column":28}},"556":{"start":{"line":2272,"column":8},"end":{"line":2272,"column":15}},"557":{"start":{"line":2321,"column":0},"end":{"line":2354,"column":2}},"558":{"start":{"line":2322,"column":4},"end":{"line":2353,"column":5}},"559":{"start":{"line":2323,"column":23},"end":{"line":2323,"column":39}},"560":{"start":{"line":2324,"column":21},"end":{"line":2324,"column":36}},"561":{"start":{"line":2325,"column":23},"end":{"line":2325,"column":38}},"562":{"start":{"line":2326,"column":20},"end":{"line":2326,"column":34}},"563":{"start":{"line":2327,"column":22},"end":{"line":2327,"column":40}},"564":{"start":{"line":2328,"column":8},"end":{"line":2331,"column":9}},"565":{"start":{"line":2329,"column":12},"end":{"line":2329,"column":32}},"566":{"start":{"line":2330,"column":12},"end":{"line":2330,"column":19}},"567":{"start":{"line":2332,"column":18},"end":{"line":2332,"column":185}},"568":{"start":{"line":2333,"column":8},"end":{"line":2348,"column":10}},"569":{"start":{"line":2340,"column":12},"end":{"line":2340,"column":28}},"570":{"start":{"line":2346,"column":12},"end":{"line":2346,"column":30}},"571":{"start":{"line":2347,"column":12},"end":{"line":2347,"column":19}},"572":{"start":{"line":2351,"column":8},"end":{"line":2351,"column":28}},"573":{"start":{"line":2352,"column":8},"end":{"line":2352,"column":15}},"574":{"start":{"line":2382,"column":0},"end":{"line":2418,"column":2}},"575":{"start":{"line":2383,"column":4},"end":{"line":2417,"column":5}},"576":{"start":{"line":2384,"column":19},"end":{"line":2384,"column":35}},"577":{"start":{"line":2385,"column":8},"end":{"line":2412,"column":9}},"578":{"start":{"line":2386,"column":31},"end":{"line":2386,"column":52}},"579":{"start":{"line":2387,"column":12},"end":{"line":2390,"column":13}},"580":{"start":{"line":2388,"column":16},"end":{"line":2388,"column":36}},"581":{"start":{"line":2389,"column":16},"end":{"line":2389,"column":23}},"582":{"start":{"line":2391,"column":22},"end":{"line":2391,"column":90}},"583":{"start":{"line":2392,"column":12},"end":{"line":2407,"column":14}},"584":{"start":{"line":2404,"column":16},"end":{"line":2404,"column":32}},"585":{"start":{"line":2405,"column":16},"end":{"line":2405,"column":34}},"586":{"start":{"line":2406,"column":16},"end":{"line":2406,"column":23}},"587":{"start":{"line":2410,"column":12},"end":{"line":2410,"column":32}},"588":{"start":{"line":2411,"column":12},"end":{"line":2411,"column":19}},"589":{"start":{"line":2415,"column":8},"end":{"line":2415,"column":28}},"590":{"start":{"line":2416,"column":8},"end":{"line":2416,"column":15}},"591":{"start":{"line":2437,"column":0},"end":{"line":2451,"column":2}},"592":{"start":{"line":2438,"column":19},"end":{"line":2438,"column":37}},"593":{"start":{"line":2439,"column":4},"end":{"line":2439,"column":288}},"594":{"start":{"line":2440,"column":4},"end":{"line":2450,"column":7}},"595":{"start":{"line":2447,"column":8},"end":{"line":2447,"column":24}},"596":{"start":{"line":2448,"column":8},"end":{"line":2448,"column":26}},"597":{"start":{"line":2449,"column":8},"end":{"line":2449,"column":15}},"598":{"start":{"line":2470,"column":0},"end":{"line":2483,"column":2}},"599":{"start":{"line":2471,"column":18},"end":{"line":2471,"column":37}},"600":{"start":{"line":2472,"column":4},"end":{"line":2472,"column":288}},"601":{"start":{"line":2473,"column":4},"end":{"line":2482,"column":7}},"602":{"start":{"line":2480,"column":8},"end":{"line":2480,"column":26}},"603":{"start":{"line":2481,"column":8},"end":{"line":2481,"column":15}},"604":{"start":{"line":2497,"column":0},"end":{"line":2509,"column":2}},"605":{"start":{"line":2498,"column":14},"end":{"line":2498,"column":257}},"606":{"start":{"line":2499,"column":4},"end":{"line":2508,"column":7}},"607":{"start":{"line":2506,"column":8},"end":{"line":2506,"column":26}},"608":{"start":{"line":2507,"column":8},"end":{"line":2507,"column":15}},"609":{"start":{"line":2544,"column":0},"end":{"line":2546,"column":2}},"610":{"start":{"line":2562,"column":0},"end":{"line":2575,"column":2}},"611":{"start":{"line":2563,"column":4},"end":{"line":2563,"column":36}},"612":{"start":{"line":2564,"column":4},"end":{"line":2574,"column":7}},"613":{"start":{"line":2571,"column":8},"end":{"line":2571,"column":24}},"614":{"start":{"line":2572,"column":8},"end":{"line":2572,"column":26}},"615":{"start":{"line":2573,"column":8},"end":{"line":2573,"column":15}},"616":{"start":{"line":2587,"column":0},"end":{"line":2587,"column":25}},"617":{"start":{"line":2588,"column":0},"end":{"line":2588,"column":33}}},"fnMap":{"0":{"name":"(anonymous_0)","decl":{"start":{"line":47,"column":8},"end":{"line":47,"column":9}},"loc":{"start":{"line":47,"column":28},"end":{"line":53,"column":1}},"line":47},"1":{"name":"(anonymous_1)","decl":{"start":{"line":55,"column":13},"end":{"line":55,"column":14}},"loc":{"start":{"line":55,"column":27},"end":{"line":62,"column":1}},"line":55},"2":{"name":"(anonymous_2)","decl":{"start":{"line":64,"column":19},"end":{"line":64,"column":20}},"loc":{"start":{"line":64,"column":33},"end":{"line":71,"column":1}},"line":64},"3":{"name":"(anonymous_3)","decl":{"start":{"line":73,"column":20},"end":{"line":73,"column":21}},"loc":{"start":{"line":73,"column":34},"end":{"line":86,"column":1}},"line":73},"4":{"name":"(anonymous_4)","decl":{"start":{"line":88,"column":19},"end":{"line":88,"column":20}},"loc":{"start":{"line":88,"column":33},"end":{"line":95,"column":1}},"line":88},"5":{"name":"(anonymous_5)","decl":{"start":{"line":97,"column":22},"end":{"line":97,"column":23}},"loc":{"start":{"line":97,"column":36},"end":{"line":104,"column":1}},"line":97},"6":{"name":"(anonymous_6)","decl":{"start":{"line":106,"column":18},"end":{"line":106,"column":19}},"loc":{"start":{"line":106,"column":32},"end":{"line":108,"column":1}},"line":106},"7":{"name":"(anonymous_7)","decl":{"start":{"line":110,"column":19},"end":{"line":110,"column":20}},"loc":{"start":{"line":110,"column":33},"end":{"line":115,"column":1}},"line":110},"8":{"name":"(anonymous_8)","decl":{"start":{"line":117,"column":22},"end":{"line":117,"column":23}},"loc":{"start":{"line":117,"column":36},"end":{"line":124,"column":1}},"line":117},"9":{"name":"(anonymous_9)","decl":{"start":{"line":126,"column":27},"end":{"line":126,"column":28}},"loc":{"start":{"line":126,"column":41},"end":{"line":138,"column":1}},"line":126},"10":{"name":"(anonymous_10)","decl":{"start":{"line":140,"column":25},"end":{"line":140,"column":26}},"loc":{"start":{"line":140,"column":39},"end":{"line":147,"column":1}},"line":140},"11":{"name":"(anonymous_11)","decl":{"start":{"line":149,"column":29},"end":{"line":149,"column":30}},"loc":{"start":{"line":149,"column":43},"end":{"line":156,"column":1}},"line":149},"12":{"name":"(anonymous_12)","decl":{"start":{"line":158,"column":19},"end":{"line":158,"column":20}},"loc":{"start":{"line":158,"column":33},"end":{"line":160,"column":1}},"line":158},"13":{"name":"(anonymous_13)","decl":{"start":{"line":162,"column":33},"end":{"line":162,"column":34}},"loc":{"start":{"line":162,"column":47},"end":{"line":164,"column":1}},"line":162},"14":{"name":"(anonymous_14)","decl":{"start":{"line":166,"column":21},"end":{"line":166,"column":22}},"loc":{"start":{"line":166,"column":35},"end":{"line":178,"column":1}},"line":166},"15":{"name":"(anonymous_15)","decl":{"start":{"line":203,"column":19},"end":{"line":203,"column":20}},"loc":{"start":{"line":203,"column":33},"end":{"line":232,"column":1}},"line":203},"16":{"name":"(anonymous_16)","decl":{"start":{"line":207,"column":19},"end":{"line":207,"column":20}},"loc":{"start":{"line":207,"column":48},"end":{"line":231,"column":5}},"line":207},"17":{"name":"(anonymous_17)","decl":{"start":{"line":215,"column":35},"end":{"line":215,"column":36}},"loc":{"start":{"line":215,"column":45},"end":{"line":225,"column":13}},"line":215},"18":{"name":"(anonymous_18)","decl":{"start":{"line":271,"column":24},"end":{"line":271,"column":25}},"loc":{"start":{"line":271,"column":38},"end":{"line":302,"column":1}},"line":271},"19":{"name":"(anonymous_19)","decl":{"start":{"line":277,"column":28},"end":{"line":277,"column":29}},"loc":{"start":{"line":277,"column":57},"end":{"line":301,"column":5}},"line":277},"20":{"name":"(anonymous_20)","decl":{"start":{"line":290,"column":38},"end":{"line":290,"column":39}},"loc":{"start":{"line":290,"column":60},"end":{"line":299,"column":13}},"line":290},"21":{"name":"(anonymous_21)","decl":{"start":{"line":343,"column":32},"end":{"line":343,"column":33}},"loc":{"start":{"line":343,"column":46},"end":{"line":369,"column":1}},"line":343},"22":{"name":"(anonymous_22)","decl":{"start":{"line":353,"column":23},"end":{"line":353,"column":24}},"loc":{"start":{"line":353,"column":45},"end":{"line":363,"column":9}},"line":353},"23":{"name":"(anonymous_23)","decl":{"start":{"line":389,"column":36},"end":{"line":389,"column":37}},"loc":{"start":{"line":389,"column":50},"end":{"line":412,"column":1}},"line":389},"24":{"name":"(anonymous_24)","decl":{"start":{"line":397,"column":23},"end":{"line":397,"column":24}},"loc":{"start":{"line":397,"column":45},"end":{"line":406,"column":9}},"line":397},"25":{"name":"(anonymous_25)","decl":{"start":{"line":428,"column":36},"end":{"line":428,"column":37}},"loc":{"start":{"line":428,"column":50},"end":{"line":441,"column":1}},"line":428},"26":{"name":"(anonymous_26)","decl":{"start":{"line":430,"column":19},"end":{"line":430,"column":20}},"loc":{"start":{"line":430,"column":41},"end":{"line":440,"column":5}},"line":430},"27":{"name":"(anonymous_27)","decl":{"start":{"line":459,"column":44},"end":{"line":459,"column":45}},"loc":{"start":{"line":459,"column":58},"end":{"line":473,"column":1}},"line":459},"28":{"name":"(anonymous_28)","decl":{"start":{"line":462,"column":19},"end":{"line":462,"column":20}},"loc":{"start":{"line":462,"column":41},"end":{"line":472,"column":5}},"line":462},"29":{"name":"(anonymous_29)","decl":{"start":{"line":519,"column":29},"end":{"line":519,"column":30}},"loc":{"start":{"line":519,"column":43},"end":{"line":545,"column":1}},"line":519},"30":{"name":"(anonymous_30)","decl":{"start":{"line":530,"column":23},"end":{"line":530,"column":24}},"loc":{"start":{"line":530,"column":45},"end":{"line":540,"column":9}},"line":530},"31":{"name":"(anonymous_31)","decl":{"start":{"line":566,"column":33},"end":{"line":566,"column":34}},"loc":{"start":{"line":566,"column":47},"end":{"line":588,"column":1}},"line":566},"32":{"name":"(anonymous_32)","decl":{"start":{"line":574,"column":23},"end":{"line":574,"column":24}},"loc":{"start":{"line":574,"column":45},"end":{"line":583,"column":9}},"line":574},"33":{"name":"(anonymous_33)","decl":{"start":{"line":602,"column":33},"end":{"line":602,"column":34}},"loc":{"start":{"line":602,"column":47},"end":{"line":615,"column":1}},"line":602},"34":{"name":"(anonymous_34)","decl":{"start":{"line":604,"column":19},"end":{"line":604,"column":20}},"loc":{"start":{"line":604,"column":41},"end":{"line":614,"column":5}},"line":604},"35":{"name":"(anonymous_35)","decl":{"start":{"line":629,"column":40},"end":{"line":629,"column":41}},"loc":{"start":{"line":629,"column":54},"end":{"line":642,"column":1}},"line":629},"36":{"name":"(anonymous_36)","decl":{"start":{"line":631,"column":19},"end":{"line":631,"column":20}},"loc":{"start":{"line":631,"column":41},"end":{"line":641,"column":5}},"line":631},"37":{"name":"(anonymous_37)","decl":{"start":{"line":661,"column":53},"end":{"line":661,"column":54}},"loc":{"start":{"line":661,"column":67},"end":{"line":675,"column":1}},"line":661},"38":{"name":"(anonymous_38)","decl":{"start":{"line":664,"column":19},"end":{"line":664,"column":20}},"loc":{"start":{"line":664,"column":41},"end":{"line":674,"column":5}},"line":664},"39":{"name":"(anonymous_39)","decl":{"start":{"line":689,"column":39},"end":{"line":689,"column":40}},"loc":{"start":{"line":689,"column":53},"end":{"line":702,"column":1}},"line":689},"40":{"name":"(anonymous_40)","decl":{"start":{"line":691,"column":19},"end":{"line":691,"column":20}},"loc":{"start":{"line":691,"column":41},"end":{"line":701,"column":5}},"line":691},"41":{"name":"(anonymous_41)","decl":{"start":{"line":721,"column":52},"end":{"line":721,"column":53}},"loc":{"start":{"line":721,"column":66},"end":{"line":735,"column":1}},"line":721},"42":{"name":"(anonymous_42)","decl":{"start":{"line":724,"column":19},"end":{"line":724,"column":20}},"loc":{"start":{"line":724,"column":41},"end":{"line":734,"column":5}},"line":724},"43":{"name":"(anonymous_43)","decl":{"start":{"line":778,"column":30},"end":{"line":778,"column":31}},"loc":{"start":{"line":778,"column":44},"end":{"line":804,"column":1}},"line":778},"44":{"name":"(anonymous_44)","decl":{"start":{"line":789,"column":23},"end":{"line":789,"column":24}},"loc":{"start":{"line":789,"column":45},"end":{"line":799,"column":9}},"line":789},"45":{"name":"(anonymous_45)","decl":{"start":{"line":827,"column":34},"end":{"line":827,"column":35}},"loc":{"start":{"line":827,"column":48},"end":{"line":849,"column":1}},"line":827},"46":{"name":"(anonymous_46)","decl":{"start":{"line":835,"column":23},"end":{"line":835,"column":24}},"loc":{"start":{"line":835,"column":45},"end":{"line":844,"column":9}},"line":835},"47":{"name":"(anonymous_47)","decl":{"start":{"line":876,"column":32},"end":{"line":876,"column":33}},"loc":{"start":{"line":876,"column":46},"end":{"line":899,"column":1}},"line":876},"48":{"name":"(anonymous_48)","decl":{"start":{"line":885,"column":23},"end":{"line":885,"column":24}},"loc":{"start":{"line":885,"column":45},"end":{"line":894,"column":9}},"line":885},"49":{"name":"(anonymous_49)","decl":{"start":{"line":926,"column":37},"end":{"line":926,"column":38}},"loc":{"start":{"line":926,"column":51},"end":{"line":949,"column":1}},"line":926},"50":{"name":"(anonymous_50)","decl":{"start":{"line":935,"column":23},"end":{"line":935,"column":24}},"loc":{"start":{"line":935,"column":45},"end":{"line":944,"column":9}},"line":935},"51":{"name":"(anonymous_51)","decl":{"start":{"line":963,"column":33},"end":{"line":963,"column":34}},"loc":{"start":{"line":963,"column":47},"end":{"line":976,"column":1}},"line":963},"52":{"name":"(anonymous_52)","decl":{"start":{"line":965,"column":19},"end":{"line":965,"column":20}},"loc":{"start":{"line":965,"column":41},"end":{"line":975,"column":5}},"line":965},"53":{"name":"(anonymous_53)","decl":{"start":{"line":995,"column":43},"end":{"line":995,"column":44}},"loc":{"start":{"line":995,"column":57},"end":{"line":1009,"column":1}},"line":995},"54":{"name":"(anonymous_54)","decl":{"start":{"line":998,"column":19},"end":{"line":998,"column":20}},"loc":{"start":{"line":998,"column":41},"end":{"line":1008,"column":5}},"line":998},"55":{"name":"(anonymous_55)","decl":{"start":{"line":1028,"column":49},"end":{"line":1028,"column":50}},"loc":{"start":{"line":1028,"column":63},"end":{"line":1042,"column":1}},"line":1028},"56":{"name":"(anonymous_56)","decl":{"start":{"line":1031,"column":19},"end":{"line":1031,"column":20}},"loc":{"start":{"line":1031,"column":41},"end":{"line":1041,"column":5}},"line":1031},"57":{"name":"(anonymous_57)","decl":{"start":{"line":1061,"column":37},"end":{"line":1061,"column":38}},"loc":{"start":{"line":1061,"column":51},"end":{"line":1075,"column":1}},"line":1061},"58":{"name":"(anonymous_58)","decl":{"start":{"line":1064,"column":19},"end":{"line":1064,"column":20}},"loc":{"start":{"line":1064,"column":41},"end":{"line":1074,"column":5}},"line":1064},"59":{"name":"(anonymous_59)","decl":{"start":{"line":1118,"column":31},"end":{"line":1118,"column":32}},"loc":{"start":{"line":1118,"column":45},"end":{"line":1145,"column":1}},"line":1118},"60":{"name":"(anonymous_60)","decl":{"start":{"line":1129,"column":23},"end":{"line":1129,"column":24}},"loc":{"start":{"line":1129,"column":45},"end":{"line":1139,"column":9}},"line":1129},"61":{"name":"(anonymous_61)","decl":{"start":{"line":1165,"column":35},"end":{"line":1165,"column":36}},"loc":{"start":{"line":1165,"column":49},"end":{"line":1182,"column":1}},"line":1165},"62":{"name":"(anonymous_62)","decl":{"start":{"line":1172,"column":19},"end":{"line":1172,"column":20}},"loc":{"start":{"line":1172,"column":41},"end":{"line":1181,"column":5}},"line":1172},"63":{"name":"(anonymous_63)","decl":{"start":{"line":1207,"column":35},"end":{"line":1207,"column":36}},"loc":{"start":{"line":1207,"column":49},"end":{"line":1225,"column":1}},"line":1207},"64":{"name":"(anonymous_64)","decl":{"start":{"line":1215,"column":19},"end":{"line":1215,"column":20}},"loc":{"start":{"line":1215,"column":41},"end":{"line":1224,"column":5}},"line":1215},"65":{"name":"(anonymous_65)","decl":{"start":{"line":1251,"column":32},"end":{"line":1251,"column":33}},"loc":{"start":{"line":1251,"column":46},"end":{"line":1269,"column":1}},"line":1251},"66":{"name":"(anonymous_66)","decl":{"start":{"line":1259,"column":19},"end":{"line":1259,"column":20}},"loc":{"start":{"line":1259,"column":41},"end":{"line":1268,"column":5}},"line":1259},"67":{"name":"(anonymous_67)","decl":{"start":{"line":1283,"column":35},"end":{"line":1283,"column":36}},"loc":{"start":{"line":1283,"column":49},"end":{"line":1296,"column":1}},"line":1283},"68":{"name":"(anonymous_68)","decl":{"start":{"line":1285,"column":19},"end":{"line":1285,"column":20}},"loc":{"start":{"line":1285,"column":41},"end":{"line":1295,"column":5}},"line":1285},"69":{"name":"(anonymous_69)","decl":{"start":{"line":1310,"column":43},"end":{"line":1310,"column":44}},"loc":{"start":{"line":1310,"column":57},"end":{"line":1323,"column":1}},"line":1310},"70":{"name":"(anonymous_70)","decl":{"start":{"line":1312,"column":19},"end":{"line":1312,"column":20}},"loc":{"start":{"line":1312,"column":41},"end":{"line":1322,"column":5}},"line":1312},"71":{"name":"(anonymous_71)","decl":{"start":{"line":1342,"column":58},"end":{"line":1342,"column":59}},"loc":{"start":{"line":1342,"column":72},"end":{"line":1356,"column":1}},"line":1342},"72":{"name":"(anonymous_72)","decl":{"start":{"line":1345,"column":19},"end":{"line":1345,"column":20}},"loc":{"start":{"line":1345,"column":41},"end":{"line":1355,"column":5}},"line":1345},"73":{"name":"(anonymous_73)","decl":{"start":{"line":1375,"column":40},"end":{"line":1375,"column":41}},"loc":{"start":{"line":1375,"column":54},"end":{"line":1389,"column":1}},"line":1375},"74":{"name":"(anonymous_74)","decl":{"start":{"line":1378,"column":19},"end":{"line":1378,"column":20}},"loc":{"start":{"line":1378,"column":41},"end":{"line":1388,"column":5}},"line":1378},"75":{"name":"(anonymous_75)","decl":{"start":{"line":1408,"column":38},"end":{"line":1408,"column":39}},"loc":{"start":{"line":1408,"column":52},"end":{"line":1422,"column":1}},"line":1408},"76":{"name":"(anonymous_76)","decl":{"start":{"line":1411,"column":19},"end":{"line":1411,"column":20}},"loc":{"start":{"line":1411,"column":41},"end":{"line":1421,"column":5}},"line":1411},"77":{"name":"(anonymous_77)","decl":{"start":{"line":1441,"column":43},"end":{"line":1441,"column":44}},"loc":{"start":{"line":1441,"column":57},"end":{"line":1455,"column":1}},"line":1441},"78":{"name":"(anonymous_78)","decl":{"start":{"line":1444,"column":19},"end":{"line":1444,"column":20}},"loc":{"start":{"line":1444,"column":41},"end":{"line":1454,"column":5}},"line":1444},"79":{"name":"(anonymous_79)","decl":{"start":{"line":1474,"column":45},"end":{"line":1474,"column":46}},"loc":{"start":{"line":1474,"column":59},"end":{"line":1488,"column":1}},"line":1474},"80":{"name":"(anonymous_80)","decl":{"start":{"line":1477,"column":19},"end":{"line":1477,"column":20}},"loc":{"start":{"line":1477,"column":41},"end":{"line":1487,"column":5}},"line":1477},"81":{"name":"(anonymous_81)","decl":{"start":{"line":1513,"column":33},"end":{"line":1513,"column":34}},"loc":{"start":{"line":1513,"column":47},"end":{"line":1538,"column":1}},"line":1513},"82":{"name":"(anonymous_82)","decl":{"start":{"line":1518,"column":23},"end":{"line":1518,"column":24}},"loc":{"start":{"line":1518,"column":45},"end":{"line":1532,"column":9}},"line":1518},"83":{"name":"(anonymous_83)","decl":{"start":{"line":1547,"column":35},"end":{"line":1547,"column":36}},"loc":{"start":{"line":1547,"column":49},"end":{"line":1550,"column":1}},"line":1547},"84":{"name":"(anonymous_84)","decl":{"start":{"line":1573,"column":28},"end":{"line":1573,"column":29}},"loc":{"start":{"line":1573,"column":42},"end":{"line":1594,"column":1}},"line":1573},"85":{"name":"(anonymous_85)","decl":{"start":{"line":1579,"column":23},"end":{"line":1579,"column":24}},"loc":{"start":{"line":1579,"column":45},"end":{"line":1588,"column":9}},"line":1579},"86":{"name":"(anonymous_86)","decl":{"start":{"line":1627,"column":35},"end":{"line":1627,"column":36}},"loc":{"start":{"line":1627,"column":49},"end":{"line":1669,"column":1}},"line":1627},"87":{"name":"(anonymous_87)","decl":{"start":{"line":1634,"column":23},"end":{"line":1634,"column":24}},"loc":{"start":{"line":1634,"column":45},"end":{"line":1663,"column":9}},"line":1634},"88":{"name":"(anonymous_88)","decl":{"start":{"line":1696,"column":32},"end":{"line":1696,"column":33}},"loc":{"start":{"line":1696,"column":46},"end":{"line":1722,"column":1}},"line":1696},"89":{"name":"(anonymous_89)","decl":{"start":{"line":1702,"column":23},"end":{"line":1702,"column":24}},"loc":{"start":{"line":1702,"column":45},"end":{"line":1716,"column":9}},"line":1702},"90":{"name":"(anonymous_90)","decl":{"start":{"line":1749,"column":41},"end":{"line":1749,"column":42}},"loc":{"start":{"line":1749,"column":55},"end":{"line":1775,"column":1}},"line":1749},"91":{"name":"(anonymous_91)","decl":{"start":{"line":1755,"column":23},"end":{"line":1755,"column":24}},"loc":{"start":{"line":1755,"column":45},"end":{"line":1769,"column":9}},"line":1755},"92":{"name":"(anonymous_92)","decl":{"start":{"line":1802,"column":38},"end":{"line":1802,"column":39}},"loc":{"start":{"line":1802,"column":52},"end":{"line":1827,"column":1}},"line":1802},"93":{"name":"(anonymous_93)","decl":{"start":{"line":1808,"column":23},"end":{"line":1808,"column":24}},"loc":{"start":{"line":1808,"column":45},"end":{"line":1822,"column":9}},"line":1808},"94":{"name":"(anonymous_94)","decl":{"start":{"line":1854,"column":45},"end":{"line":1854,"column":46}},"loc":{"start":{"line":1854,"column":59},"end":{"line":1876,"column":1}},"line":1854},"95":{"name":"(anonymous_95)","decl":{"start":{"line":1866,"column":19},"end":{"line":1866,"column":20}},"loc":{"start":{"line":1866,"column":41},"end":{"line":1875,"column":5}},"line":1866},"96":{"name":"(anonymous_96)","decl":{"start":{"line":1903,"column":47},"end":{"line":1903,"column":48}},"loc":{"start":{"line":1903,"column":61},"end":{"line":1925,"column":1}},"line":1903},"97":{"name":"(anonymous_97)","decl":{"start":{"line":1915,"column":19},"end":{"line":1915,"column":20}},"loc":{"start":{"line":1915,"column":41},"end":{"line":1924,"column":5}},"line":1915},"98":{"name":"(anonymous_98)","decl":{"start":{"line":1952,"column":44},"end":{"line":1952,"column":45}},"loc":{"start":{"line":1952,"column":58},"end":{"line":1974,"column":1}},"line":1952},"99":{"name":"(anonymous_99)","decl":{"start":{"line":1964,"column":19},"end":{"line":1964,"column":20}},"loc":{"start":{"line":1964,"column":41},"end":{"line":1973,"column":5}},"line":1964},"100":{"name":"(anonymous_100)","decl":{"start":{"line":2001,"column":46},"end":{"line":2001,"column":47}},"loc":{"start":{"line":2001,"column":60},"end":{"line":2023,"column":1}},"line":2001},"101":{"name":"(anonymous_101)","decl":{"start":{"line":2013,"column":19},"end":{"line":2013,"column":20}},"loc":{"start":{"line":2013,"column":41},"end":{"line":2022,"column":5}},"line":2013},"102":{"name":"(anonymous_102)","decl":{"start":{"line":2045,"column":34},"end":{"line":2045,"column":35}},"loc":{"start":{"line":2045,"column":48},"end":{"line":2066,"column":1}},"line":2045},"103":{"name":"(anonymous_103)","decl":{"start":{"line":2050,"column":23},"end":{"line":2050,"column":24}},"loc":{"start":{"line":2050,"column":45},"end":{"line":2060,"column":9}},"line":2050},"104":{"name":"(anonymous_104)","decl":{"start":{"line":2082,"column":33},"end":{"line":2082,"column":34}},"loc":{"start":{"line":2082,"column":47},"end":{"line":2101,"column":1}},"line":2082},"105":{"name":"(anonymous_105)","decl":{"start":{"line":2086,"column":23},"end":{"line":2086,"column":24}},"loc":{"start":{"line":2086,"column":45},"end":{"line":2095,"column":9}},"line":2086},"106":{"name":"(anonymous_106)","decl":{"start":{"line":2122,"column":41},"end":{"line":2122,"column":42}},"loc":{"start":{"line":2122,"column":55},"end":{"line":2142,"column":1}},"line":2122},"107":{"name":"(anonymous_107)","decl":{"start":{"line":2126,"column":23},"end":{"line":2126,"column":24}},"loc":{"start":{"line":2126,"column":45},"end":{"line":2136,"column":9}},"line":2126},"108":{"name":"(anonymous_108)","decl":{"start":{"line":2167,"column":39},"end":{"line":2167,"column":40}},"loc":{"start":{"line":2167,"column":53},"end":{"line":2188,"column":1}},"line":2167},"109":{"name":"(anonymous_109)","decl":{"start":{"line":2172,"column":23},"end":{"line":2172,"column":24}},"loc":{"start":{"line":2172,"column":45},"end":{"line":2182,"column":9}},"line":2172},"110":{"name":"(anonymous_110)","decl":{"start":{"line":2209,"column":39},"end":{"line":2209,"column":40}},"loc":{"start":{"line":2209,"column":53},"end":{"line":2229,"column":1}},"line":2209},"111":{"name":"(anonymous_111)","decl":{"start":{"line":2213,"column":23},"end":{"line":2213,"column":24}},"loc":{"start":{"line":2213,"column":45},"end":{"line":2223,"column":9}},"line":2213},"112":{"name":"(anonymous_112)","decl":{"start":{"line":2254,"column":38},"end":{"line":2254,"column":39}},"loc":{"start":{"line":2254,"column":52},"end":{"line":2274,"column":1}},"line":2254},"113":{"name":"(anonymous_113)","decl":{"start":{"line":2259,"column":23},"end":{"line":2259,"column":24}},"loc":{"start":{"line":2259,"column":45},"end":{"line":2268,"column":9}},"line":2259},"114":{"name":"(anonymous_114)","decl":{"start":{"line":2321,"column":33},"end":{"line":2321,"column":34}},"loc":{"start":{"line":2321,"column":47},"end":{"line":2354,"column":1}},"line":2321},"115":{"name":"(anonymous_115)","decl":{"start":{"line":2333,"column":23},"end":{"line":2333,"column":24}},"loc":{"start":{"line":2333,"column":45},"end":{"line":2348,"column":9}},"line":2333},"116":{"name":"(anonymous_116)","decl":{"start":{"line":2382,"column":37},"end":{"line":2382,"column":38}},"loc":{"start":{"line":2382,"column":51},"end":{"line":2418,"column":1}},"line":2382},"117":{"name":"(anonymous_117)","decl":{"start":{"line":2392,"column":27},"end":{"line":2392,"column":28}},"loc":{"start":{"line":2392,"column":49},"end":{"line":2407,"column":13}},"line":2392},"118":{"name":"(anonymous_118)","decl":{"start":{"line":2437,"column":44},"end":{"line":2437,"column":45}},"loc":{"start":{"line":2437,"column":58},"end":{"line":2451,"column":1}},"line":2437},"119":{"name":"(anonymous_119)","decl":{"start":{"line":2440,"column":19},"end":{"line":2440,"column":20}},"loc":{"start":{"line":2440,"column":41},"end":{"line":2450,"column":5}},"line":2440},"120":{"name":"(anonymous_120)","decl":{"start":{"line":2470,"column":45},"end":{"line":2470,"column":46}},"loc":{"start":{"line":2470,"column":59},"end":{"line":2483,"column":1}},"line":2470},"121":{"name":"(anonymous_121)","decl":{"start":{"line":2473,"column":19},"end":{"line":2473,"column":20}},"loc":{"start":{"line":2473,"column":41},"end":{"line":2482,"column":5}},"line":2473},"122":{"name":"(anonymous_122)","decl":{"start":{"line":2497,"column":37},"end":{"line":2497,"column":38}},"loc":{"start":{"line":2497,"column":51},"end":{"line":2509,"column":1}},"line":2497},"123":{"name":"(anonymous_123)","decl":{"start":{"line":2499,"column":19},"end":{"line":2499,"column":20}},"loc":{"start":{"line":2499,"column":41},"end":{"line":2508,"column":5}},"line":2499},"124":{"name":"(anonymous_124)","decl":{"start":{"line":2544,"column":26},"end":{"line":2544,"column":27}},"loc":{"start":{"line":2544,"column":40},"end":{"line":2546,"column":1}},"line":2544},"125":{"name":"(anonymous_125)","decl":{"start":{"line":2562,"column":26},"end":{"line":2562,"column":27}},"loc":{"start":{"line":2562,"column":40},"end":{"line":2575,"column":1}},"line":2562},"126":{"name":"(anonymous_126)","decl":{"start":{"line":2564,"column":19},"end":{"line":2564,"column":20}},"loc":{"start":{"line":2564,"column":41},"end":{"line":2574,"column":5}},"line":2564}},"branchMap":{"0":{"loc":{"start":{"line":56,"column":4},"end":{"line":61,"column":5}},"type":"if","locations":[{"start":{"line":56,"column":4},"end":{"line":61,"column":5}},{"start":{"line":59,"column":8},"end":{"line":61,"column":5}}],"line":56},"1":{"loc":{"start":{"line":65,"column":4},"end":{"line":70,"column":5}},"type":"if","locations":[{"start":{"line":65,"column":4},"end":{"line":70,"column":5}},{"start":{"line":68,"column":8},"end":{"line":70,"column":5}}],"line":65},"2":{"loc":{"start":{"line":74,"column":4},"end":{"line":85,"column":5}},"type":"if","locations":[{"start":{"line":74,"column":4},"end":{"line":85,"column":5}},{"start":{"line":78,"column":8},"end":{"line":85,"column":5}}],"line":74},"3":{"loc":{"start":{"line":79,"column":8},"end":{"line":84,"column":9}},"type":"if","locations":[{"start":{"line":79,"column":8},"end":{"line":84,"column":9}},{"start":{"line":82,"column":12},"end":{"line":84,"column":9}}],"line":79},"4":{"loc":{"start":{"line":89,"column":4},"end":{"line":94,"column":5}},"type":"if","locations":[{"start":{"line":89,"column":4},"end":{"line":94,"column":5}},{"start":{"line":92,"column":8},"end":{"line":94,"column":5}}],"line":89},"5":{"loc":{"start":{"line":98,"column":4},"end":{"line":103,"column":5}},"type":"if","locations":[{"start":{"line":98,"column":4},"end":{"line":103,"column":5}},{"start":{"line":101,"column":8},"end":{"line":103,"column":5}}],"line":98},"6":{"loc":{"start":{"line":111,"column":4},"end":{"line":113,"column":5}},"type":"if","locations":[{"start":{"line":111,"column":4},"end":{"line":113,"column":5}},{"start":{},"end":{}}],"line":111},"7":{"loc":{"start":{"line":118,"column":4},"end":{"line":123,"column":5}},"type":"if","locations":[{"start":{"line":118,"column":4},"end":{"line":123,"column":5}},{"start":{"line":121,"column":8},"end":{"line":123,"column":5}}],"line":118},"8":{"loc":{"start":{"line":127,"column":4},"end":{"line":137,"column":5}},"type":"if","locations":[{"start":{"line":127,"column":4},"end":{"line":137,"column":5}},{"start":{"line":135,"column":8},"end":{"line":137,"column":5}}],"line":127},"9":{"loc":{"start":{"line":128,"column":8},"end":{"line":133,"column":9}},"type":"if","locations":[{"start":{"line":128,"column":8},"end":{"line":133,"column":9}},{"start":{"line":131,"column":12},"end":{"line":133,"column":9}}],"line":128},"10":{"loc":{"start":{"line":141,"column":4},"end":{"line":146,"column":5}},"type":"if","locations":[{"start":{"line":141,"column":4},"end":{"line":146,"column":5}},{"start":{"line":144,"column":8},"end":{"line":146,"column":5}}],"line":141},"11":{"loc":{"start":{"line":150,"column":4},"end":{"line":155,"column":5}},"type":"if","locations":[{"start":{"line":150,"column":4},"end":{"line":155,"column":5}},{"start":{"line":153,"column":8},"end":{"line":155,"column":5}}],"line":150},"12":{"loc":{"start":{"line":167,"column":4},"end":{"line":177,"column":5}},"type":"if","locations":[{"start":{"line":167,"column":4},"end":{"line":177,"column":5}},{"start":{"line":170,"column":8},"end":{"line":177,"column":5}}],"line":167},"13":{"loc":{"start":{"line":171,"column":8},"end":{"line":176,"column":9}},"type":"if","locations":[{"start":{"line":171,"column":8},"end":{"line":176,"column":9}},{"start":{"line":174,"column":12},"end":{"line":176,"column":9}}],"line":171},"14":{"loc":{"start":{"line":214,"column":8},"end":{"line":230,"column":9}},"type":"if","locations":[{"start":{"line":214,"column":8},"end":{"line":230,"column":9}},{"start":{"line":227,"column":12},"end":{"line":230,"column":9}}],"line":214},"15":{"loc":{"start":{"line":217,"column":16},"end":{"line":222,"column":17}},"type":"if","locations":[{"start":{"line":217,"column":16},"end":{"line":222,"column":17}},{"start":{"line":220,"column":20},"end":{"line":222,"column":17}}],"line":217},"16":{"loc":{"start":{"line":284,"column":8},"end":{"line":300,"column":9}},"type":"if","locations":[{"start":{"line":284,"column":8},"end":{"line":300,"column":9}},{"start":{"line":288,"column":12},"end":{"line":300,"column":9}}],"line":284},"17":{"loc":{"start":{"line":347,"column":4},"end":{"line":368,"column":5}},"type":"if","locations":[{"start":{"line":347,"column":4},"end":{"line":368,"column":5}},{"start":{"line":365,"column":8},"end":{"line":368,"column":5}}],"line":347},"18":{"loc":{"start":{"line":348,"column":8},"end":{"line":351,"column":9}},"type":"if","locations":[{"start":{"line":348,"column":8},"end":{"line":351,"column":9}},{"start":{},"end":{}}],"line":348},"19":{"loc":{"start":{"line":348,"column":11},"end":{"line":348,"column":86}},"type":"binary-expr","locations":[{"start":{"line":348,"column":11},"end":{"line":348,"column":31}},{"start":{"line":348,"column":35},"end":{"line":348,"column":56}},{"start":{"line":348,"column":60},"end":{"line":348,"column":86}}],"line":348},"20":{"loc":{"start":{"line":392,"column":4},"end":{"line":411,"column":5}},"type":"if","locations":[{"start":{"line":392,"column":4},"end":{"line":411,"column":5}},{"start":{"line":408,"column":8},"end":{"line":411,"column":5}}],"line":392},"21":{"loc":{"start":{"line":393,"column":8},"end":{"line":396,"column":9}},"type":"if","locations":[{"start":{"line":393,"column":8},"end":{"line":396,"column":9}},{"start":{},"end":{}}],"line":393},"22":{"loc":{"start":{"line":524,"column":4},"end":{"line":544,"column":5}},"type":"if","locations":[{"start":{"line":524,"column":4},"end":{"line":544,"column":5}},{"start":{"line":542,"column":8},"end":{"line":544,"column":5}}],"line":524},"23":{"loc":{"start":{"line":525,"column":8},"end":{"line":528,"column":9}},"type":"if","locations":[{"start":{"line":525,"column":8},"end":{"line":528,"column":9}},{"start":{},"end":{}}],"line":525},"24":{"loc":{"start":{"line":525,"column":11},"end":{"line":525,"column":106}},"type":"binary-expr","locations":[{"start":{"line":525,"column":11},"end":{"line":525,"column":30}},{"start":{"line":525,"column":34},"end":{"line":525,"column":54}},{"start":{"line":525,"column":58},"end":{"line":525,"column":81}},{"start":{"line":525,"column":85},"end":{"line":525,"column":106}}],"line":525},"25":{"loc":{"start":{"line":568,"column":4},"end":{"line":587,"column":5}},"type":"if","locations":[{"start":{"line":568,"column":4},"end":{"line":587,"column":5}},{"start":{"line":585,"column":8},"end":{"line":587,"column":5}}],"line":568},"26":{"loc":{"start":{"line":569,"column":8},"end":{"line":572,"column":9}},"type":"if","locations":[{"start":{"line":569,"column":8},"end":{"line":572,"column":9}},{"start":{},"end":{}}],"line":569},"27":{"loc":{"start":{"line":783,"column":4},"end":{"line":803,"column":5}},"type":"if","locations":[{"start":{"line":783,"column":4},"end":{"line":803,"column":5}},{"start":{"line":801,"column":8},"end":{"line":803,"column":5}}],"line":783},"28":{"loc":{"start":{"line":784,"column":8},"end":{"line":787,"column":9}},"type":"if","locations":[{"start":{"line":784,"column":8},"end":{"line":787,"column":9}},{"start":{},"end":{}}],"line":784},"29":{"loc":{"start":{"line":784,"column":11},"end":{"line":784,"column":98}},"type":"binary-expr","locations":[{"start":{"line":784,"column":11},"end":{"line":784,"column":34}},{"start":{"line":784,"column":38},"end":{"line":784,"column":56}},{"start":{"line":784,"column":60},"end":{"line":784,"column":77}},{"start":{"line":784,"column":81},"end":{"line":784,"column":98}}],"line":784},"30":{"loc":{"start":{"line":829,"column":4},"end":{"line":848,"column":5}},"type":"if","locations":[{"start":{"line":829,"column":4},"end":{"line":848,"column":5}},{"start":{"line":846,"column":8},"end":{"line":848,"column":5}}],"line":829},"31":{"loc":{"start":{"line":830,"column":8},"end":{"line":833,"column":9}},"type":"if","locations":[{"start":{"line":830,"column":8},"end":{"line":833,"column":9}},{"start":{},"end":{}}],"line":830},"32":{"loc":{"start":{"line":879,"column":4},"end":{"line":898,"column":5}},"type":"if","locations":[{"start":{"line":879,"column":4},"end":{"line":898,"column":5}},{"start":{"line":896,"column":8},"end":{"line":898,"column":5}}],"line":879},"33":{"loc":{"start":{"line":880,"column":8},"end":{"line":883,"column":9}},"type":"if","locations":[{"start":{"line":880,"column":8},"end":{"line":883,"column":9}},{"start":{},"end":{}}],"line":880},"34":{"loc":{"start":{"line":880,"column":11},"end":{"line":880,"column":55}},"type":"binary-expr","locations":[{"start":{"line":880,"column":11},"end":{"line":880,"column":33}},{"start":{"line":880,"column":37},"end":{"line":880,"column":55}}],"line":880},"35":{"loc":{"start":{"line":929,"column":4},"end":{"line":948,"column":5}},"type":"if","locations":[{"start":{"line":929,"column":4},"end":{"line":948,"column":5}},{"start":{"line":946,"column":8},"end":{"line":948,"column":5}}],"line":929},"36":{"loc":{"start":{"line":930,"column":8},"end":{"line":933,"column":9}},"type":"if","locations":[{"start":{"line":930,"column":8},"end":{"line":933,"column":9}},{"start":{},"end":{}}],"line":930},"37":{"loc":{"start":{"line":930,"column":11},"end":{"line":930,"column":60}},"type":"binary-expr","locations":[{"start":{"line":930,"column":11},"end":{"line":930,"column":33}},{"start":{"line":930,"column":37},"end":{"line":930,"column":60}}],"line":930},"38":{"loc":{"start":{"line":1123,"column":4},"end":{"line":1126,"column":5}},"type":"if","locations":[{"start":{"line":1123,"column":4},"end":{"line":1126,"column":5}},{"start":{},"end":{}}],"line":1123},"39":{"loc":{"start":{"line":1123,"column":7},"end":{"line":1123,"column":101}},"type":"binary-expr","locations":[{"start":{"line":1123,"column":7},"end":{"line":1123,"column":24}},{"start":{"line":1123,"column":28},"end":{"line":1123,"column":49}},{"start":{"line":1123,"column":53},"end":{"line":1123,"column":75}},{"start":{"line":1123,"column":79},"end":{"line":1123,"column":101}}],"line":1123},"40":{"loc":{"start":{"line":1127,"column":4},"end":{"line":1144,"column":5}},"type":"if","locations":[{"start":{"line":1127,"column":4},"end":{"line":1144,"column":5}},{"start":{"line":1141,"column":8},"end":{"line":1144,"column":5}}],"line":1127},"41":{"loc":{"start":{"line":1167,"column":4},"end":{"line":1170,"column":5}},"type":"if","locations":[{"start":{"line":1167,"column":4},"end":{"line":1170,"column":5}},{"start":{},"end":{}}],"line":1167},"42":{"loc":{"start":{"line":1210,"column":4},"end":{"line":1213,"column":5}},"type":"if","locations":[{"start":{"line":1210,"column":4},"end":{"line":1213,"column":5}},{"start":{},"end":{}}],"line":1210},"43":{"loc":{"start":{"line":1210,"column":7},"end":{"line":1210,"column":55}},"type":"binary-expr","locations":[{"start":{"line":1210,"column":7},"end":{"line":1210,"column":30}},{"start":{"line":1210,"column":34},"end":{"line":1210,"column":55}}],"line":1210},"44":{"loc":{"start":{"line":1254,"column":4},"end":{"line":1257,"column":5}},"type":"if","locations":[{"start":{"line":1254,"column":4},"end":{"line":1257,"column":5}},{"start":{},"end":{}}],"line":1254},"45":{"loc":{"start":{"line":1254,"column":7},"end":{"line":1254,"column":53}},"type":"binary-expr","locations":[{"start":{"line":1254,"column":7},"end":{"line":1254,"column":30}},{"start":{"line":1254,"column":34},"end":{"line":1254,"column":53}}],"line":1254},"46":{"loc":{"start":{"line":1515,"column":4},"end":{"line":1537,"column":5}},"type":"if","locations":[{"start":{"line":1515,"column":4},"end":{"line":1537,"column":5}},{"start":{"line":1534,"column":8},"end":{"line":1537,"column":5}}],"line":1515},"47":{"loc":{"start":{"line":1515,"column":7},"end":{"line":1515,"column":55}},"type":"binary-expr","locations":[{"start":{"line":1515,"column":7},"end":{"line":1515,"column":26}},{"start":{"line":1515,"column":30},"end":{"line":1515,"column":55}}],"line":1515},"48":{"loc":{"start":{"line":1576,"column":4},"end":{"line":1593,"column":5}},"type":"if","locations":[{"start":{"line":1576,"column":4},"end":{"line":1593,"column":5}},{"start":{"line":1590,"column":8},"end":{"line":1593,"column":5}}],"line":1576},"49":{"loc":{"start":{"line":1629,"column":4},"end":{"line":1668,"column":5}},"type":"if","locations":[{"start":{"line":1629,"column":4},"end":{"line":1668,"column":5}},{"start":{"line":1665,"column":8},"end":{"line":1668,"column":5}}],"line":1629},"50":{"loc":{"start":{"line":1629,"column":7},"end":{"line":1629,"column":55}},"type":"binary-expr","locations":[{"start":{"line":1629,"column":7},"end":{"line":1629,"column":26}},{"start":{"line":1629,"column":30},"end":{"line":1629,"column":55}}],"line":1629},"51":{"loc":{"start":{"line":1698,"column":4},"end":{"line":1721,"column":5}},"type":"if","locations":[{"start":{"line":1698,"column":4},"end":{"line":1721,"column":5}},{"start":{"line":1718,"column":8},"end":{"line":1721,"column":5}}],"line":1698},"52":{"loc":{"start":{"line":1698,"column":7},"end":{"line":1698,"column":55}},"type":"binary-expr","locations":[{"start":{"line":1698,"column":7},"end":{"line":1698,"column":26}},{"start":{"line":1698,"column":30},"end":{"line":1698,"column":55}}],"line":1698},"53":{"loc":{"start":{"line":1751,"column":4},"end":{"line":1774,"column":5}},"type":"if","locations":[{"start":{"line":1751,"column":4},"end":{"line":1774,"column":5}},{"start":{"line":1771,"column":8},"end":{"line":1774,"column":5}}],"line":1751},"54":{"loc":{"start":{"line":1751,"column":7},"end":{"line":1751,"column":55}},"type":"binary-expr","locations":[{"start":{"line":1751,"column":7},"end":{"line":1751,"column":26}},{"start":{"line":1751,"column":30},"end":{"line":1751,"column":55}}],"line":1751},"55":{"loc":{"start":{"line":1804,"column":4},"end":{"line":1826,"column":5}},"type":"if","locations":[{"start":{"line":1804,"column":4},"end":{"line":1826,"column":5}},{"start":{"line":1824,"column":8},"end":{"line":1826,"column":5}}],"line":1804},"56":{"loc":{"start":{"line":1804,"column":7},"end":{"line":1804,"column":55}},"type":"binary-expr","locations":[{"start":{"line":1804,"column":7},"end":{"line":1804,"column":26}},{"start":{"line":1804,"column":30},"end":{"line":1804,"column":55}}],"line":1804},"57":{"loc":{"start":{"line":1857,"column":4},"end":{"line":1860,"column":5}},"type":"if","locations":[{"start":{"line":1857,"column":4},"end":{"line":1860,"column":5}},{"start":{},"end":{}}],"line":1857},"58":{"loc":{"start":{"line":1861,"column":4},"end":{"line":1864,"column":5}},"type":"if","locations":[{"start":{"line":1861,"column":4},"end":{"line":1864,"column":5}},{"start":{},"end":{}}],"line":1861},"59":{"loc":{"start":{"line":1906,"column":4},"end":{"line":1909,"column":5}},"type":"if","locations":[{"start":{"line":1906,"column":4},"end":{"line":1909,"column":5}},{"start":{},"end":{}}],"line":1906},"60":{"loc":{"start":{"line":1910,"column":4},"end":{"line":1913,"column":5}},"type":"if","locations":[{"start":{"line":1910,"column":4},"end":{"line":1913,"column":5}},{"start":{},"end":{}}],"line":1910},"61":{"loc":{"start":{"line":1955,"column":4},"end":{"line":1958,"column":5}},"type":"if","locations":[{"start":{"line":1955,"column":4},"end":{"line":1958,"column":5}},{"start":{},"end":{}}],"line":1955},"62":{"loc":{"start":{"line":1959,"column":4},"end":{"line":1962,"column":5}},"type":"if","locations":[{"start":{"line":1959,"column":4},"end":{"line":1962,"column":5}},{"start":{},"end":{}}],"line":1959},"63":{"loc":{"start":{"line":2004,"column":4},"end":{"line":2007,"column":5}},"type":"if","locations":[{"start":{"line":2004,"column":4},"end":{"line":2007,"column":5}},{"start":{},"end":{}}],"line":2004},"64":{"loc":{"start":{"line":2008,"column":4},"end":{"line":2011,"column":5}},"type":"if","locations":[{"start":{"line":2008,"column":4},"end":{"line":2011,"column":5}},{"start":{},"end":{}}],"line":2008},"65":{"loc":{"start":{"line":2047,"column":4},"end":{"line":2065,"column":5}},"type":"if","locations":[{"start":{"line":2047,"column":4},"end":{"line":2065,"column":5}},{"start":{"line":2062,"column":8},"end":{"line":2065,"column":5}}],"line":2047},"66":{"loc":{"start":{"line":2047,"column":7},"end":{"line":2047,"column":56}},"type":"binary-expr","locations":[{"start":{"line":2047,"column":7},"end":{"line":2047,"column":26}},{"start":{"line":2047,"column":30},"end":{"line":2047,"column":56}}],"line":2047},"67":{"loc":{"start":{"line":2084,"column":4},"end":{"line":2100,"column":5}},"type":"if","locations":[{"start":{"line":2084,"column":4},"end":{"line":2100,"column":5}},{"start":{"line":2097,"column":8},"end":{"line":2100,"column":5}}],"line":2084},"68":{"loc":{"start":{"line":2123,"column":4},"end":{"line":2141,"column":5}},"type":"if","locations":[{"start":{"line":2123,"column":4},"end":{"line":2141,"column":5}},{"start":{"line":2138,"column":8},"end":{"line":2141,"column":5}}],"line":2123},"69":{"loc":{"start":{"line":2168,"column":4},"end":{"line":2187,"column":5}},"type":"if","locations":[{"start":{"line":2168,"column":4},"end":{"line":2187,"column":5}},{"start":{"line":2184,"column":8},"end":{"line":2187,"column":5}}],"line":2168},"70":{"loc":{"start":{"line":2210,"column":4},"end":{"line":2228,"column":5}},"type":"if","locations":[{"start":{"line":2210,"column":4},"end":{"line":2228,"column":5}},{"start":{"line":2225,"column":8},"end":{"line":2228,"column":5}}],"line":2210},"71":{"loc":{"start":{"line":2255,"column":4},"end":{"line":2273,"column":5}},"type":"if","locations":[{"start":{"line":2255,"column":4},"end":{"line":2273,"column":5}},{"start":{"line":2270,"column":8},"end":{"line":2273,"column":5}}],"line":2255},"72":{"loc":{"start":{"line":2322,"column":4},"end":{"line":2353,"column":5}},"type":"if","locations":[{"start":{"line":2322,"column":4},"end":{"line":2353,"column":5}},{"start":{"line":2350,"column":8},"end":{"line":2353,"column":5}}],"line":2322},"73":{"loc":{"start":{"line":2328,"column":8},"end":{"line":2331,"column":9}},"type":"if","locations":[{"start":{"line":2328,"column":8},"end":{"line":2331,"column":9}},{"start":{},"end":{}}],"line":2328},"74":{"loc":{"start":{"line":2328,"column":11},"end":{"line":2328,"column":39}},"type":"binary-expr","locations":[{"start":{"line":2328,"column":11},"end":{"line":2328,"column":23}},{"start":{"line":2328,"column":27},"end":{"line":2328,"column":39}}],"line":2328},"75":{"loc":{"start":{"line":2383,"column":4},"end":{"line":2417,"column":5}},"type":"if","locations":[{"start":{"line":2383,"column":4},"end":{"line":2417,"column":5}},{"start":{"line":2414,"column":8},"end":{"line":2417,"column":5}}],"line":2383},"76":{"loc":{"start":{"line":2385,"column":8},"end":{"line":2412,"column":9}},"type":"if","locations":[{"start":{"line":2385,"column":8},"end":{"line":2412,"column":9}},{"start":{"line":2409,"column":12},"end":{"line":2412,"column":9}}],"line":2385},"77":{"loc":{"start":{"line":2385,"column":11},"end":{"line":2385,"column":59}},"type":"binary-expr","locations":[{"start":{"line":2385,"column":11},"end":{"line":2385,"column":30}},{"start":{"line":2385,"column":34},"end":{"line":2385,"column":59}}],"line":2385},"78":{"loc":{"start":{"line":2387,"column":12},"end":{"line":2390,"column":13}},"type":"if","locations":[{"start":{"line":2387,"column":12},"end":{"line":2390,"column":13}},{"start":{},"end":{}}],"line":2387}},"s":{"0":9,"1":9,"2":9,"3":9,"4":9,"5":9,"6":9,"7":9,"8":9,"9":9,"10":9,"11":9,"12":9,"13":9,"14":9,"15":9,"16":9,"17":9,"18":9,"19":9,"20":9,"21":9,"22":9,"23":175,"24":175,"25":175,"26":175,"27":9,"28":3,"29":2,"30":1,"31":9,"32":3,"33":2,"34":1,"35":9,"36":6,"37":3,"38":3,"39":3,"40":2,"41":1,"42":9,"43":3,"44":2,"45":1,"46":9,"47":3,"48":2,"49":1,"50":9,"51":3,"52":9,"53":3,"54":2,"55":3,"56":9,"57":3,"58":2,"59":1,"60":9,"61":3,"62":2,"63":1,"64":1,"65":1,"66":9,"67":3,"68":1,"69":2,"70":9,"71":3,"72":1,"73":2,"74":9,"75":3,"76":9,"77":3,"78":9,"79":6,"80":3,"81":3,"82":2,"83":1,"84":9,"85":10,"86":10,"87":10,"88":10,"89":10,"90":9,"91":9,"92":9,"93":7,"94":2,"95":9,"96":9,"97":1,"98":1,"99":9,"100":3,"101":3,"102":3,"103":3,"104":3,"105":3,"106":3,"107":1,"108":1,"109":2,"110":2,"111":2,"112":2,"113":9,"114":3,"115":3,"116":3,"117":3,"118":2,"119":1,"120":1,"121":1,"122":1,"123":1,"124":1,"125":1,"126":1,"127":1,"128":9,"129":3,"130":3,"131":3,"132":2,"133":1,"134":1,"135":1,"136":1,"137":1,"138":1,"139":1,"140":9,"141":1,"142":1,"143":1,"144":1,"145":1,"146":9,"147":1,"148":1,"149":1,"150":1,"151":1,"152":1,"153":9,"154":3,"155":3,"156":3,"157":3,"158":3,"159":2,"160":1,"161":1,"162":1,"163":1,"164":1,"165":1,"166":1,"167":1,"168":9,"169":3,"170":3,"171":2,"172":1,"173":1,"174":1,"175":1,"176":1,"177":1,"178":1,"179":9,"180":1,"181":1,"182":1,"183":1,"184":1,"185":9,"186":1,"187":1,"188":1,"189":1,"190":1,"191":9,"192":1,"193":1,"194":1,"195":1,"196":1,"197":1,"198":9,"199":1,"200":1,"201":1,"202":1,"203":1,"204":9,"205":2,"206":2,"207":2,"208":2,"209":2,"210":2,"211":9,"212":3,"213":3,"214":3,"215":3,"216":3,"217":2,"218":1,"219":1,"220":1,"221":1,"222":1,"223":1,"224":1,"225":1,"226":9,"227":3,"228":3,"229":2,"230":1,"231":1,"232":1,"233":1,"234":1,"235":1,"236":1,"237":9,"238":3,"239":3,"240":3,"241":2,"242":1,"243":1,"244":1,"245":1,"246":1,"247":1,"248":1,"249":9,"250":3,"251":3,"252":3,"253":2,"254":1,"255":1,"256":1,"257":1,"258":1,"259":1,"260":1,"261":9,"262":1,"263":1,"264":1,"265":1,"266":1,"267":9,"268":1,"269":1,"270":1,"271":1,"272":1,"273":1,"274":9,"275":1,"276":1,"277":1,"278":1,"279":1,"280":1,"281":9,"282":2,"283":2,"284":2,"285":2,"286":2,"287":2,"288":9,"289":3,"290":3,"291":3,"292":3,"293":3,"294":1,"295":1,"296":2,"297":1,"298":1,"299":1,"300":1,"301":1,"302":1,"303":1,"304":9,"305":2,"306":2,"307":1,"308":1,"309":1,"310":1,"311":1,"312":1,"313":9,"314":2,"315":2,"316":2,"317":1,"318":1,"319":1,"320":1,"321":1,"322":1,"323":9,"324":2,"325":2,"326":2,"327":1,"328":1,"329":1,"330":1,"331":1,"332":1,"333":9,"334":1,"335":1,"336":1,"337":1,"338":1,"339":9,"340":1,"341":1,"342":1,"343":1,"344":1,"345":9,"346":1,"347":1,"348":1,"349":1,"350":1,"351":1,"352":9,"353":1,"354":1,"355":1,"356":1,"357":1,"358":1,"359":9,"360":1,"361":1,"362":1,"363":1,"364":1,"365":1,"366":9,"367":1,"368":1,"369":1,"370":1,"371":1,"372":1,"373":9,"374":1,"375":1,"376":1,"377":1,"378":1,"379":1,"380":9,"381":3,"382":3,"383":2,"384":2,"385":2,"386":2,"387":2,"388":1,"389":1,"390":9,"391":2,"392":9,"393":2,"394":2,"395":1,"396":1,"397":1,"398":1,"399":1,"400":1,"401":1,"402":9,"403":3,"404":3,"405":2,"406":2,"407":2,"408":2,"409":2,"410":1,"411":1,"412":9,"413":3,"414":3,"415":2,"416":2,"417":2,"418":2,"419":2,"420":2,"421":1,"422":1,"423":9,"424":3,"425":3,"426":2,"427":2,"428":2,"429":2,"430":2,"431":2,"432":1,"433":1,"434":9,"435":3,"436":3,"437":2,"438":2,"439":2,"440":2,"441":2,"442":2,"443":1,"444":9,"445":3,"446":3,"447":3,"448":1,"449":1,"450":2,"451":1,"452":1,"453":1,"454":1,"455":1,"456":1,"457":9,"458":3,"459":3,"460":3,"461":1,"462":1,"463":2,"464":1,"465":1,"466":1,"467":1,"468":1,"469":1,"470":9,"471":3,"472":3,"473":3,"474":1,"475":1,"476":2,"477":1,"478":1,"479":1,"480":1,"481":1,"482":1,"483":9,"484":3,"485":3,"486":3,"487":1,"488":1,"489":2,"490":1,"491":1,"492":1,"493":1,"494":1,"495":1,"496":9,"497":3,"498":3,"499":2,"500":2,"501":2,"502":2,"503":2,"504":2,"505":1,"506":1,"507":9,"508":2,"509":2,"510":1,"511":1,"512":1,"513":1,"514":1,"515":1,"516":9,"517":3,"518":2,"519":2,"520":2,"521":2,"522":2,"523":2,"524":1,"525":1,"526":9,"527":2,"528":1,"529":1,"530":1,"531":1,"532":1,"533":1,"534":1,"535":1,"536":1,"537":9,"538":2,"539":1,"540":1,"541":1,"542":1,"543":1,"544":1,"545":1,"546":1,"547":9,"548":3,"549":2,"550":2,"551":2,"552":2,"553":2,"554":2,"555":1,"556":1,"557":9,"558":4,"559":3,"560":3,"561":3,"562":3,"563":3,"564":3,"565":1,"566":1,"567":2,"568":2,"569":2,"570":2,"571":2,"572":1,"573":1,"574":9,"575":6,"576":5,"577":5,"578":4,"579":4,"580":2,"581":2,"582":2,"583":2,"584":2,"585":2,"586":2,"587":1,"588":1,"589":1,"590":1,"591":9,"592":2,"593":2,"594":2,"595":2,"596":2,"597":2,"598":9,"599":1,"600":1,"601":1,"602":1,"603":1,"604":9,"605":1,"606":1,"607":1,"608":1,"609":9,"610":9,"611":1,"612":1,"613":1,"614":1,"615":1,"616":9,"617":9},"f":{"0":175,"1":3,"2":3,"3":6,"4":3,"5":3,"6":3,"7":3,"8":3,"9":3,"10":3,"11":3,"12":3,"13":3,"14":6,"15":10,"16":10,"17":9,"18":3,"19":3,"20":2,"21":3,"22":1,"23":3,"24":1,"25":1,"26":1,"27":1,"28":1,"29":3,"30":1,"31":3,"32":1,"33":1,"34":1,"35":1,"36":1,"37":1,"38":1,"39":1,"40":1,"41":2,"42":2,"43":3,"44":1,"45":3,"46":1,"47":3,"48":1,"49":3,"50":1,"51":1,"52":1,"53":1,"54":1,"55":1,"56":1,"57":2,"58":2,"59":3,"60":1,"61":2,"62":1,"63":2,"64":1,"65":2,"66":1,"67":1,"68":1,"69":1,"70":1,"71":1,"72":1,"73":1,"74":1,"75":1,"76":1,"77":1,"78":1,"79":1,"80":1,"81":3,"82":2,"83":2,"84":2,"85":1,"86":3,"87":2,"88":3,"89":2,"90":3,"91":2,"92":3,"93":2,"94":3,"95":1,"96":3,"97":1,"98":3,"99":1,"100":3,"101":1,"102":3,"103":2,"104":2,"105":1,"106":3,"107":2,"108":2,"109":1,"110":2,"111":1,"112":3,"113":2,"114":4,"115":2,"116":6,"117":2,"118":2,"119":2,"120":1,"121":1,"122":1,"123":1,"124":0,"125":1,"126":1},"b":{"0":[2,1],"1":[2,1],"2":[3,3],"3":[2,1],"4":[2,1],"5":[2,1],"6":[2,1],"7":[2,1],"8":[2,1],"9":[1,1],"10":[1,2],"11":[1,2],"12":[3,3],"13":[2,1],"14":[9,1],"15":[7,2],"16":[1,2],"17":[2,1],"18":[1,1],"19":[2,1,1],"20":[2,1],"21":[1,1],"22":[2,1],"23":[1,1],"24":[2,1,1,1],"25":[2,1],"26":[1,1],"27":[2,1],"28":[1,1],"29":[2,1,1,1],"30":[2,1],"31":[1,1],"32":[2,1],"33":[1,1],"34":[2,1],"35":[2,1],"36":[1,1],"37":[2,1],"38":[1,2],"39":[3,2,2,2],"40":[1,1],"41":[1,1],"42":[1,1],"43":[2,1],"44":[1,1],"45":[2,1],"46":[2,1],"47":[3,2],"48":[1,1],"49":[2,1],"50":[3,2],"51":[2,1],"52":[3,2],"53":[2,1],"54":[3,2],"55":[2,1],"56":[3,2],"57":[1,2],"58":[1,1],"59":[1,2],"60":[1,1],"61":[1,2],"62":[1,1],"63":[1,2],"64":[1,1],"65":[2,1],"66":[3,2],"67":[1,1],"68":[2,1],"69":[1,1],"70":[1,1],"71":[2,1],"72":[3,1],"73":[1,2],"74":[3,2],"75":[5,1],"76":[4,1],"77":[5,3],"78":[2,2]},"_coverageSchema":"1a1c01bbd47fc00a2c39e90264f33305004495a9","hash":"9f9fb017fd3f9acece9c1988e037ec36fe400889"}
}
