TN:
SF:main.js
FN:48,(anonymous_0)
FN:56,(anonymous_1)
FN:64,(anonymous_2)
FN:73,(anonymous_3)
FN:82,(anonymous_4)
FN:96,(anonymous_5)
FN:105,(anonymous_6)
FN:114,(anonymous_7)
FN:118,(anonymous_8)
FN:125,(anonymous_9)
FN:134,(anonymous_10)
FN:148,(anonymous_11)
FN:157,(anonymous_12)
FN:166,(anonymous_13)
FN:171,(anonymous_14)
FN:208,(anonymous_15)
FN:212,(anonymous_16)
FN:218,(anonymous_17)
FN:274,(anonymous_18)
FN:280,(anonymous_19)
FN:291,(anonymous_20)
FN:339,(anonymous_21)
FN:344,(anonymous_22)
FN:373,(anonymous_23)
FN:376,(anonymous_24)
FN:401,(anonymous_25)
FN:403,(anonymous_26)
FN:432,(anonymous_27)
FN:435,(anonymous_28)
FN:488,(anonymous_29)
FN:499,(anonymous_30)
FN:534,(anonymous_31)
FN:542,(anonymous_32)
FN:571,(anonymous_33)
FN:573,(anonymous_34)
FN:599,(anonymous_35)
FN:601,(anonymous_36)
FN:632,(anonymous_37)
FN:635,(anonymous_38)
FN:661,(anonymous_39)
FN:663,(anonymous_40)
FN:694,(anonymous_41)
FN:697,(anonymous_42)
FN:748,(anonymous_43)
FN:759,(anonymous_44)
FN:794,(anonymous_45)
FN:802,(anonymous_46)
FN:840,(anonymous_47)
FN:849,(anonymous_48)
FN:887,(anonymous_49)
FN:896,(anonymous_50)
FN:925,(anonymous_51)
FN:927,(anonymous_52)
FN:958,(anonymous_53)
FN:961,(anonymous_54)
FN:992,(anonymous_55)
FN:995,(anonymous_56)
FN:1026,(anonymous_57)
FN:1029,(anonymous_58)
FN:1080,(anonymous_59)
FN:1091,(anonymous_60)
FN:1126,(anonymous_61)
FN:1133,(anonymous_62)
FN:1167,(anonymous_63)
FN:1175,(anonymous_64)
FN:1210,(anonymous_65)
FN:1218,(anonymous_66)
FN:1243,(anonymous_67)
FN:1245,(anonymous_68)
FN:1271,(anonymous_69)
FN:1273,(anonymous_70)
FN:1304,(anonymous_71)
FN:1307,(anonymous_72)
FN:1338,(anonymous_73)
FN:1341,(anonymous_74)
FN:1372,(anonymous_75)
FN:1375,(anonymous_76)
FN:1406,(anonymous_77)
FN:1409,(anonymous_78)
FN:1440,(anonymous_79)
FN:1443,(anonymous_80)
FN:1476,(anonymous_81)
FN:1481,(anonymous_82)
FN:1500,(anonymous_83)
FN:1533,(anonymous_84)
FN:1540,(anonymous_85)
FN:1581,(anonymous_86)
FN:1588,(anonymous_87)
FN:1596,(anonymous_88)
FN:1647,(anonymous_89)
FN:1653,(anonymous_90)
FN:1692,(anonymous_91)
FN:1698,(anonymous_92)
FN:1737,(anonymous_93)
FN:1743,(anonymous_94)
FN:1782,(anonymous_95)
FN:1796,(anonymous_96)
FN:1830,(anonymous_97)
FN:1844,(anonymous_98)
FN:1878,(anonymous_99)
FN:1890,(anonymous_100)
FN:1924,(anonymous_101)
FN:1936,(anonymous_102)
FN:1966,(anonymous_103)
FN:1971,(anonymous_104)
FN:2002,(anonymous_105)
FN:2006,(anonymous_106)
FN:2041,(anonymous_107)
FN:2045,(anonymous_108)
FN:2085,(anonymous_109)
FN:2090,(anonymous_110)
FN:2126,(anonymous_111)
FN:2130,(anonymous_112)
FN:2170,(anonymous_113)
FN:2175,(anonymous_114)
FN:2233,(anonymous_115)
FN:2245,(anonymous_116)
FN:2290,(anonymous_117)
FN:2300,(anonymous_118)
FN:2341,(anonymous_119)
FN:2344,(anonymous_120)
FN:2374,(anonymous_121)
FN:2377,(anonymous_122)
FN:2402,(anonymous_123)
FN:2404,(anonymous_124)
FN:2448,(anonymous_125)
FN:2466,(anonymous_126)
FN:2468,(anonymous_127)
FN:2480,closeDB
FN:2481,(anonymous_129)
FNF:130
FNH:73
FNDA:56,(anonymous_0)
FNDA:56,(anonymous_1)
FNDA:0,(anonymous_2)
FNDA:0,(anonymous_3)
FNDA:0,(anonymous_4)
FNDA:0,(anonymous_5)
FNDA:0,(anonymous_6)
FNDA:0,(anonymous_7)
FNDA:0,(anonymous_8)
FNDA:0,(anonymous_9)
FNDA:0,(anonymous_10)
FNDA:0,(anonymous_11)
FNDA:0,(anonymous_12)
FNDA:0,(anonymous_13)
FNDA:0,(anonymous_14)
FNDA:5,(anonymous_15)
FNDA:5,(anonymous_16)
FNDA:4,(anonymous_17)
FNDA:0,(anonymous_18)
FNDA:0,(anonymous_19)
FNDA:0,(anonymous_20)
FNDA:0,(anonymous_21)
FNDA:0,(anonymous_22)
FNDA:0,(anonymous_23)
FNDA:0,(anonymous_24)
FNDA:0,(anonymous_25)
FNDA:0,(anonymous_26)
FNDA:0,(anonymous_27)
FNDA:0,(anonymous_28)
FNDA:2,(anonymous_29)
FNDA:1,(anonymous_30)
FNDA:2,(anonymous_31)
FNDA:1,(anonymous_32)
FNDA:1,(anonymous_33)
FNDA:1,(anonymous_34)
FNDA:1,(anonymous_35)
FNDA:1,(anonymous_36)
FNDA:1,(anonymous_37)
FNDA:1,(anonymous_38)
FNDA:1,(anonymous_39)
FNDA:1,(anonymous_40)
FNDA:3,(anonymous_41)
FNDA:3,(anonymous_42)
FNDA:2,(anonymous_43)
FNDA:1,(anonymous_44)
FNDA:1,(anonymous_45)
FNDA:1,(anonymous_46)
FNDA:1,(anonymous_47)
FNDA:1,(anonymous_48)
FNDA:1,(anonymous_49)
FNDA:1,(anonymous_50)
FNDA:1,(anonymous_51)
FNDA:1,(anonymous_52)
FNDA:1,(anonymous_53)
FNDA:1,(anonymous_54)
FNDA:1,(anonymous_55)
FNDA:1,(anonymous_56)
FNDA:2,(anonymous_57)
FNDA:2,(anonymous_58)
FNDA:2,(anonymous_59)
FNDA:1,(anonymous_60)
FNDA:1,(anonymous_61)
FNDA:1,(anonymous_62)
FNDA:0,(anonymous_63)
FNDA:0,(anonymous_64)
FNDA:1,(anonymous_65)
FNDA:1,(anonymous_66)
FNDA:1,(anonymous_67)
FNDA:1,(anonymous_68)
FNDA:1,(anonymous_69)
FNDA:1,(anonymous_70)
FNDA:1,(anonymous_71)
FNDA:1,(anonymous_72)
FNDA:0,(anonymous_73)
FNDA:0,(anonymous_74)
FNDA:2,(anonymous_75)
FNDA:2,(anonymous_76)
FNDA:0,(anonymous_77)
FNDA:0,(anonymous_78)
FNDA:1,(anonymous_79)
FNDA:1,(anonymous_80)
FNDA:0,(anonymous_81)
FNDA:0,(anonymous_82)
FNDA:1,(anonymous_83)
FNDA:0,(anonymous_84)
FNDA:0,(anonymous_85)
FNDA:1,(anonymous_86)
FNDA:0,(anonymous_87)
FNDA:0,(anonymous_88)
FNDA:1,(anonymous_89)
FNDA:0,(anonymous_90)
FNDA:1,(anonymous_91)
FNDA:0,(anonymous_92)
FNDA:1,(anonymous_93)
FNDA:0,(anonymous_94)
FNDA:1,(anonymous_95)
FNDA:0,(anonymous_96)
FNDA:0,(anonymous_97)
FNDA:0,(anonymous_98)
FNDA:1,(anonymous_99)
FNDA:0,(anonymous_100)
FNDA:0,(anonymous_101)
FNDA:0,(anonymous_102)
FNDA:1,(anonymous_103)
FNDA:0,(anonymous_104)
FNDA:1,(anonymous_105)
FNDA:0,(anonymous_106)
FNDA:1,(anonymous_107)
FNDA:0,(anonymous_108)
FNDA:0,(anonymous_109)
FNDA:0,(anonymous_110)
FNDA:0,(anonymous_111)
FNDA:0,(anonymous_112)
FNDA:1,(anonymous_113)
FNDA:0,(anonymous_114)
FNDA:2,(anonymous_115)
FNDA:1,(anonymous_116)
FNDA:1,(anonymous_117)
FNDA:1,(anonymous_118)
FNDA:0,(anonymous_119)
FNDA:0,(anonymous_120)
FNDA:1,(anonymous_121)
FNDA:1,(anonymous_122)
FNDA:1,(anonymous_123)
FNDA:1,(anonymous_124)
FNDA:0,(anonymous_125)
FNDA:1,(anonymous_126)
FNDA:1,(anonymous_127)
FNDA:6,closeDB
FNDA:0,(anonymous_129)
DA:1,6
DA:2,6
DA:3,6
DA:4,6
DA:5,6
DA:6,6
DA:7,6
DA:8,6
DA:9,6
DA:18,6
DA:19,6
DA:21,6
DA:22,6
DA:23,6
DA:24,6
DA:25,6
DA:26,6
DA:27,6
DA:28,6
DA:30,6
DA:37,6
DA:41,6
DA:47,6
DA:48,6
DA:49,56
DA:50,56
DA:52,0
DA:53,0
DA:56,6
DA:57,56
DA:58,56
DA:60,56
DA:61,56
DA:64,6
DA:65,0
DA:66,0
DA:69,0
DA:73,6
DA:74,0
DA:75,0
DA:78,0
DA:82,6
DA:83,0
DA:84,0
DA:87,0
DA:88,0
DA:91,0
DA:96,6
DA:97,0
DA:98,0
DA:101,0
DA:105,6
DA:106,0
DA:107,0
DA:110,0
DA:114,6
DA:115,0
DA:118,6
DA:119,0
DA:120,0
DA:122,0
DA:125,6
DA:126,0
DA:127,0
DA:130,0
DA:134,6
DA:135,0
DA:136,0
DA:137,0
DA:140,0
DA:144,0
DA:148,6
DA:149,0
DA:150,0
DA:153,0
DA:157,6
DA:158,0
DA:159,0
DA:162,0
DA:166,6
DA:167,0
DA:171,6
DA:172,0
DA:173,0
DA:176,0
DA:177,0
DA:180,0
DA:208,6
DA:209,5
DA:210,5
DA:211,5
DA:212,5
DA:213,5
DA:214,0
DA:215,0
DA:217,5
DA:218,4
DA:219,4
DA:220,4
DA:221,4
DA:224,0
DA:226,4
DA:227,4
DA:231,1
DA:232,1
DA:274,6
DA:275,0
DA:276,0
DA:277,0
DA:278,0
DA:279,0
DA:280,0
DA:281,0
DA:282,0
DA:283,0
DA:285,0
DA:286,0
DA:287,0
DA:290,0
DA:291,0
DA:292,0
DA:293,0
DA:294,0
DA:339,6
DA:340,0
DA:341,0
DA:342,0
DA:343,0
DA:344,0
DA:345,0
DA:346,0
DA:347,0
DA:348,0
DA:350,0
DA:351,0
DA:373,6
DA:374,0
DA:375,0
DA:376,0
DA:377,0
DA:378,0
DA:379,0
DA:380,0
DA:382,0
DA:383,0
DA:401,6
DA:402,0
DA:403,0
DA:404,0
DA:405,0
DA:406,0
DA:407,0
DA:409,0
DA:410,0
DA:432,6
DA:433,0
DA:434,0
DA:435,0
DA:436,0
DA:437,0
DA:438,0
DA:439,0
DA:441,0
DA:442,0
DA:488,6
DA:489,2
DA:490,2
DA:491,2
DA:492,2
DA:493,2
DA:494,1
DA:495,0
DA:496,0
DA:498,1
DA:499,1
DA:500,1
DA:501,0
DA:502,0
DA:503,0
DA:505,1
DA:506,1
DA:507,1
DA:511,1
DA:534,6
DA:535,2
DA:536,2
DA:537,1
DA:538,0
DA:539,0
DA:541,1
DA:542,1
DA:543,1
DA:544,0
DA:545,0
DA:546,0
DA:548,1
DA:549,1
DA:553,1
DA:571,6
DA:572,1
DA:573,1
DA:574,1
DA:575,0
DA:576,0
DA:577,0
DA:579,1
DA:580,1
DA:581,1
DA:599,6
DA:600,1
DA:601,1
DA:602,1
DA:603,0
DA:604,0
DA:605,0
DA:607,1
DA:608,1
DA:609,1
DA:632,6
DA:633,1
DA:634,1
DA:635,1
DA:636,1
DA:637,0
DA:638,0
DA:639,0
DA:641,1
DA:642,1
DA:643,1
DA:661,6
DA:662,1
DA:663,1
DA:664,1
DA:665,0
DA:666,0
DA:667,0
DA:669,1
DA:670,1
DA:671,1
DA:694,6
DA:695,3
DA:696,3
DA:697,3
DA:698,3
DA:699,0
DA:700,0
DA:701,0
DA:703,3
DA:704,3
DA:705,3
DA:748,6
DA:749,2
DA:750,2
DA:751,2
DA:752,2
DA:753,2
DA:754,1
DA:755,0
DA:756,0
DA:758,1
DA:759,1
DA:760,1
DA:761,0
DA:762,0
DA:763,0
DA:765,1
DA:766,1
DA:767,1
DA:771,1
DA:794,6
DA:795,1
DA:796,1
DA:797,1
DA:798,0
DA:799,0
DA:801,1
DA:802,1
DA:803,1
DA:804,0
DA:805,0
DA:806,0
DA:808,1
DA:809,1
DA:813,0
DA:840,6
DA:841,1
DA:842,1
DA:843,1
DA:844,1
DA:845,0
DA:846,0
DA:848,1
DA:849,1
DA:850,1
DA:851,0
DA:852,0
DA:853,0
DA:855,1
DA:856,1
DA:860,0
DA:887,6
DA:888,1
DA:889,1
DA:890,1
DA:891,1
DA:892,0
DA:893,0
DA:895,1
DA:896,1
DA:897,1
DA:898,0
DA:899,0
DA:900,0
DA:902,1
DA:903,1
DA:907,0
DA:925,6
DA:926,1
DA:927,1
DA:928,1
DA:929,0
DA:930,0
DA:931,0
DA:933,1
DA:934,1
DA:935,1
DA:958,6
DA:959,1
DA:960,1
DA:961,1
DA:962,1
DA:963,0
DA:964,0
DA:965,0
DA:967,1
DA:968,1
DA:969,1
DA:992,6
DA:993,1
DA:994,1
DA:995,1
DA:996,1
DA:997,0
DA:998,0
DA:999,0
DA:1001,1
DA:1002,1
DA:1003,1
DA:1026,6
DA:1027,2
DA:1028,2
DA:1029,2
DA:1030,2
DA:1031,0
DA:1032,0
DA:1033,0
DA:1035,2
DA:1036,2
DA:1037,2
DA:1080,6
DA:1081,2
DA:1082,2
DA:1083,2
DA:1084,2
DA:1085,2
DA:1086,0
DA:1087,0
DA:1089,2
DA:1090,1
DA:1091,1
DA:1092,1
DA:1093,0
DA:1094,0
DA:1095,0
DA:1097,1
DA:1098,1
DA:1099,1
DA:1103,1
DA:1104,1
DA:1126,6
DA:1127,1
DA:1128,1
DA:1129,0
DA:1130,0
DA:1132,1
DA:1133,1
DA:1134,1
DA:1135,0
DA:1136,0
DA:1137,0
DA:1139,1
DA:1140,1
DA:1167,6
DA:1168,0
DA:1169,0
DA:1170,0
DA:1171,0
DA:1172,0
DA:1174,0
DA:1175,0
DA:1176,0
DA:1177,0
DA:1178,0
DA:1179,0
DA:1181,0
DA:1182,0
DA:1210,6
DA:1211,1
DA:1212,1
DA:1213,1
DA:1214,0
DA:1215,0
DA:1217,1
DA:1218,1
DA:1219,1
DA:1220,0
DA:1221,0
DA:1222,0
DA:1224,1
DA:1225,1
DA:1243,6
DA:1244,1
DA:1245,1
DA:1246,1
DA:1247,0
DA:1248,0
DA:1249,0
DA:1251,1
DA:1252,1
DA:1253,1
DA:1271,6
DA:1272,1
DA:1273,1
DA:1274,1
DA:1275,0
DA:1276,0
DA:1277,0
DA:1279,1
DA:1280,1
DA:1281,1
DA:1304,6
DA:1305,1
DA:1306,1
DA:1307,1
DA:1308,1
DA:1309,0
DA:1310,0
DA:1311,0
DA:1313,1
DA:1314,1
DA:1315,1
DA:1338,6
DA:1339,0
DA:1340,0
DA:1341,0
DA:1342,0
DA:1343,0
DA:1344,0
DA:1345,0
DA:1347,0
DA:1348,0
DA:1349,0
DA:1372,6
DA:1373,2
DA:1374,2
DA:1375,2
DA:1376,2
DA:1377,0
DA:1378,0
DA:1379,0
DA:1381,2
DA:1382,2
DA:1383,2
DA:1406,6
DA:1407,0
DA:1408,0
DA:1409,0
DA:1410,0
DA:1411,0
DA:1412,0
DA:1413,0
DA:1415,0
DA:1416,0
DA:1417,0
DA:1440,6
DA:1441,1
DA:1442,1
DA:1443,1
DA:1444,1
DA:1445,0
DA:1446,0
DA:1447,0
DA:1449,1
DA:1450,1
DA:1451,1
DA:1476,6
DA:1477,0
DA:1478,0
DA:1479,0
DA:1480,0
DA:1481,0
DA:1482,0
DA:1483,0
DA:1484,0
DA:1485,0
DA:1487,0
DA:1488,0
DA:1500,6
DA:1502,1
DA:1503,0
DA:1506,1
DA:1533,6
DA:1535,0
DA:1536,0
DA:1537,0
DA:1538,0
DA:1539,0
DA:1540,0
DA:1541,0
DA:1542,0
DA:1543,0
DA:1544,0
DA:1546,0
DA:1547,0
DA:1581,6
DA:1582,1
DA:1583,1
DA:1584,0
DA:1585,0
DA:1586,0
DA:1587,0
DA:1588,0
DA:1589,0
DA:1590,0
DA:1591,0
DA:1592,0
DA:1594,0
DA:1595,0
DA:1596,0
DA:1597,0
DA:1598,0
DA:1599,0
DA:1600,0
DA:1602,0
DA:1603,0
DA:1604,0
DA:1606,0
DA:1607,0
DA:1611,0
DA:1612,0
DA:1617,1
DA:1618,1
DA:1647,6
DA:1648,1
DA:1649,1
DA:1650,0
DA:1651,0
DA:1652,0
DA:1653,0
DA:1654,0
DA:1655,0
DA:1656,0
DA:1657,0
DA:1659,0
DA:1660,0
DA:1661,0
DA:1663,0
DA:1664,0
DA:1692,6
DA:1693,1
DA:1694,1
DA:1695,0
DA:1696,0
DA:1697,0
DA:1698,0
DA:1699,0
DA:1700,0
DA:1701,0
DA:1702,0
DA:1704,0
DA:1705,0
DA:1706,0
DA:1708,0
DA:1709,0
DA:1737,6
DA:1738,1
DA:1739,1
DA:1740,0
DA:1741,0
DA:1742,0
DA:1743,0
DA:1744,0
DA:1745,0
DA:1746,0
DA:1747,0
DA:1749,0
DA:1750,0
DA:1751,0
DA:1753,0
DA:1754,0
DA:1782,6
DA:1783,1
DA:1784,1
DA:1785,1
DA:1786,1
DA:1787,1
DA:1789,0
DA:1790,0
DA:1791,0
DA:1793,0
DA:1794,0
DA:1795,0
DA:1796,0
DA:1797,0
DA:1798,0
DA:1799,0
DA:1800,0
DA:1802,0
DA:1803,0
DA:1830,6
DA:1831,0
DA:1832,0
DA:1833,0
DA:1834,0
DA:1835,0
DA:1837,0
DA:1838,0
DA:1839,0
DA:1841,0
DA:1842,0
DA:1843,0
DA:1844,0
DA:1845,0
DA:1846,0
DA:1847,0
DA:1848,0
DA:1850,0
DA:1851,0
DA:1878,6
DA:1879,1
DA:1880,1
DA:1881,1
DA:1882,1
DA:1883,1
DA:1885,0
DA:1886,0
DA:1887,0
DA:1889,0
DA:1890,0
DA:1891,0
DA:1892,0
DA:1893,0
DA:1894,0
DA:1896,0
DA:1897,0
DA:1924,6
DA:1925,0
DA:1926,0
DA:1927,0
DA:1928,0
DA:1929,0
DA:1931,0
DA:1932,0
DA:1933,0
DA:1935,0
DA:1936,0
DA:1937,0
DA:1938,0
DA:1939,0
DA:1940,0
DA:1942,0
DA:1943,0
DA:1966,6
DA:1967,1
DA:1968,1
DA:1969,0
DA:1970,0
DA:1971,0
DA:1972,0
DA:1973,0
DA:1974,0
DA:1975,0
DA:1977,0
DA:1978,0
DA:1979,0
DA:1983,1
DA:1984,1
DA:2002,6
DA:2003,1
DA:2004,1
DA:2005,0
DA:2006,0
DA:2007,0
DA:2008,0
DA:2009,0
DA:2010,0
DA:2012,0
DA:2013,0
DA:2017,1
DA:2018,1
DA:2041,6
DA:2042,1
DA:2043,0
DA:2044,0
DA:2045,0
DA:2046,0
DA:2047,0
DA:2048,0
DA:2049,0
DA:2051,0
DA:2052,0
DA:2053,0
DA:2057,1
DA:2058,1
DA:2085,6
DA:2086,0
DA:2087,0
DA:2088,0
DA:2089,0
DA:2090,0
DA:2091,0
DA:2092,0
DA:2093,0
DA:2094,0
DA:2096,0
DA:2097,0
DA:2098,0
DA:2102,0
DA:2103,0
DA:2126,6
DA:2127,0
DA:2128,0
DA:2129,0
DA:2130,0
DA:2131,0
DA:2132,0
DA:2133,0
DA:2134,0
DA:2136,0
DA:2137,0
DA:2138,0
DA:2142,0
DA:2143,0
DA:2170,6
DA:2171,1
DA:2172,0
DA:2173,0
DA:2174,0
DA:2175,0
DA:2176,0
DA:2177,0
DA:2178,0
DA:2179,0
DA:2181,0
DA:2182,0
DA:2186,1
DA:2233,6
DA:2234,2
DA:2235,1
DA:2236,1
DA:2237,1
DA:2238,1
DA:2239,1
DA:2240,1
DA:2241,0
DA:2242,0
DA:2244,1
DA:2245,1
DA:2246,1
DA:2247,0
DA:2248,0
DA:2249,0
DA:2251,1
DA:2252,1
DA:2253,0
DA:2254,0
DA:2256,1
DA:2257,1
DA:2261,1
DA:2290,6
DA:2291,1
DA:2292,1
DA:2293,1
DA:2294,1
DA:2295,1
DA:2296,0
DA:2297,0
DA:2299,1
DA:2300,1
DA:2301,1
DA:2302,0
DA:2303,0
DA:2304,0
DA:2306,1
DA:2307,1
DA:2308,1
DA:2312,0
DA:2313,0
DA:2317,0
DA:2318,0
DA:2341,6
DA:2342,0
DA:2343,0
DA:2344,0
DA:2345,0
DA:2346,0
DA:2347,0
DA:2348,0
DA:2350,0
DA:2351,0
DA:2374,6
DA:2375,1
DA:2376,1
DA:2377,1
DA:2378,1
DA:2379,0
DA:2380,0
DA:2381,0
DA:2383,1
DA:2384,1
DA:2402,6
DA:2403,1
DA:2404,1
DA:2405,1
DA:2406,0
DA:2407,0
DA:2408,0
DA:2410,1
DA:2411,1
DA:2448,6
DA:2466,6
DA:2467,1
DA:2468,1
DA:2469,1
DA:2470,0
DA:2471,0
DA:2472,0
DA:2474,1
DA:2475,1
DA:2476,1
DA:2481,6
DA:2482,0
DA:2483,0
DA:2484,0
DA:2489,6
DA:2490,6
LF:846
LH:377
BRDA:49,0,0,56
BRDA:49,0,1,0
BRDA:65,1,0,0
BRDA:65,1,1,0
BRDA:74,2,0,0
BRDA:74,2,1,0
BRDA:83,3,0,0
BRDA:83,3,1,0
BRDA:87,4,0,0
BRDA:87,4,1,0
BRDA:97,5,0,0
BRDA:97,5,1,0
BRDA:106,6,0,0
BRDA:106,6,1,0
BRDA:119,7,0,0
BRDA:119,7,1,0
BRDA:126,8,0,0
BRDA:126,8,1,0
BRDA:135,9,0,0
BRDA:135,9,1,0
BRDA:136,10,0,0
BRDA:136,10,1,0
BRDA:149,11,0,0
BRDA:149,11,1,0
BRDA:158,12,0,0
BRDA:158,12,1,0
BRDA:172,13,0,0
BRDA:172,13,1,0
BRDA:176,14,0,0
BRDA:176,14,1,0
BRDA:213,15,0,0
BRDA:213,15,1,5
BRDA:217,16,0,4
BRDA:217,16,1,1
BRDA:220,17,0,4
BRDA:220,17,1,0
BRDA:281,18,0,0
BRDA:281,18,1,0
BRDA:285,19,0,0
BRDA:285,19,1,0
BRDA:292,20,0,0
BRDA:292,20,1,0
BRDA:345,21,0,0
BRDA:345,21,1,0
BRDA:377,22,0,0
BRDA:377,22,1,0
BRDA:404,23,0,0
BRDA:404,23,1,0
BRDA:436,24,0,0
BRDA:436,24,1,0
BRDA:493,25,0,1
BRDA:493,25,1,1
BRDA:494,26,0,0
BRDA:494,26,1,1
BRDA:494,27,0,1
BRDA:494,27,1,1
BRDA:494,27,2,1
BRDA:494,27,3,1
BRDA:500,28,0,0
BRDA:500,28,1,1
BRDA:536,29,0,1
BRDA:536,29,1,1
BRDA:537,30,0,0
BRDA:537,30,1,1
BRDA:543,31,0,0
BRDA:543,31,1,1
BRDA:574,32,0,0
BRDA:574,32,1,1
BRDA:602,33,0,0
BRDA:602,33,1,1
BRDA:636,34,0,0
BRDA:636,34,1,1
BRDA:664,35,0,0
BRDA:664,35,1,1
BRDA:698,36,0,0
BRDA:698,36,1,3
BRDA:753,37,0,1
BRDA:753,37,1,1
BRDA:754,38,0,0
BRDA:754,38,1,1
BRDA:754,39,0,1
BRDA:754,39,1,1
BRDA:754,39,2,1
BRDA:754,39,3,1
BRDA:760,40,0,0
BRDA:760,40,1,1
BRDA:796,41,0,1
BRDA:796,41,1,0
BRDA:797,42,0,0
BRDA:797,42,1,1
BRDA:803,43,0,0
BRDA:803,43,1,1
BRDA:843,44,0,1
BRDA:843,44,1,0
BRDA:844,45,0,0
BRDA:844,45,1,1
BRDA:844,46,0,1
BRDA:844,46,1,1
BRDA:850,47,0,0
BRDA:850,47,1,1
BRDA:890,48,0,1
BRDA:890,48,1,0
BRDA:891,49,0,0
BRDA:891,49,1,1
BRDA:891,50,0,1
BRDA:891,50,1,1
BRDA:897,51,0,0
BRDA:897,51,1,1
BRDA:928,52,0,0
BRDA:928,52,1,1
BRDA:962,53,0,0
BRDA:962,53,1,1
BRDA:996,54,0,0
BRDA:996,54,1,1
BRDA:1030,55,0,0
BRDA:1030,55,1,2
BRDA:1085,56,0,0
BRDA:1085,56,1,2
BRDA:1085,57,0,2
BRDA:1085,57,1,2
BRDA:1085,57,2,2
BRDA:1085,57,3,2
BRDA:1089,58,0,1
BRDA:1089,58,1,1
BRDA:1092,59,0,0
BRDA:1092,59,1,1
BRDA:1128,60,0,0
BRDA:1128,60,1,1
BRDA:1134,61,0,0
BRDA:1134,61,1,1
BRDA:1170,62,0,0
BRDA:1170,62,1,0
BRDA:1170,63,0,0
BRDA:1170,63,1,0
BRDA:1176,64,0,0
BRDA:1176,64,1,0
BRDA:1213,65,0,0
BRDA:1213,65,1,1
BRDA:1213,66,0,1
BRDA:1213,66,1,1
BRDA:1219,67,0,0
BRDA:1219,67,1,1
BRDA:1246,68,0,0
BRDA:1246,68,1,1
BRDA:1274,69,0,0
BRDA:1274,69,1,1
BRDA:1308,70,0,0
BRDA:1308,70,1,1
BRDA:1342,71,0,0
BRDA:1342,71,1,0
BRDA:1376,72,0,0
BRDA:1376,72,1,2
BRDA:1410,73,0,0
BRDA:1410,73,1,0
BRDA:1444,74,0,0
BRDA:1444,74,1,1
BRDA:1478,75,0,0
BRDA:1478,75,1,0
BRDA:1482,76,0,0
BRDA:1482,76,1,0
BRDA:1502,77,0,0
BRDA:1502,77,1,1
BRDA:1536,78,0,0
BRDA:1536,78,1,0
BRDA:1541,79,0,0
BRDA:1541,79,1,0
BRDA:1583,80,0,0
BRDA:1583,80,1,1
BRDA:1583,81,0,1
BRDA:1583,81,1,1
BRDA:1589,82,0,0
BRDA:1589,82,1,0
BRDA:1594,83,0,0
BRDA:1594,83,1,0
BRDA:1597,84,0,0
BRDA:1597,84,1,0
BRDA:1602,85,0,0
BRDA:1602,85,1,0
BRDA:1602,86,0,0
BRDA:1602,86,1,0
BRDA:1649,87,0,0
BRDA:1649,87,1,1
BRDA:1649,88,0,1
BRDA:1649,88,1,1
BRDA:1654,89,0,0
BRDA:1654,89,1,0
BRDA:1659,90,0,0
BRDA:1659,90,1,0
BRDA:1659,91,0,0
BRDA:1659,91,1,0
BRDA:1694,92,0,0
BRDA:1694,92,1,1
BRDA:1694,93,0,1
BRDA:1694,93,1,1
BRDA:1699,94,0,0
BRDA:1699,94,1,0
BRDA:1704,95,0,0
BRDA:1704,95,1,0
BRDA:1704,96,0,0
BRDA:1704,96,1,0
BRDA:1739,97,0,0
BRDA:1739,97,1,1
BRDA:1739,98,0,1
BRDA:1739,98,1,1
BRDA:1744,99,0,0
BRDA:1744,99,1,0
BRDA:1749,100,0,0
BRDA:1749,100,1,0
BRDA:1749,101,0,0
BRDA:1749,101,1,0
BRDA:1785,102,0,1
BRDA:1785,102,1,0
BRDA:1789,103,0,0
BRDA:1789,103,1,0
BRDA:1797,104,0,0
BRDA:1797,104,1,0
BRDA:1833,105,0,0
BRDA:1833,105,1,0
BRDA:1837,106,0,0
BRDA:1837,106,1,0
BRDA:1845,107,0,0
BRDA:1845,107,1,0
BRDA:1881,108,0,1
BRDA:1881,108,1,0
BRDA:1885,109,0,0
BRDA:1885,109,1,0
BRDA:1891,110,0,0
BRDA:1891,110,1,0
BRDA:1927,111,0,0
BRDA:1927,111,1,0
BRDA:1931,112,0,0
BRDA:1931,112,1,0
BRDA:1937,113,0,0
BRDA:1937,113,1,0
BRDA:1968,114,0,0
BRDA:1968,114,1,1
BRDA:1968,115,0,1
BRDA:1968,115,1,1
BRDA:1972,116,0,0
BRDA:1972,116,1,0
BRDA:2004,117,0,0
BRDA:2004,117,1,1
BRDA:2007,118,0,0
BRDA:2007,118,1,0
BRDA:2042,119,0,0
BRDA:2042,119,1,1
BRDA:2046,120,0,0
BRDA:2046,120,1,0
BRDA:2086,121,0,0
BRDA:2086,121,1,0
BRDA:2091,122,0,0
BRDA:2091,122,1,0
BRDA:2127,123,0,0
BRDA:2127,123,1,0
BRDA:2131,124,0,0
BRDA:2131,124,1,0
BRDA:2171,125,0,0
BRDA:2171,125,1,1
BRDA:2176,126,0,0
BRDA:2176,126,1,0
BRDA:2234,127,0,1
BRDA:2234,127,1,1
BRDA:2240,128,0,0
BRDA:2240,128,1,1
BRDA:2240,129,0,1
BRDA:2240,129,1,1
BRDA:2246,130,0,0
BRDA:2246,130,1,1
BRDA:2252,131,0,0
BRDA:2252,131,1,1
BRDA:2252,132,0,1
BRDA:2252,132,1,0
BRDA:2291,133,0,1
BRDA:2291,133,1,0
BRDA:2293,134,0,1
BRDA:2293,134,1,0
BRDA:2293,135,0,1
BRDA:2293,135,1,0
BRDA:2295,136,0,0
BRDA:2295,136,1,1
BRDA:2301,137,0,0
BRDA:2301,137,1,1
BRDA:2345,138,0,0
BRDA:2345,138,1,0
BRDA:2378,139,0,0
BRDA:2378,139,1,1
BRDA:2405,140,0,0
BRDA:2405,140,1,1
BRDA:2469,141,0,0
BRDA:2469,141,1,1
BRDA:2482,142,0,0
BRDA:2482,142,1,0
BRF:292
BRH:103
end_of_record
