<?xml version="1.0" encoding="UTF-8"?>
<coverage generated="1707150491798" clover="3.2.0">
  <project timestamp="1707150491798" name="All files">
    <metrics statements="679" coveredstatements="679" conditionals="187" coveredconditionals="187" methods="131" coveredmethods="131" elements="997" coveredelements="997" complexity="0" loc="679" ncloc="679" packages="1" files="1" classes="1"/>
    <file name="main.js" path="C:\Users\Gabriele\Desktop\coding_shit\uni projects\iSpesa\Codice_iSpesa\main.js">
      <metrics statements="679" coveredstatements="679" conditionals="187" coveredconditionals="187" methods="131" coveredmethods="131"/>
      <line num="1" count="9" type="stmt"/>
      <line num="2" count="9" type="stmt"/>
      <line num="3" count="9" type="stmt"/>
      <line num="4" count="9" type="stmt"/>
      <line num="5" count="9" type="stmt"/>
      <line num="6" count="9" type="stmt"/>
      <line num="7" count="9" type="stmt"/>
      <line num="8" count="9" type="stmt"/>
      <line num="9" count="9" type="stmt"/>
      <line num="60" count="9" type="stmt"/>
      <line num="61" count="9" type="stmt"/>
      <line num="63" count="9" type="stmt"/>
      <line num="64" count="9" type="stmt"/>
      <line num="65" count="9" type="stmt"/>
      <line num="66" count="9" type="stmt"/>
      <line num="67" count="9" type="stmt"/>
      <line num="68" count="9" type="stmt"/>
      <line num="69" count="9" type="stmt"/>
      <line num="70" count="9" type="stmt"/>
      <line num="72" count="9" type="stmt"/>
      <line num="79" count="9" type="stmt"/>
      <line num="83" count="9" type="stmt"/>
      <line num="89" count="9" type="stmt"/>
      <line num="90" count="187" type="stmt"/>
      <line num="91" count="187" type="stmt"/>
      <line num="93" count="187" type="stmt"/>
      <line num="94" count="187" type="stmt"/>
      <line num="97" count="9" type="stmt"/>
      <line num="98" count="3" type="cond" truecount="2" falsecount="0"/>
      <line num="99" count="2" type="stmt"/>
      <line num="100" count="2" type="stmt"/>
      <line num="103" count="1" type="stmt"/>
      <line num="104" count="1" type="stmt"/>
      <line num="108" count="9" type="stmt"/>
      <line num="109" count="3" type="cond" truecount="2" falsecount="0"/>
      <line num="110" count="2" type="stmt"/>
      <line num="111" count="2" type="stmt"/>
      <line num="114" count="1" type="stmt"/>
      <line num="115" count="1" type="stmt"/>
      <line num="119" count="9" type="stmt"/>
      <line num="120" count="6" type="cond" truecount="2" falsecount="0"/>
      <line num="121" count="3" type="stmt"/>
      <line num="122" count="3" type="stmt"/>
      <line num="125" count="3" type="cond" truecount="2" falsecount="0"/>
      <line num="126" count="2" type="stmt"/>
      <line num="127" count="2" type="stmt"/>
      <line num="130" count="1" type="stmt"/>
      <line num="131" count="1" type="stmt"/>
      <line num="136" count="9" type="stmt"/>
      <line num="137" count="3" type="cond" truecount="2" falsecount="0"/>
      <line num="138" count="2" type="stmt"/>
      <line num="139" count="2" type="stmt"/>
      <line num="142" count="1" type="stmt"/>
      <line num="143" count="1" type="stmt"/>
      <line num="147" count="9" type="stmt"/>
      <line num="148" count="3" type="cond" truecount="2" falsecount="0"/>
      <line num="149" count="2" type="stmt"/>
      <line num="150" count="2" type="stmt"/>
      <line num="153" count="1" type="stmt"/>
      <line num="154" count="1" type="stmt"/>
      <line num="158" count="9" type="stmt"/>
      <line num="159" count="3" type="stmt"/>
      <line num="160" count="3" type="stmt"/>
      <line num="163" count="9" type="stmt"/>
      <line num="164" count="3" type="cond" truecount="2" falsecount="0"/>
      <line num="165" count="2" type="stmt"/>
      <line num="167" count="3" type="stmt"/>
      <line num="170" count="9" type="stmt"/>
      <line num="171" count="3" type="cond" truecount="2" falsecount="0"/>
      <line num="172" count="2" type="stmt"/>
      <line num="173" count="2" type="stmt"/>
      <line num="176" count="1" type="stmt"/>
      <line num="180" count="9" type="stmt"/>
      <line num="181" count="3" type="cond" truecount="2" falsecount="0"/>
      <line num="182" count="2" type="cond" truecount="2" falsecount="0"/>
      <line num="183" count="1" type="stmt"/>
      <line num="184" count="1" type="stmt"/>
      <line num="187" count="1" type="stmt"/>
      <line num="188" count="1" type="stmt"/>
      <line num="192" count="1" type="stmt"/>
      <line num="196" count="9" type="stmt"/>
      <line num="197" count="3" type="cond" truecount="2" falsecount="0"/>
      <line num="198" count="1" type="stmt"/>
      <line num="199" count="1" type="stmt"/>
      <line num="202" count="2" type="stmt"/>
      <line num="206" count="9" type="stmt"/>
      <line num="207" count="3" type="cond" truecount="2" falsecount="0"/>
      <line num="208" count="1" type="stmt"/>
      <line num="209" count="1" type="stmt"/>
      <line num="212" count="2" type="stmt"/>
      <line num="216" count="9" type="stmt"/>
      <line num="217" count="3" type="stmt"/>
      <line num="218" count="3" type="stmt"/>
      <line num="221" count="9" type="stmt"/>
      <line num="222" count="3" type="stmt"/>
      <line num="223" count="3" type="stmt"/>
      <line num="226" count="9" type="stmt"/>
      <line num="227" count="6" type="cond" truecount="2" falsecount="0"/>
      <line num="228" count="3" type="stmt"/>
      <line num="231" count="3" type="cond" truecount="2" falsecount="0"/>
      <line num="232" count="2" type="stmt"/>
      <line num="233" count="2" type="stmt"/>
      <line num="236" count="1" type="stmt"/>
      <line num="237" count="1" type="stmt"/>
      <line num="263" count="9" type="stmt"/>
      <line num="264" count="10" type="stmt"/>
      <line num="265" count="10" type="stmt"/>
      <line num="266" count="10" type="stmt"/>
      <line num="267" count="10" type="stmt"/>
      <line num="274" count="10" type="cond" truecount="2" falsecount="0"/>
      <line num="275" count="9" type="stmt"/>
      <line num="276" count="9" type="stmt"/>
      <line num="277" count="9" type="cond" truecount="2" falsecount="0"/>
      <line num="278" count="7" type="stmt"/>
      <line num="281" count="2" type="stmt"/>
      <line num="283" count="9" type="stmt"/>
      <line num="284" count="9" type="stmt"/>
      <line num="288" count="1" type="stmt"/>
      <line num="289" count="1" type="stmt"/>
      <line num="329" count="9" type="stmt"/>
      <line num="330" count="8" type="stmt"/>
      <line num="331" count="8" type="stmt"/>
      <line num="332" count="8" type="stmt"/>
      <line num="333" count="8" type="stmt"/>
      <line num="334" count="8" type="stmt"/>
      <line num="335" count="8" type="stmt"/>
      <line num="342" count="8" type="cond" truecount="2" falsecount="0"/>
      <line num="348" count="1" type="stmt"/>
      <line num="349" count="1" type="stmt"/>
      <line num="351" count="7" type="cond" truecount="2" falsecount="0"/>
      <line num="357" count="1" type="stmt"/>
      <line num="358" count="1" type="stmt"/>
      <line num="360" count="6" type="stmt"/>
      <line num="361" count="6" type="cond" truecount="2" falsecount="0"/>
      <line num="367" count="1" type="stmt"/>
      <line num="368" count="1" type="stmt"/>
      <line num="370" count="5" type="cond" truecount="4" falsecount="0"/>
      <line num="376" count="2" type="stmt"/>
      <line num="377" count="2" type="stmt"/>
      <line num="379" count="3" type="stmt"/>
      <line num="380" count="3" type="cond" truecount="2" falsecount="0"/>
      <line num="386" count="1" type="stmt"/>
      <line num="387" count="1" type="stmt"/>
      <line num="390" count="2" type="stmt"/>
      <line num="391" count="2" type="stmt"/>
      <line num="398" count="2" type="stmt"/>
      <line num="399" count="2" type="stmt"/>
      <line num="446" count="9" type="stmt"/>
      <line num="447" count="3" type="stmt"/>
      <line num="448" count="3" type="stmt"/>
      <line num="449" count="3" type="stmt"/>
      <line num="450" count="3" type="cond" truecount="2" falsecount="0"/>
      <line num="451" count="2" type="cond" truecount="5" falsecount="0"/>
      <line num="452" count="1" type="stmt"/>
      <line num="453" count="1" type="stmt"/>
      <line num="455" count="1" type="stmt"/>
      <line num="456" count="1" type="stmt"/>
      <line num="463" count="1" type="stmt"/>
      <line num="464" count="1" type="stmt"/>
      <line num="465" count="1" type="stmt"/>
      <line num="469" count="1" type="stmt"/>
      <line num="470" count="1" type="stmt"/>
      <line num="494" count="9" type="stmt"/>
      <line num="495" count="3" type="stmt"/>
      <line num="496" count="3" type="stmt"/>
      <line num="497" count="3" type="cond" truecount="2" falsecount="0"/>
      <line num="498" count="2" type="cond" truecount="2" falsecount="0"/>
      <line num="499" count="1" type="stmt"/>
      <line num="500" count="1" type="stmt"/>
      <line num="502" count="1" type="stmt"/>
      <line num="509" count="1" type="stmt"/>
      <line num="510" count="1" type="stmt"/>
      <line num="514" count="1" type="stmt"/>
      <line num="515" count="1" type="stmt"/>
      <line num="531" count="9" type="stmt"/>
      <line num="532" count="1" type="stmt"/>
      <line num="533" count="1" type="stmt"/>
      <line num="540" count="1" type="stmt"/>
      <line num="541" count="1" type="stmt"/>
      <line num="542" count="1" type="stmt"/>
      <line num="562" count="9" type="stmt"/>
      <line num="563" count="1" type="stmt"/>
      <line num="564" count="1" type="stmt"/>
      <line num="565" count="1" type="stmt"/>
      <line num="572" count="1" type="stmt"/>
      <line num="573" count="1" type="stmt"/>
      <line num="574" count="1" type="stmt"/>
      <line num="622" count="9" type="stmt"/>
      <line num="623" count="3" type="stmt"/>
      <line num="624" count="3" type="stmt"/>
      <line num="625" count="3" type="stmt"/>
      <line num="626" count="3" type="stmt"/>
      <line num="627" count="3" type="cond" truecount="2" falsecount="0"/>
      <line num="628" count="2" type="cond" truecount="6" falsecount="0"/>
      <line num="629" count="1" type="stmt"/>
      <line num="630" count="1" type="stmt"/>
      <line num="632" count="1" type="stmt"/>
      <line num="633" count="1" type="stmt"/>
      <line num="640" count="1" type="stmt"/>
      <line num="641" count="1" type="stmt"/>
      <line num="642" count="1" type="stmt"/>
      <line num="646" count="1" type="stmt"/>
      <line num="671" count="9" type="stmt"/>
      <line num="672" count="3" type="stmt"/>
      <line num="673" count="3" type="cond" truecount="2" falsecount="0"/>
      <line num="674" count="2" type="cond" truecount="2" falsecount="0"/>
      <line num="675" count="1" type="stmt"/>
      <line num="676" count="1" type="stmt"/>
      <line num="678" count="1" type="stmt"/>
      <line num="679" count="1" type="stmt"/>
      <line num="686" count="1" type="stmt"/>
      <line num="687" count="1" type="stmt"/>
      <line num="691" count="1" type="stmt"/>
      <line num="721" count="9" type="stmt"/>
      <line num="722" count="3" type="stmt"/>
      <line num="723" count="3" type="stmt"/>
      <line num="724" count="3" type="cond" truecount="2" falsecount="0"/>
      <line num="725" count="2" type="cond" truecount="4" falsecount="0"/>
      <line num="726" count="1" type="stmt"/>
      <line num="727" count="1" type="stmt"/>
      <line num="729" count="1" type="stmt"/>
      <line num="730" count="1" type="stmt"/>
      <line num="737" count="1" type="stmt"/>
      <line num="738" count="1" type="stmt"/>
      <line num="742" count="1" type="stmt"/>
      <line num="743" count="1" type="stmt"/>
      <line num="773" count="9" type="stmt"/>
      <line num="774" count="3" type="stmt"/>
      <line num="775" count="3" type="stmt"/>
      <line num="776" count="3" type="cond" truecount="2" falsecount="0"/>
      <line num="777" count="2" type="cond" truecount="4" falsecount="0"/>
      <line num="778" count="1" type="stmt"/>
      <line num="779" count="1" type="stmt"/>
      <line num="781" count="1" type="stmt"/>
      <line num="782" count="1" type="stmt"/>
      <line num="789" count="1" type="stmt"/>
      <line num="790" count="1" type="stmt"/>
      <line num="794" count="1" type="stmt"/>
      <line num="795" count="1" type="stmt"/>
      <line num="811" count="9" type="stmt"/>
      <line num="812" count="1" type="stmt"/>
      <line num="813" count="1" type="stmt"/>
      <line num="820" count="1" type="stmt"/>
      <line num="821" count="1" type="stmt"/>
      <line num="822" count="1" type="stmt"/>
      <line num="838" count="9" type="stmt"/>
      <line num="839" count="1" type="stmt"/>
      <line num="840" count="1" type="stmt"/>
      <line num="847" count="1" type="stmt"/>
      <line num="848" count="1" type="stmt"/>
      <line num="849" count="1" type="stmt"/>
      <line num="870" count="9" type="stmt"/>
      <line num="871" count="1" type="stmt"/>
      <line num="872" count="1" type="stmt"/>
      <line num="873" count="1" type="stmt"/>
      <line num="880" count="1" type="stmt"/>
      <line num="881" count="1" type="stmt"/>
      <line num="882" count="1" type="stmt"/>
      <line num="898" count="9" type="stmt"/>
      <line num="899" count="1" type="stmt"/>
      <line num="900" count="1" type="stmt"/>
      <line num="907" count="1" type="stmt"/>
      <line num="908" count="1" type="stmt"/>
      <line num="909" count="1" type="stmt"/>
      <line num="930" count="9" type="stmt"/>
      <line num="931" count="2" type="stmt"/>
      <line num="932" count="2" type="stmt"/>
      <line num="933" count="2" type="stmt"/>
      <line num="940" count="2" type="stmt"/>
      <line num="941" count="2" type="stmt"/>
      <line num="942" count="2" type="stmt"/>
      <line num="987" count="9" type="stmt"/>
      <line num="988" count="3" type="stmt"/>
      <line num="989" count="3" type="stmt"/>
      <line num="990" count="3" type="stmt"/>
      <line num="991" count="3" type="stmt"/>
      <line num="992" count="3" type="cond" truecount="2" falsecount="0"/>
      <line num="993" count="2" type="cond" truecount="6" falsecount="0"/>
      <line num="994" count="1" type="stmt"/>
      <line num="995" count="1" type="stmt"/>
      <line num="997" count="1" type="stmt"/>
      <line num="998" count="1" type="stmt"/>
      <line num="1005" count="1" type="stmt"/>
      <line num="1006" count="1" type="stmt"/>
      <line num="1007" count="1" type="stmt"/>
      <line num="1011" count="1" type="stmt"/>
      <line num="1036" count="9" type="stmt"/>
      <line num="1037" count="3" type="stmt"/>
      <line num="1038" count="3" type="cond" truecount="2" falsecount="0"/>
      <line num="1039" count="2" type="cond" truecount="2" falsecount="0"/>
      <line num="1040" count="1" type="stmt"/>
      <line num="1041" count="1" type="stmt"/>
      <line num="1043" count="1" type="stmt"/>
      <line num="1044" count="1" type="stmt"/>
      <line num="1051" count="1" type="stmt"/>
      <line num="1052" count="1" type="stmt"/>
      <line num="1056" count="1" type="stmt"/>
      <line num="1085" count="9" type="stmt"/>
      <line num="1086" count="3" type="stmt"/>
      <line num="1087" count="3" type="stmt"/>
      <line num="1088" count="3" type="cond" truecount="2" falsecount="0"/>
      <line num="1089" count="2" type="cond" truecount="4" falsecount="0"/>
      <line num="1090" count="1" type="stmt"/>
      <line num="1091" count="1" type="stmt"/>
      <line num="1093" count="1" type="stmt"/>
      <line num="1094" count="1" type="stmt"/>
      <line num="1101" count="1" type="stmt"/>
      <line num="1102" count="1" type="stmt"/>
      <line num="1106" count="1" type="stmt"/>
      <line num="1135" count="9" type="stmt"/>
      <line num="1136" count="3" type="stmt"/>
      <line num="1137" count="3" type="stmt"/>
      <line num="1138" count="3" type="cond" truecount="2" falsecount="0"/>
      <line num="1139" count="2" type="cond" truecount="4" falsecount="0"/>
      <line num="1140" count="1" type="stmt"/>
      <line num="1141" count="1" type="stmt"/>
      <line num="1143" count="1" type="stmt"/>
      <line num="1144" count="1" type="stmt"/>
      <line num="1151" count="1" type="stmt"/>
      <line num="1152" count="1" type="stmt"/>
      <line num="1156" count="1" type="stmt"/>
      <line num="1172" count="9" type="stmt"/>
      <line num="1173" count="1" type="stmt"/>
      <line num="1174" count="1" type="stmt"/>
      <line num="1181" count="1" type="stmt"/>
      <line num="1182" count="1" type="stmt"/>
      <line num="1183" count="1" type="stmt"/>
      <line num="1204" count="9" type="stmt"/>
      <line num="1205" count="1" type="stmt"/>
      <line num="1206" count="1" type="stmt"/>
      <line num="1207" count="1" type="stmt"/>
      <line num="1214" count="1" type="stmt"/>
      <line num="1215" count="1" type="stmt"/>
      <line num="1216" count="1" type="stmt"/>
      <line num="1237" count="9" type="stmt"/>
      <line num="1238" count="1" type="stmt"/>
      <line num="1239" count="1" type="stmt"/>
      <line num="1240" count="1" type="stmt"/>
      <line num="1247" count="1" type="stmt"/>
      <line num="1248" count="1" type="stmt"/>
      <line num="1249" count="1" type="stmt"/>
      <line num="1270" count="9" type="stmt"/>
      <line num="1271" count="2" type="stmt"/>
      <line num="1272" count="2" type="stmt"/>
      <line num="1273" count="2" type="stmt"/>
      <line num="1280" count="2" type="stmt"/>
      <line num="1281" count="2" type="stmt"/>
      <line num="1282" count="2" type="stmt"/>
      <line num="1327" count="9" type="stmt"/>
      <line num="1328" count="3" type="stmt"/>
      <line num="1329" count="3" type="stmt"/>
      <line num="1330" count="3" type="stmt"/>
      <line num="1331" count="3" type="stmt"/>
      <line num="1332" count="3" type="cond" truecount="6" falsecount="0"/>
      <line num="1333" count="1" type="stmt"/>
      <line num="1334" count="1" type="stmt"/>
      <line num="1336" count="2" type="cond" truecount="2" falsecount="0"/>
      <line num="1337" count="1" type="stmt"/>
      <line num="1338" count="1" type="stmt"/>
      <line num="1345" count="1" type="stmt"/>
      <line num="1346" count="1" type="stmt"/>
      <line num="1347" count="1" type="stmt"/>
      <line num="1351" count="1" type="stmt"/>
      <line num="1352" count="1" type="stmt"/>
      <line num="1374" count="9" type="stmt"/>
      <line num="1375" count="2" type="stmt"/>
      <line num="1376" count="2" type="cond" truecount="2" falsecount="0"/>
      <line num="1377" count="1" type="stmt"/>
      <line num="1378" count="1" type="stmt"/>
      <line num="1380" count="1" type="stmt"/>
      <line num="1381" count="1" type="stmt"/>
      <line num="1388" count="1" type="stmt"/>
      <line num="1389" count="1" type="stmt"/>
      <line num="1416" count="9" type="stmt"/>
      <line num="1417" count="2" type="stmt"/>
      <line num="1418" count="2" type="stmt"/>
      <line num="1419" count="2" type="cond" truecount="4" falsecount="0"/>
      <line num="1420" count="1" type="stmt"/>
      <line num="1421" count="1" type="stmt"/>
      <line num="1423" count="1" type="stmt"/>
      <line num="1424" count="1" type="stmt"/>
      <line num="1431" count="1" type="stmt"/>
      <line num="1432" count="1" type="stmt"/>
      <line num="1460" count="9" type="stmt"/>
      <line num="1461" count="2" type="stmt"/>
      <line num="1462" count="2" type="stmt"/>
      <line num="1463" count="2" type="cond" truecount="4" falsecount="0"/>
      <line num="1464" count="1" type="stmt"/>
      <line num="1465" count="1" type="stmt"/>
      <line num="1467" count="1" type="stmt"/>
      <line num="1468" count="1" type="stmt"/>
      <line num="1475" count="1" type="stmt"/>
      <line num="1476" count="1" type="stmt"/>
      <line num="1492" count="9" type="stmt"/>
      <line num="1493" count="1" type="stmt"/>
      <line num="1494" count="1" type="stmt"/>
      <line num="1501" count="1" type="stmt"/>
      <line num="1502" count="1" type="stmt"/>
      <line num="1503" count="1" type="stmt"/>
      <line num="1519" count="9" type="stmt"/>
      <line num="1520" count="1" type="stmt"/>
      <line num="1521" count="1" type="stmt"/>
      <line num="1528" count="1" type="stmt"/>
      <line num="1529" count="1" type="stmt"/>
      <line num="1530" count="1" type="stmt"/>
      <line num="1551" count="9" type="stmt"/>
      <line num="1552" count="1" type="stmt"/>
      <line num="1553" count="1" type="stmt"/>
      <line num="1554" count="1" type="stmt"/>
      <line num="1561" count="1" type="stmt"/>
      <line num="1562" count="1" type="stmt"/>
      <line num="1563" count="1" type="stmt"/>
      <line num="1584" count="9" type="stmt"/>
      <line num="1585" count="1" type="stmt"/>
      <line num="1586" count="1" type="stmt"/>
      <line num="1587" count="1" type="stmt"/>
      <line num="1594" count="1" type="stmt"/>
      <line num="1595" count="1" type="stmt"/>
      <line num="1596" count="1" type="stmt"/>
      <line num="1617" count="9" type="stmt"/>
      <line num="1618" count="1" type="stmt"/>
      <line num="1619" count="1" type="stmt"/>
      <line num="1620" count="1" type="stmt"/>
      <line num="1627" count="1" type="stmt"/>
      <line num="1628" count="1" type="stmt"/>
      <line num="1629" count="1" type="stmt"/>
      <line num="1650" count="9" type="stmt"/>
      <line num="1651" count="1" type="stmt"/>
      <line num="1652" count="1" type="stmt"/>
      <line num="1653" count="1" type="stmt"/>
      <line num="1660" count="1" type="stmt"/>
      <line num="1661" count="1" type="stmt"/>
      <line num="1662" count="1" type="stmt"/>
      <line num="1683" count="9" type="stmt"/>
      <line num="1684" count="1" type="stmt"/>
      <line num="1685" count="1" type="stmt"/>
      <line num="1686" count="1" type="stmt"/>
      <line num="1693" count="1" type="stmt"/>
      <line num="1694" count="1" type="stmt"/>
      <line num="1695" count="1" type="stmt"/>
      <line num="1722" count="9" type="stmt"/>
      <line num="1723" count="3" type="stmt"/>
      <line num="1724" count="3" type="cond" truecount="4" falsecount="0"/>
      <line num="1725" count="2" type="stmt"/>
      <line num="1726" count="2" type="stmt"/>
      <line num="1727" count="2" type="stmt"/>
      <line num="1739" count="2" type="stmt"/>
      <line num="1740" count="2" type="stmt"/>
      <line num="1744" count="1" type="stmt"/>
      <line num="1745" count="1" type="stmt"/>
      <line num="1756" count="9" type="stmt"/>
      <line num="1758" count="2" type="stmt"/>
      <line num="1784" count="9" type="stmt"/>
      <line num="1786" count="2" type="stmt"/>
      <line num="1787" count="2" type="cond" truecount="2" falsecount="0"/>
      <line num="1788" count="1" type="stmt"/>
      <line num="1789" count="1" type="stmt"/>
      <line num="1790" count="1" type="stmt"/>
      <line num="1797" count="1" type="stmt"/>
      <line num="1798" count="1" type="stmt"/>
      <line num="1802" count="1" type="stmt"/>
      <line num="1803" count="1" type="stmt"/>
      <line num="1838" count="9" type="stmt"/>
      <line num="1839" count="3" type="stmt"/>
      <line num="1840" count="3" type="cond" truecount="4" falsecount="0"/>
      <line num="1841" count="2" type="stmt"/>
      <line num="1842" count="2" type="stmt"/>
      <line num="1843" count="2" type="stmt"/>
      <line num="1844" count="2" type="stmt"/>
      <line num="1845" count="2" type="stmt"/>
      <line num="1877" count="1" type="stmt"/>
      <line num="1878" count="1" type="stmt"/>
      <line num="1907" count="9" type="stmt"/>
      <line num="1908" count="3" type="stmt"/>
      <line num="1909" count="3" type="cond" truecount="4" falsecount="0"/>
      <line num="1910" count="2" type="stmt"/>
      <line num="1911" count="2" type="stmt"/>
      <line num="1912" count="2" type="stmt"/>
      <line num="1913" count="2" type="stmt"/>
      <line num="1925" count="2" type="stmt"/>
      <line num="1926" count="2" type="stmt"/>
      <line num="1930" count="1" type="stmt"/>
      <line num="1931" count="1" type="stmt"/>
      <line num="1960" count="9" type="stmt"/>
      <line num="1961" count="3" type="stmt"/>
      <line num="1962" count="3" type="cond" truecount="4" falsecount="0"/>
      <line num="1963" count="2" type="stmt"/>
      <line num="1964" count="2" type="stmt"/>
      <line num="1965" count="2" type="stmt"/>
      <line num="1966" count="2" type="stmt"/>
      <line num="1978" count="2" type="stmt"/>
      <line num="1979" count="2" type="stmt"/>
      <line num="1983" count="1" type="stmt"/>
      <line num="1984" count="1" type="stmt"/>
      <line num="2013" count="9" type="stmt"/>
      <line num="2014" count="3" type="stmt"/>
      <line num="2015" count="3" type="cond" truecount="4" falsecount="0"/>
      <line num="2016" count="2" type="stmt"/>
      <line num="2017" count="2" type="stmt"/>
      <line num="2018" count="2" type="stmt"/>
      <line num="2019" count="2" type="stmt"/>
      <line num="2031" count="2" type="stmt"/>
      <line num="2032" count="2" type="stmt"/>
      <line num="2036" count="1" type="stmt"/>
      <line num="2065" count="9" type="stmt"/>
      <line num="2066" count="3" type="stmt"/>
      <line num="2067" count="3" type="stmt"/>
      <line num="2068" count="3" type="cond" truecount="2" falsecount="0"/>
      <line num="2069" count="1" type="stmt"/>
      <line num="2070" count="1" type="stmt"/>
      <line num="2072" count="2" type="cond" truecount="2" falsecount="0"/>
      <line num="2073" count="1" type="stmt"/>
      <line num="2074" count="1" type="stmt"/>
      <line num="2076" count="1" type="stmt"/>
      <line num="2077" count="1" type="stmt"/>
      <line num="2084" count="1" type="stmt"/>
      <line num="2085" count="1" type="stmt"/>
      <line num="2114" count="9" type="stmt"/>
      <line num="2115" count="3" type="stmt"/>
      <line num="2116" count="3" type="stmt"/>
      <line num="2117" count="3" type="cond" truecount="2" falsecount="0"/>
      <line num="2118" count="1" type="stmt"/>
      <line num="2119" count="1" type="stmt"/>
      <line num="2121" count="2" type="cond" truecount="2" falsecount="0"/>
      <line num="2122" count="1" type="stmt"/>
      <line num="2123" count="1" type="stmt"/>
      <line num="2125" count="1" type="stmt"/>
      <line num="2126" count="1" type="stmt"/>
      <line num="2133" count="1" type="stmt"/>
      <line num="2134" count="1" type="stmt"/>
      <line num="2163" count="9" type="stmt"/>
      <line num="2164" count="3" type="stmt"/>
      <line num="2165" count="3" type="stmt"/>
      <line num="2166" count="3" type="cond" truecount="2" falsecount="0"/>
      <line num="2167" count="1" type="stmt"/>
      <line num="2168" count="1" type="stmt"/>
      <line num="2170" count="2" type="cond" truecount="2" falsecount="0"/>
      <line num="2171" count="1" type="stmt"/>
      <line num="2172" count="1" type="stmt"/>
      <line num="2174" count="1" type="stmt"/>
      <line num="2175" count="1" type="stmt"/>
      <line num="2182" count="1" type="stmt"/>
      <line num="2183" count="1" type="stmt"/>
      <line num="2212" count="9" type="stmt"/>
      <line num="2213" count="3" type="stmt"/>
      <line num="2214" count="3" type="stmt"/>
      <line num="2215" count="3" type="cond" truecount="2" falsecount="0"/>
      <line num="2216" count="1" type="stmt"/>
      <line num="2217" count="1" type="stmt"/>
      <line num="2219" count="2" type="cond" truecount="2" falsecount="0"/>
      <line num="2220" count="1" type="stmt"/>
      <line num="2221" count="1" type="stmt"/>
      <line num="2223" count="1" type="stmt"/>
      <line num="2224" count="1" type="stmt"/>
      <line num="2231" count="1" type="stmt"/>
      <line num="2232" count="1" type="stmt"/>
      <line num="2255" count="9" type="stmt"/>
      <line num="2256" count="3" type="stmt"/>
      <line num="2257" count="3" type="cond" truecount="4" falsecount="0"/>
      <line num="2258" count="2" type="stmt"/>
      <line num="2259" count="2" type="stmt"/>
      <line num="2260" count="2" type="stmt"/>
      <line num="2267" count="2" type="stmt"/>
      <line num="2268" count="2" type="stmt"/>
      <line num="2269" count="2" type="stmt"/>
      <line num="2273" count="1" type="stmt"/>
      <line num="2274" count="1" type="stmt"/>
      <line num="2290" count="9" type="stmt"/>
      <line num="2291" count="2" type="stmt"/>
      <line num="2292" count="2" type="cond" truecount="2" falsecount="0"/>
      <line num="2293" count="1" type="stmt"/>
      <line num="2294" count="1" type="stmt"/>
      <line num="2301" count="1" type="stmt"/>
      <line num="2302" count="1" type="stmt"/>
      <line num="2306" count="1" type="stmt"/>
      <line num="2307" count="1" type="stmt"/>
      <line num="2330" count="9" type="stmt"/>
      <line num="2331" count="3" type="cond" truecount="2" falsecount="0"/>
      <line num="2332" count="2" type="stmt"/>
      <line num="2333" count="2" type="stmt"/>
      <line num="2334" count="2" type="stmt"/>
      <line num="2341" count="2" type="stmt"/>
      <line num="2342" count="2" type="stmt"/>
      <line num="2343" count="2" type="stmt"/>
      <line num="2347" count="1" type="stmt"/>
      <line num="2348" count="1" type="stmt"/>
      <line num="2375" count="9" type="stmt"/>
      <line num="2376" count="2" type="cond" truecount="2" falsecount="0"/>
      <line num="2377" count="1" type="stmt"/>
      <line num="2378" count="1" type="stmt"/>
      <line num="2379" count="1" type="stmt"/>
      <line num="2380" count="1" type="stmt"/>
      <line num="2387" count="1" type="stmt"/>
      <line num="2388" count="1" type="stmt"/>
      <line num="2389" count="1" type="stmt"/>
      <line num="2393" count="1" type="stmt"/>
      <line num="2394" count="1" type="stmt"/>
      <line num="2417" count="9" type="stmt"/>
      <line num="2418" count="2" type="cond" truecount="2" falsecount="0"/>
      <line num="2419" count="1" type="stmt"/>
      <line num="2420" count="1" type="stmt"/>
      <line num="2421" count="1" type="stmt"/>
      <line num="2428" count="1" type="stmt"/>
      <line num="2429" count="1" type="stmt"/>
      <line num="2430" count="1" type="stmt"/>
      <line num="2434" count="1" type="stmt"/>
      <line num="2435" count="1" type="stmt"/>
      <line num="2462" count="9" type="stmt"/>
      <line num="2463" count="3" type="cond" truecount="2" falsecount="0"/>
      <line num="2464" count="2" type="stmt"/>
      <line num="2465" count="2" type="stmt"/>
      <line num="2466" count="2" type="stmt"/>
      <line num="2467" count="2" type="stmt"/>
      <line num="2474" count="2" type="stmt"/>
      <line num="2475" count="2" type="stmt"/>
      <line num="2479" count="1" type="stmt"/>
      <line num="2480" count="1" type="stmt"/>
      <line num="2531" count="9" type="stmt"/>
      <line num="2532" count="4" type="cond" truecount="2" falsecount="0"/>
      <line num="2533" count="3" type="stmt"/>
      <line num="2534" count="3" type="stmt"/>
      <line num="2535" count="3" type="stmt"/>
      <line num="2536" count="3" type="stmt"/>
      <line num="2537" count="3" type="stmt"/>
      <line num="2538" count="3" type="cond" truecount="4" falsecount="0"/>
      <line num="2539" count="1" type="stmt"/>
      <line num="2540" count="1" type="stmt"/>
      <line num="2542" count="2" type="stmt"/>
      <line num="2543" count="2" type="stmt"/>
      <line num="2550" count="2" type="stmt"/>
      <line num="2556" count="2" type="stmt"/>
      <line num="2557" count="2" type="stmt"/>
      <line num="2561" count="1" type="stmt"/>
      <line num="2562" count="1" type="stmt"/>
      <line num="2594" count="9" type="stmt"/>
      <line num="2595" count="6" type="cond" truecount="2" falsecount="0"/>
      <line num="2596" count="5" type="stmt"/>
      <line num="2597" count="5" type="cond" truecount="4" falsecount="0"/>
      <line num="2598" count="4" type="stmt"/>
      <line num="2599" count="4" type="cond" truecount="2" falsecount="0"/>
      <line num="2600" count="2" type="stmt"/>
      <line num="2601" count="2" type="stmt"/>
      <line num="2603" count="2" type="stmt"/>
      <line num="2604" count="2" type="stmt"/>
      <line num="2616" count="2" type="stmt"/>
      <line num="2617" count="2" type="stmt"/>
      <line num="2618" count="2" type="stmt"/>
      <line num="2622" count="1" type="stmt"/>
      <line num="2623" count="1" type="stmt"/>
      <line num="2627" count="1" type="stmt"/>
      <line num="2628" count="1" type="stmt"/>
      <line num="2649" count="9" type="stmt"/>
      <line num="2650" count="2" type="stmt"/>
      <line num="2651" count="2" type="stmt"/>
      <line num="2652" count="2" type="stmt"/>
      <line num="2659" count="2" type="stmt"/>
      <line num="2660" count="2" type="stmt"/>
      <line num="2661" count="2" type="stmt"/>
      <line num="2682" count="9" type="stmt"/>
      <line num="2683" count="1" type="stmt"/>
      <line num="2684" count="1" type="stmt"/>
      <line num="2685" count="1" type="stmt"/>
      <line num="2692" count="1" type="stmt"/>
      <line num="2693" count="1" type="stmt"/>
      <line num="2709" count="9" type="stmt"/>
      <line num="2710" count="1" type="stmt"/>
      <line num="2711" count="1" type="stmt"/>
      <line num="2718" count="1" type="stmt"/>
      <line num="2719" count="1" type="stmt"/>
      <line num="2756" count="9" type="stmt"/>
      <line num="2758" count="1" type="stmt"/>
      <line num="2775" count="9" type="stmt"/>
      <line num="2776" count="1" type="stmt"/>
      <line num="2777" count="1" type="stmt"/>
      <line num="2784" count="1" type="stmt"/>
      <line num="2785" count="1" type="stmt"/>
      <line num="2786" count="1" type="stmt"/>
      <line num="2800" count="9" type="stmt"/>
      <line num="2801" count="9" type="stmt"/>
    </file>
  </project>
</coverage>
